{"/workspaces/ToolBox/backend/src/converters/index.ts": {"path":"/workspaces/ToolBox/backend/src/converters/index.ts","statementMap":{"0":{"start":{"line":1,"column":0},"end":{"line":1,"column":58}},"1":{"start":{"line":3,"column":25},"end":{"line":6,"column":1}},"2":{"start":{"line":4,"column":19},"end":{"line":4,"column":36}},"3":{"start":{"line":5,"column":2},"end":{"line":5,"column":39}},"4":{"start":{"line":3,"column":13},"end":{"line":3,"column":25}},"5":{"start":{"line":8,"column":25},"end":{"line":12,"column":1}},"6":{"start":{"line":9,"column":15},"end":{"line":9,"column":35}},"7":{"start":{"line":10,"column":20},"end":{"line":10,"column":55}},"8":{"start":{"line":11,"column":2},"end":{"line":11,"column":32}},"9":{"start":{"line":8,"column":13},"end":{"line":8,"column":25}},"10":{"start":{"line":14,"column":24},"end":{"line":34,"column":1}},"11":{"start":{"line":15,"column":19},"end":{"line":15,"column":36}},"12":{"start":{"line":17,"column":12},"end":{"line":17,"column":62}},"13":{"start":{"line":18,"column":2},"end":{"line":30,"column":5}},"14":{"start":{"line":19,"column":4},"end":{"line":19,"column":26}},"15":{"start":{"line":20,"column":4},"end":{"line":28,"column":7}},"16":{"start":{"line":21,"column":27},"end":{"line":26,"column":32}},"17":{"start":{"line":27,"column":6},"end":{"line":27,"column":86}},"18":{"start":{"line":29,"column":4},"end":{"line":29,"column":27}},"19":{"start":{"line":31,"column":2},"end":{"line":31,"column":19}},"20":{"start":{"line":33,"column":2},"end":{"line":33,"column":13}},"21":{"start":{"line":14,"column":13},"end":{"line":14,"column":24}},"22":{"start":{"line":36,"column":24},"end":{"line":67,"column":1}},"23":{"start":{"line":38,"column":38},"end":{"line":38,"column":40}},"24":{"start":{"line":41,"column":22},"end":{"line":41,"column":54}},"25":{"start":{"line":44,"column":2},"end":{"line":60,"column":3}},"26":{"start":{"line":45,"column":19},"end":{"line":45,"column":27}},"27":{"start":{"line":46,"column":37},"end":{"line":46,"column":39}},"28":{"start":{"line":48,"column":25},"end":{"line":48,"column":56}},"29":{"start":{"line":51,"column":4},"end":{"line":55,"column":5}},"30":{"start":{"line":52,"column":18},"end":{"line":52,"column":33}},"31":{"start":{"line":53,"column":20},"end":{"line":53,"column":42}},"32":{"start":{"line":54,"column":6},"end":{"line":54,"column":23}},"33":{"start":{"line":57,"column":4},"end":{"line":59,"column":5}},"34":{"start":{"line":58,"column":6},"end":{"line":58,"column":21}},"35":{"start":{"line":62,"column":2},"end":{"line":64,"column":3}},"36":{"start":{"line":63,"column":4},"end":{"line":63,"column":47}},"37":{"start":{"line":66,"column":2},"end":{"line":66,"column":27}},"38":{"start":{"line":36,"column":13},"end":{"line":36,"column":24}},"39":{"start":{"line":69,"column":25},"end":{"line":81,"column":1}},"40":{"start":{"line":70,"column":19},"end":{"line":70,"column":36}},"41":{"start":{"line":72,"column":13},"end":{"line":72,"column":15}},"42":{"start":{"line":73,"column":2},"end":{"line":78,"column":5}},"43":{"start":{"line":74,"column":4},"end":{"line":74,"column":39}},"44":{"start":{"line":75,"column":4},"end":{"line":77,"column":7}},"45":{"start":{"line":76,"column":6},"end":{"line":76,"column":41}},"46":{"start":{"line":80,"column":2},"end":{"line":80,"column":14}},"47":{"start":{"line":69,"column":13},"end":{"line":69,"column":25}},"48":{"start":{"line":83,"column":25},"end":{"line":109,"column":1}},"49":{"start":{"line":85,"column":38},"end":{"line":85,"column":40}},"50":{"start":{"line":87,"column":16},"end":{"line":87,"column":36}},"51":{"start":{"line":88,"column":40},"end":{"line":88,"column":42}},"52":{"start":{"line":90,"column":2},"end":{"line":102,"column":5}},"53":{"start":{"line":91,"column":20},"end":{"line":91,"column":31}},"54":{"start":{"line":92,"column":4},"end":{"line":101,"column":5}},"55":{"start":{"line":94,"column":6},"end":{"line":96,"column":7}},"56":{"start":{"line":95,"column":8},"end":{"line":95,"column":30}},"57":{"start":{"line":97,"column":6},"end":{"line":97,"column":22}},"58":{"start":{"line":98,"column":11},"end":{"line":101,"column":5}},"59":{"start":{"line":99,"column":27},"end":{"line":99,"column":66}},"60":{"start":{"line":99,"column":57},"end":{"line":99,"column":65}},"61":{"start":{"line":100,"column":6},"end":{"line":100,"column":58}},"62":{"start":{"line":104,"column":2},"end":{"line":106,"column":3}},"63":{"start":{"line":105,"column":4},"end":{"line":105,"column":26}},"64":{"start":{"line":108,"column":2},"end":{"line":108,"column":27}},"65":{"start":{"line":83,"column":13},"end":{"line":83,"column":25}},"66":{"start":{"line":111,"column":25},"end":{"line":130,"column":1}},"67":{"start":{"line":112,"column":28},"end":{"line":112,"column":45}},"68":{"start":{"line":114,"column":13},"end":{"line":114,"column":78}},"69":{"start":{"line":115,"column":2},"end":{"line":117,"column":5}},"70":{"start":{"line":116,"column":4},"end":{"line":116,"column":45}},"71":{"start":{"line":118,"column":2},"end":{"line":118,"column":33}},"72":{"start":{"line":120,"column":2},"end":{"line":126,"column":5}},"73":{"start":{"line":121,"column":4},"end":{"line":121,"column":19}},"74":{"start":{"line":122,"column":4},"end":{"line":124,"column":7}},"75":{"start":{"line":123,"column":6},"end":{"line":123,"column":66}},"76":{"start":{"line":125,"column":4},"end":{"line":125,"column":20}},"77":{"start":{"line":128,"column":2},"end":{"line":128,"column":29}},"78":{"start":{"line":129,"column":2},"end":{"line":129,"column":14}},"79":{"start":{"line":111,"column":13},"end":{"line":111,"column":25}},"80":{"start":{"line":132,"column":25},"end":{"line":173,"column":1}},"81":{"start":{"line":134,"column":38},"end":{"line":134,"column":40}},"82":{"start":{"line":137,"column":18},"end":{"line":137,"column":47}},"83":{"start":{"line":138,"column":18},"end":{"line":138,"column":47}},"84":{"start":{"line":140,"column":17},"end":{"line":140,"column":21}},"85":{"start":{"line":141,"column":26},"end":{"line":141,"column":28}},"86":{"start":{"line":144,"column":2},"end":{"line":170,"column":3}},"87":{"start":{"line":145,"column":37},"end":{"line":145,"column":39}},"88":{"start":{"line":146,"column":22},"end":{"line":146,"column":24}},"89":{"start":{"line":150,"column":4},"end":{"line":150,"column":26}},"90":{"start":{"line":151,"column":4},"end":{"line":153,"column":5}},"91":{"start":{"line":152,"column":6},"end":{"line":152,"column":33}},"92":{"start":{"line":155,"column":4},"end":{"line":164,"column":7}},"93":{"start":{"line":156,"column":27},"end":{"line":156,"column":65}},"94":{"start":{"line":158,"column":6},"end":{"line":163,"column":7}},"95":{"start":{"line":159,"column":8},"end":{"line":159,"column":35}},"96":{"start":{"line":161,"column":23},"end":{"line":161,"column":58}},"97":{"start":{"line":162,"column":8},"end":{"line":162,"column":35}},"98":{"start":{"line":166,"column":4},"end":{"line":168,"column":5}},"99":{"start":{"line":167,"column":6},"end":{"line":167,"column":21}},"100":{"start":{"line":169,"column":4},"end":{"line":169,"column":21}},"101":{"start":{"line":172,"column":2},"end":{"line":172,"column":36}},"102":{"start":{"line":132,"column":13},"end":{"line":132,"column":25}},"103":{"start":{"line":175,"column":24},"end":{"line":185,"column":1}},"104":{"start":{"line":176,"column":28},"end":{"line":176,"column":45}},"105":{"start":{"line":178,"column":12},"end":{"line":178,"column":37}},"106":{"start":{"line":179,"column":2},"end":{"line":182,"column":5}},"107":{"start":{"line":180,"column":19},"end":{"line":180,"column":69}},"108":{"start":{"line":180,"column":43},"end":{"line":180,"column":68}},"109":{"start":{"line":181,"column":4},"end":{"line":181,"column":36}},"110":{"start":{"line":184,"column":2},"end":{"line":184,"column":20}},"111":{"start":{"line":175,"column":13},"end":{"line":175,"column":24}},"112":{"start":{"line":187,"column":24},"end":{"line":208,"column":1}},"113":{"start":{"line":189,"column":16},"end":{"line":189,"column":35}},"114":{"start":{"line":190,"column":38},"end":{"line":190,"column":40}},"115":{"start":{"line":192,"column":2},"end":{"line":194,"column":3}},"116":{"start":{"line":193,"column":4},"end":{"line":193,"column":14}},"117":{"start":{"line":196,"column":18},"end":{"line":196,"column":38}},"118":{"start":{"line":198,"column":2},"end":{"line":205,"column":3}},"119":{"start":{"line":198,"column":15},"end":{"line":198,"column":16}},"120":{"start":{"line":199,"column":19},"end":{"line":199,"column":39}},"121":{"start":{"line":200,"column":37},"end":{"line":200,"column":39}},"122":{"start":{"line":201,"column":4},"end":{"line":203,"column":7}},"123":{"start":{"line":202,"column":6},"end":{"line":202,"column":40}},"124":{"start":{"line":204,"column":4},"end":{"line":204,"column":19}},"125":{"start":{"line":207,"column":2},"end":{"line":207,"column":27}},"126":{"start":{"line":187,"column":13},"end":{"line":187,"column":24}},"127":{"start":{"line":210,"column":24},"end":{"line":239,"column":1}},"128":{"start":{"line":211,"column":19},"end":{"line":211,"column":36}},"129":{"start":{"line":214,"column":12},"end":{"line":216,"column":14}},"130":{"start":{"line":218,"column":2},"end":{"line":232,"column":5}},"131":{"start":{"line":219,"column":16},"end":{"line":219,"column":39}},"132":{"start":{"line":220,"column":16},"end":{"line":220,"column":51}},"133":{"start":{"line":221,"column":17},"end":{"line":221,"column":39}},"134":{"start":{"line":223,"column":4},"end":{"line":231,"column":5}},"135":{"start":{"line":224,"column":6},"end":{"line":230,"column":18}},"136":{"start":{"line":234,"column":2},"end":{"line":236,"column":8}},"137":{"start":{"line":238,"column":2},"end":{"line":238,"column":13}},"138":{"start":{"line":210,"column":13},"end":{"line":210,"column":24}},"139":{"start":{"line":241,"column":24},"end":{"line":266,"column":1}},"140":{"start":{"line":242,"column":38},"end":{"line":242,"column":40}},"141":{"start":{"line":245,"column":25},"end":{"line":245,"column":63}},"142":{"start":{"line":246,"column":20},"end":{"line":246,"column":42}},"143":{"start":{"line":247,"column":21},"end":{"line":247,"column":57}},"144":{"start":{"line":250,"column":2},"end":{"line":263,"column":3}},"145":{"start":{"line":251,"column":22},"end":{"line":251,"column":30}},"146":{"start":{"line":252,"column":22},"end":{"line":252,"column":47}},"147":{"start":{"line":253,"column":23},"end":{"line":253,"column":49}},"148":{"start":{"line":255,"column":4},"end":{"line":262,"column":5}},"149":{"start":{"line":256,"column":25},"end":{"line":256,"column":49}},"150":{"start":{"line":257,"column":6},"end":{"line":261,"column":9}},"151":{"start":{"line":265,"column":2},"end":{"line":265,"column":27}},"152":{"start":{"line":241,"column":13},"end":{"line":241,"column":24}},"153":{"start":{"line":268,"column":24},"end":{"line":280,"column":1}},"154":{"start":{"line":269,"column":28},"end":{"line":269,"column":45}},"155":{"start":{"line":271,"column":12},"end":{"line":271,"column":38}},"156":{"start":{"line":272,"column":2},"end":{"line":272,"column":55}},"157":{"start":{"line":274,"column":2},"end":{"line":277,"column":5}},"158":{"start":{"line":275,"column":19},"end":{"line":275,"column":69}},"159":{"start":{"line":275,"column":43},"end":{"line":275,"column":68}},"160":{"start":{"line":276,"column":4},"end":{"line":276,"column":37}},"161":{"start":{"line":279,"column":2},"end":{"line":279,"column":13}},"162":{"start":{"line":268,"column":13},"end":{"line":268,"column":24}},"163":{"start":{"line":282,"column":24},"end":{"line":308,"column":1}},"164":{"start":{"line":283,"column":16},"end":{"line":283,"column":65}},"165":{"start":{"line":283,"column":53},"end":{"line":283,"column":64}},"166":{"start":{"line":285,"column":2},"end":{"line":287,"column":3}},"167":{"start":{"line":286,"column":4},"end":{"line":286,"column":14}},"168":{"start":{"line":290,"column":20},"end":{"line":290,"column":28}},"169":{"start":{"line":291,"column":18},"end":{"line":291,"column":21}},"170":{"start":{"line":292,"column":2},"end":{"line":293,"column":52}},"171":{"start":{"line":292,"column":32},"end":{"line":292,"column":49}},"172":{"start":{"line":293,"column":7},"end":{"line":293,"column":52}},"173":{"start":{"line":293,"column":36},"end":{"line":293,"column":52}},"174":{"start":{"line":295,"column":18},"end":{"line":295,"column":65}},"175":{"start":{"line":295,"column":56},"end":{"line":295,"column":64}},"176":{"start":{"line":296,"column":38},"end":{"line":296,"column":40}},"177":{"start":{"line":298,"column":2},"end":{"line":305,"column":3}},"178":{"start":{"line":298,"column":15},"end":{"line":298,"column":16}},"179":{"start":{"line":299,"column":19},"end":{"line":299,"column":65}},"180":{"start":{"line":299,"column":56},"end":{"line":299,"column":64}},"181":{"start":{"line":300,"column":37},"end":{"line":300,"column":39}},"182":{"start":{"line":301,"column":4},"end":{"line":303,"column":7}},"183":{"start":{"line":302,"column":6},"end":{"line":302,"column":40}},"184":{"start":{"line":304,"column":4},"end":{"line":304,"column":19}},"185":{"start":{"line":307,"column":2},"end":{"line":307,"column":27}},"186":{"start":{"line":282,"column":13},"end":{"line":282,"column":24}},"187":{"start":{"line":311,"column":23},"end":{"line":313,"column":1}},"188":{"start":{"line":312,"column":2},"end":{"line":312,"column":46}},"189":{"start":{"line":315,"column":19},"end":{"line":322,"column":1}},"190":{"start":{"line":316,"column":2},"end":{"line":321,"column":28}}},"fnMap":{"0":{"name":"(anonymous_0)","decl":{"start":{"line":3,"column":25},"end":{"line":3,"column":26}},"loc":{"start":{"line":3,"column":53},"end":{"line":6,"column":1}}},"1":{"name":"(anonymous_1)","decl":{"start":{"line":8,"column":25},"end":{"line":8,"column":26}},"loc":{"start":{"line":8,"column":54},"end":{"line":12,"column":1}}},"2":{"name":"(anonymous_2)","decl":{"start":{"line":14,"column":24},"end":{"line":14,"column":25}},"loc":{"start":{"line":14,"column":52},"end":{"line":34,"column":1}}},"3":{"name":"(anonymous_3)","decl":{"start":{"line":18,"column":15},"end":{"line":18,"column":16}},"loc":{"start":{"line":18,"column":23},"end":{"line":30,"column":3}}},"4":{"name":"(anonymous_4)","decl":{"start":{"line":20,"column":32},"end":{"line":20,"column":33}},"loc":{"start":{"line":20,"column":49},"end":{"line":28,"column":5}}},"5":{"name":"(anonymous_5)","decl":{"start":{"line":36,"column":24},"end":{"line":36,"column":25}},"loc":{"start":{"line":36,"column":52},"end":{"line":67,"column":1}}},"6":{"name":"(anonymous_6)","decl":{"start":{"line":69,"column":25},"end":{"line":69,"column":26}},"loc":{"start":{"line":69,"column":53},"end":{"line":81,"column":1}}},"7":{"name":"(anonymous_7)","decl":{"start":{"line":73,"column":15},"end":{"line":73,"column":16}},"loc":{"start":{"line":73,"column":30},"end":{"line":78,"column":3}}},"8":{"name":"(anonymous_8)","decl":{"start":{"line":75,"column":32},"end":{"line":75,"column":33}},"loc":{"start":{"line":75,"column":49},"end":{"line":77,"column":5}}},"9":{"name":"(anonymous_9)","decl":{"start":{"line":83,"column":25},"end":{"line":83,"column":26}},"loc":{"start":{"line":83,"column":54},"end":{"line":109,"column":1}}},"10":{"name":"(anonymous_10)","decl":{"start":{"line":90,"column":16},"end":{"line":90,"column":17}},"loc":{"start":{"line":90,"column":25},"end":{"line":102,"column":3}}},"11":{"name":"(anonymous_11)","decl":{"start":{"line":99,"column":50},"end":{"line":99,"column":51}},"loc":{"start":{"line":99,"column":57},"end":{"line":99,"column":65}}},"12":{"name":"(anonymous_12)","decl":{"start":{"line":111,"column":25},"end":{"line":111,"column":26}},"loc":{"start":{"line":111,"column":53},"end":{"line":130,"column":1}}},"13":{"name":"(anonymous_13)","decl":{"start":{"line":115,"column":18},"end":{"line":115,"column":19}},"loc":{"start":{"line":115,"column":29},"end":{"line":117,"column":3}}},"14":{"name":"(anonymous_14)","decl":{"start":{"line":120,"column":15},"end":{"line":120,"column":16}},"loc":{"start":{"line":120,"column":23},"end":{"line":126,"column":3}}},"15":{"name":"(anonymous_15)","decl":{"start":{"line":122,"column":20},"end":{"line":122,"column":21}},"loc":{"start":{"line":122,"column":31},"end":{"line":124,"column":5}}},"16":{"name":"(anonymous_16)","decl":{"start":{"line":132,"column":25},"end":{"line":132,"column":26}},"loc":{"start":{"line":132,"column":54},"end":{"line":173,"column":1}}},"17":{"name":"(anonymous_17)","decl":{"start":{"line":155,"column":22},"end":{"line":155,"column":23}},"loc":{"start":{"line":155,"column":41},"end":{"line":164,"column":5}}},"18":{"name":"(anonymous_18)","decl":{"start":{"line":175,"column":24},"end":{"line":175,"column":25}},"loc":{"start":{"line":175,"column":52},"end":{"line":185,"column":1}}},"19":{"name":"(anonymous_19)","decl":{"start":{"line":179,"column":15},"end":{"line":179,"column":16}},"loc":{"start":{"line":179,"column":23},"end":{"line":182,"column":3}}},"20":{"name":"(anonymous_20)","decl":{"start":{"line":180,"column":31},"end":{"line":180,"column":32}},"loc":{"start":{"line":180,"column":43},"end":{"line":180,"column":68}}},"21":{"name":"(anonymous_21)","decl":{"start":{"line":187,"column":24},"end":{"line":187,"column":25}},"loc":{"start":{"line":187,"column":52},"end":{"line":208,"column":1}}},"22":{"name":"(anonymous_22)","decl":{"start":{"line":201,"column":20},"end":{"line":201,"column":21}},"loc":{"start":{"line":201,"column":38},"end":{"line":203,"column":5}}},"23":{"name":"(anonymous_23)","decl":{"start":{"line":210,"column":24},"end":{"line":210,"column":25}},"loc":{"start":{"line":210,"column":52},"end":{"line":239,"column":1}}},"24":{"name":"(anonymous_24)","decl":{"start":{"line":218,"column":15},"end":{"line":218,"column":16}},"loc":{"start":{"line":218,"column":23},"end":{"line":232,"column":3}}},"25":{"name":"(anonymous_25)","decl":{"start":{"line":241,"column":24},"end":{"line":241,"column":25}},"loc":{"start":{"line":241,"column":52},"end":{"line":266,"column":1}}},"26":{"name":"(anonymous_26)","decl":{"start":{"line":268,"column":24},"end":{"line":268,"column":25}},"loc":{"start":{"line":268,"column":52},"end":{"line":280,"column":1}}},"27":{"name":"(anonymous_27)","decl":{"start":{"line":274,"column":15},"end":{"line":274,"column":16}},"loc":{"start":{"line":274,"column":23},"end":{"line":277,"column":3}}},"28":{"name":"(anonymous_28)","decl":{"start":{"line":275,"column":31},"end":{"line":275,"column":32}},"loc":{"start":{"line":275,"column":43},"end":{"line":275,"column":68}}},"29":{"name":"(anonymous_29)","decl":{"start":{"line":282,"column":24},"end":{"line":282,"column":25}},"loc":{"start":{"line":282,"column":52},"end":{"line":308,"column":1}}},"30":{"name":"(anonymous_30)","decl":{"start":{"line":283,"column":43},"end":{"line":283,"column":44}},"loc":{"start":{"line":283,"column":53},"end":{"line":283,"column":64}}},"31":{"name":"(anonymous_31)","decl":{"start":{"line":295,"column":49},"end":{"line":295,"column":50}},"loc":{"start":{"line":295,"column":56},"end":{"line":295,"column":64}}},"32":{"name":"(anonymous_32)","decl":{"start":{"line":299,"column":49},"end":{"line":299,"column":50}},"loc":{"start":{"line":299,"column":56},"end":{"line":299,"column":64}}},"33":{"name":"(anonymous_33)","decl":{"start":{"line":301,"column":20},"end":{"line":301,"column":21}},"loc":{"start":{"line":301,"column":38},"end":{"line":303,"column":5}}},"34":{"name":"(anonymous_34)","decl":{"start":{"line":311,"column":23},"end":{"line":311,"column":24}},"loc":{"start":{"line":311,"column":47},"end":{"line":313,"column":1}}},"35":{"name":"(anonymous_35)","decl":{"start":{"line":315,"column":19},"end":{"line":315,"column":20}},"loc":{"start":{"line":315,"column":44},"end":{"line":322,"column":1}}}},"branchMap":{"0":{"loc":{"start":{"line":10,"column":20},"end":{"line":10,"column":55}},"type":"cond-expr","locations":[{"start":{"line":10,"column":42},"end":{"line":10,"column":46}},{"start":{"line":10,"column":49},"end":{"line":10,"column":55}}]},"1":{"loc":{"start":{"line":57,"column":4},"end":{"line":59,"column":5}},"type":"if","locations":[{"start":{"line":57,"column":4},"end":{"line":59,"column":5}},{"start":{},"end":{}}]},"2":{"loc":{"start":{"line":62,"column":2},"end":{"line":64,"column":3}},"type":"if","locations":[{"start":{"line":62,"column":2},"end":{"line":64,"column":3}},{"start":{},"end":{}}]},"3":{"loc":{"start":{"line":92,"column":4},"end":{"line":101,"column":5}},"type":"if","locations":[{"start":{"line":92,"column":4},"end":{"line":101,"column":5}},{"start":{"line":98,"column":11},"end":{"line":101,"column":5}}]},"4":{"loc":{"start":{"line":94,"column":6},"end":{"line":96,"column":7}},"type":"if","locations":[{"start":{"line":94,"column":6},"end":{"line":96,"column":7}},{"start":{},"end":{}}]},"5":{"loc":{"start":{"line":98,"column":11},"end":{"line":101,"column":5}},"type":"if","locations":[{"start":{"line":98,"column":11},"end":{"line":101,"column":5}},{"start":{},"end":{}}]},"6":{"loc":{"start":{"line":104,"column":2},"end":{"line":106,"column":3}},"type":"if","locations":[{"start":{"line":104,"column":2},"end":{"line":106,"column":3}},{"start":{},"end":{}}]},"7":{"loc":{"start":{"line":123,"column":39},"end":{"line":123,"column":56}},"type":"binary-expr","locations":[{"start":{"line":123,"column":39},"end":{"line":123,"column":50}},{"start":{"line":123,"column":54},"end":{"line":123,"column":56}}]},"8":{"loc":{"start":{"line":158,"column":6},"end":{"line":163,"column":7}},"type":"if","locations":[{"start":{"line":158,"column":6},"end":{"line":163,"column":7}},{"start":{"line":160,"column":13},"end":{"line":163,"column":7}}]},"9":{"loc":{"start":{"line":161,"column":23},"end":{"line":161,"column":58}},"type":"binary-expr","locations":[{"start":{"line":161,"column":23},"end":{"line":161,"column":37}},{"start":{"line":161,"column":41},"end":{"line":161,"column":58}}]},"10":{"loc":{"start":{"line":166,"column":4},"end":{"line":168,"column":5}},"type":"if","locations":[{"start":{"line":166,"column":4},"end":{"line":168,"column":5}},{"start":{},"end":{}}]},"11":{"loc":{"start":{"line":166,"column":8},"end":{"line":166,"column":48}},"type":"binary-expr","locations":[{"start":{"line":166,"column":8},"end":{"line":166,"column":17}},{"start":{"line":166,"column":21},"end":{"line":166,"column":48}}]},"12":{"loc":{"start":{"line":180,"column":50},"end":{"line":180,"column":67}},"type":"binary-expr","locations":[{"start":{"line":180,"column":50},"end":{"line":180,"column":61}},{"start":{"line":180,"column":65},"end":{"line":180,"column":67}}]},"13":{"loc":{"start":{"line":192,"column":2},"end":{"line":194,"column":3}},"type":"if","locations":[{"start":{"line":192,"column":2},"end":{"line":194,"column":3}},{"start":{},"end":{}}]},"14":{"loc":{"start":{"line":202,"column":20},"end":{"line":202,"column":39}},"type":"binary-expr","locations":[{"start":{"line":202,"column":20},"end":{"line":202,"column":33}},{"start":{"line":202,"column":37},"end":{"line":202,"column":39}}]},"15":{"loc":{"start":{"line":219,"column":16},"end":{"line":219,"column":39}},"type":"binary-expr","locations":[{"start":{"line":219,"column":16},"end":{"line":219,"column":28}},{"start":{"line":219,"column":32},"end":{"line":219,"column":39}}]},"16":{"loc":{"start":{"line":220,"column":16},"end":{"line":220,"column":51}},"type":"binary-expr","locations":[{"start":{"line":220,"column":16},"end":{"line":220,"column":29}},{"start":{"line":220,"column":33},"end":{"line":220,"column":40}},{"start":{"line":220,"column":44},"end":{"line":220,"column":51}}]},"17":{"loc":{"start":{"line":221,"column":17},"end":{"line":221,"column":39}},"type":"binary-expr","locations":[{"start":{"line":221,"column":17},"end":{"line":221,"column":25}},{"start":{"line":221,"column":29},"end":{"line":221,"column":39}}]},"18":{"loc":{"start":{"line":223,"column":4},"end":{"line":231,"column":5}},"type":"if","locations":[{"start":{"line":223,"column":4},"end":{"line":231,"column":5}},{"start":{},"end":{}}]},"19":{"loc":{"start":{"line":223,"column":8},"end":{"line":223,"column":18}},"type":"binary-expr","locations":[{"start":{"line":223,"column":8},"end":{"line":223,"column":11}},{"start":{"line":223,"column":15},"end":{"line":223,"column":18}}]},"20":{"loc":{"start":{"line":255,"column":4},"end":{"line":262,"column":5}},"type":"if","locations":[{"start":{"line":255,"column":4},"end":{"line":262,"column":5}},{"start":{},"end":{}}]},"21":{"loc":{"start":{"line":258,"column":14},"end":{"line":258,"column":51}},"type":"cond-expr","locations":[{"start":{"line":258,"column":26},"end":{"line":258,"column":38}},{"start":{"line":258,"column":41},"end":{"line":258,"column":51}}]},"22":{"loc":{"start":{"line":275,"column":50},"end":{"line":275,"column":67}},"type":"binary-expr","locations":[{"start":{"line":275,"column":50},"end":{"line":275,"column":61}},{"start":{"line":275,"column":65},"end":{"line":275,"column":67}}]},"23":{"loc":{"start":{"line":285,"column":2},"end":{"line":287,"column":3}},"type":"if","locations":[{"start":{"line":285,"column":2},"end":{"line":287,"column":3}},{"start":{},"end":{}}]},"24":{"loc":{"start":{"line":292,"column":2},"end":{"line":293,"column":52}},"type":"if","locations":[{"start":{"line":292,"column":2},"end":{"line":293,"column":52}},{"start":{"line":293,"column":7},"end":{"line":293,"column":52}}]},"25":{"loc":{"start":{"line":293,"column":7},"end":{"line":293,"column":52}},"type":"if","locations":[{"start":{"line":293,"column":7},"end":{"line":293,"column":52}},{"start":{},"end":{}}]},"26":{"loc":{"start":{"line":302,"column":20},"end":{"line":302,"column":39}},"type":"binary-expr","locations":[{"start":{"line":302,"column":20},"end":{"line":302,"column":33}},{"start":{"line":302,"column":37},"end":{"line":302,"column":39}}]}},"s":{"0":1,"1":1,"2":6,"3":6,"4":1,"5":1,"6":4,"7":4,"8":4,"9":1,"10":1,"11":0,"12":0,"13":0,"14":0,"15":0,"16":0,"17":0,"18":0,"19":0,"20":0,"21":1,"22":1,"23":0,"24":0,"25":0,"26":0,"27":0,"28":0,"29":0,"30":0,"31":0,"32":0,"33":0,"34":0,"35":0,"36":0,"37":0,"38":1,"39":1,"40":0,"41":0,"42":0,"43":0,"44":0,"45":0,"46":0,"47":1,"48":1,"49":0,"50":0,"51":0,"52":0,"53":0,"54":0,"55":0,"56":0,"57":0,"58":0,"59":0,"60":0,"61":0,"62":0,"63":0,"64":0,"65":1,"66":1,"67":0,"68":0,"69":0,"70":0,"71":0,"72":0,"73":0,"74":0,"75":0,"76":0,"77":0,"78":0,"79":1,"80":1,"81":0,"82":0,"83":0,"84":0,"85":0,"86":0,"87":0,"88":0,"89":0,"90":0,"91":0,"92":0,"93":0,"94":0,"95":0,"96":0,"97":0,"98":0,"99":0,"100":0,"101":0,"102":1,"103":1,"104":0,"105":0,"106":0,"107":0,"108":0,"109":0,"110":0,"111":1,"112":1,"113":0,"114":0,"115":0,"116":0,"117":0,"118":0,"119":0,"120":0,"121":0,"122":0,"123":0,"124":0,"125":0,"126":1,"127":1,"128":0,"129":0,"130":0,"131":0,"132":0,"133":0,"134":0,"135":0,"136":0,"137":0,"138":1,"139":1,"140":0,"141":0,"142":0,"143":0,"144":0,"145":0,"146":0,"147":0,"148":0,"149":0,"150":0,"151":0,"152":1,"153":1,"154":0,"155":0,"156":0,"157":0,"158":0,"159":0,"160":0,"161":0,"162":1,"163":1,"164":0,"165":0,"166":0,"167":0,"168":0,"169":0,"170":0,"171":0,"172":0,"173":0,"174":0,"175":0,"176":0,"177":0,"178":0,"179":0,"180":0,"181":0,"182":0,"183":0,"184":0,"185":0,"186":1,"187":1,"188":0,"189":1,"190":0},"f":{"0":6,"1":4,"2":0,"3":0,"4":0,"5":0,"6":0,"7":0,"8":0,"9":0,"10":0,"11":0,"12":0,"13":0,"14":0,"15":0,"16":0,"17":0,"18":0,"19":0,"20":0,"21":0,"22":0,"23":0,"24":0,"25":0,"26":0,"27":0,"28":0,"29":0,"30":0,"31":0,"32":0,"33":0,"34":0,"35":0},"b":{"0":[4,0],"1":[0,0],"2":[0,0],"3":[0,0],"4":[0,0],"5":[0,0],"6":[0,0],"7":[0,0],"8":[0,0],"9":[0,0],"10":[0,0],"11":[0,0],"12":[0,0],"13":[0,0],"14":[0,0],"15":[0,0],"16":[0,0,0],"17":[0,0],"18":[0,0],"19":[0,0],"20":[0,0],"21":[0,0],"22":[0,0],"23":[0,0],"24":[0,0],"25":[0,0],"26":[0,0]}}
,"/workspaces/ToolBox/backend/src/middleware/errorHandler.ts": {"path":"/workspaces/ToolBox/backend/src/middleware/errorHandler.ts","statementMap":{"0":{"start":{"line":2,"column":0},"end":{"line":2,"column":37}},"1":{"start":{"line":10,"column":4},"end":{"line":10,"column":19}},"2":{"start":{"line":7,"column":11},"end":{"line":7,"column":29}},"3":{"start":{"line":11,"column":4},"end":{"line":11,"column":27}},"4":{"start":{"line":43,"column":23},"end":{"line":43,"column":31}},"5":{"start":{"line":15,"column":21},"end":{"line":41,"column":1}},"6":{"start":{"line":21,"column":19},"end":{"line":21,"column":22}},"7":{"start":{"line":22,"column":16},"end":{"line":22,"column":39}},"8":{"start":{"line":24,"column":2},"end":{"line":30,"column":3}},"9":{"start":{"line":25,"column":4},"end":{"line":25,"column":32}},"10":{"start":{"line":26,"column":4},"end":{"line":26,"column":26}},"11":{"start":{"line":27,"column":9},"end":{"line":30,"column":3}},"12":{"start":{"line":28,"column":4},"end":{"line":28,"column":21}},"13":{"start":{"line":29,"column":4},"end":{"line":29,"column":39}},"14":{"start":{"line":32,"column":2},"end":{"line":32,"column":61}},"15":{"start":{"line":34,"column":38},"end":{"line":38,"column":4}},"16":{"start":{"line":40,"column":2},"end":{"line":40,"column":40}},"17":{"start":{"line":43,"column":9},"end":{"line":43,"column":21}}},"fnMap":{"0":{"name":"(anonymous_1)","decl":{"start":{"line":6,"column":2},"end":{"line":6,"column":null}},"loc":{"start":{"line":8,"column":19},"end":{"line":12,"column":3}}},"1":{"name":"(anonymous_2)","decl":{"start":{"line":15,"column":21},"end":{"line":15,"column":null}},"loc":{"start":{"line":20,"column":4},"end":{"line":41,"column":1}}}},"branchMap":{"0":{"loc":{"start":{"line":24,"column":2},"end":{"line":30,"column":3}},"type":"if","locations":[{"start":{"line":24,"column":2},"end":{"line":30,"column":3}},{"start":{"line":27,"column":9},"end":{"line":30,"column":3}}]},"1":{"loc":{"start":{"line":27,"column":9},"end":{"line":30,"column":3}},"type":"if","locations":[{"start":{"line":27,"column":9},"end":{"line":30,"column":3}},{"start":{},"end":{}}]}},"s":{"0":0,"1":0,"2":0,"3":0,"4":0,"5":0,"6":0,"7":0,"8":0,"9":0,"10":0,"11":0,"12":0,"13":0,"14":0,"15":0,"16":0,"17":0},"f":{"0":0,"1":0},"b":{"0":[0,0],"1":[0,0]}}
,"/workspaces/ToolBox/backend/src/routes/index.ts": {"path":"/workspaces/ToolBox/backend/src/routes/index.ts","statementMap":{"0":{"start":{"line":1,"column":0},"end":{"line":1,"column":66}},"1":{"start":{"line":2,"column":0},"end":{"line":2,"column":78}},"2":{"start":{"line":4,"column":0},"end":{"line":4,"column":37}},"3":{"start":{"line":5,"column":0},"end":{"line":5,"column":null}},"4":{"start":{"line":14,"column":15},"end":{"line":14,"column":23}},"5":{"start":{"line":17,"column":0},"end":{"line":65,"column":3}},"6":{"start":{"line":18,"column":2},"end":{"line":64,"column":3}},"7":{"start":{"line":19,"column":58},"end":{"line":19,"column":66}},"8":{"start":{"line":22,"column":4},"end":{"line":28,"column":5}},"9":{"start":{"line":23,"column":6},"end":{"line":27,"column":9}},"10":{"start":{"line":30,"column":4},"end":{"line":36,"column":5}},"11":{"start":{"line":31,"column":6},"end":{"line":35,"column":9}},"12":{"start":{"line":38,"column":4},"end":{"line":44,"column":5}},"13":{"start":{"line":39,"column":6},"end":{"line":43,"column":9}},"14":{"start":{"line":46,"column":4},"end":{"line":52,"column":5}},"15":{"start":{"line":47,"column":6},"end":{"line":51,"column":9}},"16":{"start":{"line":54,"column":19},"end":{"line":54,"column":104}},"17":{"start":{"line":56,"column":4},"end":{"line":60,"column":7}},"18":{"start":{"line":62,"column":4},"end":{"line":62,"column":45}},"19":{"start":{"line":63,"column":4},"end":{"line":63,"column":16}},"20":{"start":{"line":68,"column":0},"end":{"line":165,"column":3}},"21":{"start":{"line":69,"column":2},"end":{"line":164,"column":3}},"22":{"start":{"line":70,"column":22},"end":{"line":70,"column":30}},"23":{"start":{"line":72,"column":4},"end":{"line":78,"column":5}},"24":{"start":{"line":73,"column":6},"end":{"line":77,"column":9}},"25":{"start":{"line":80,"column":4},"end":{"line":86,"column":5}},"26":{"start":{"line":81,"column":6},"end":{"line":85,"column":9}},"27":{"start":{"line":88,"column":20},"end":{"line":142,"column":6}},"28":{"start":{"line":89,"column":6},"end":{"line":141,"column":7}},"29":{"start":{"line":90,"column":53},"end":{"line":90,"column":57}},"30":{"start":{"line":92,"column":8},"end":{"line":98,"column":9}},"31":{"start":{"line":93,"column":10},"end":{"line":97,"column":12}},"32":{"start":{"line":100,"column":8},"end":{"line":106,"column":9}},"33":{"start":{"line":101,"column":10},"end":{"line":105,"column":12}},"34":{"start":{"line":108,"column":8},"end":{"line":114,"column":9}},"35":{"start":{"line":109,"column":10},"end":{"line":113,"column":12}},"36":{"start":{"line":116,"column":8},"end":{"line":122,"column":9}},"37":{"start":{"line":117,"column":10},"end":{"line":121,"column":12}},"38":{"start":{"line":124,"column":23},"end":{"line":127,"column":null}},"39":{"start":{"line":130,"column":8},"end":{"line":134,"column":10}},"40":{"start":{"line":136,"column":8},"end":{"line":140,"column":10}},"41":{"start":{"line":144,"column":25},"end":{"line":144,"column":69}},"42":{"start":{"line":144,"column":52},"end":{"line":144,"column":61}},"43":{"start":{"line":145,"column":25},"end":{"line":145,"column":70}},"44":{"start":{"line":145,"column":52},"end":{"line":145,"column":62}},"45":{"start":{"line":147,"column":4},"end":{"line":147,"column":95}},"46":{"start":{"line":149,"column":4},"end":{"line":160,"column":7}},"47":{"start":{"line":162,"column":4},"end":{"line":162,"column":51}},"48":{"start":{"line":163,"column":4},"end":{"line":163,"column":16}},"49":{"start":{"line":168,"column":0},"end":{"line":224,"column":3}},"50":{"start":{"line":169,"column":2},"end":{"line":223,"column":3}},"51":{"start":{"line":170,"column":48},"end":{"line":170,"column":56}},"52":{"start":{"line":173,"column":4},"end":{"line":179,"column":5}},"53":{"start":{"line":174,"column":6},"end":{"line":178,"column":9}},"54":{"start":{"line":181,"column":4},"end":{"line":187,"column":5}},"55":{"start":{"line":182,"column":6},"end":{"line":186,"column":9}},"56":{"start":{"line":189,"column":4},"end":{"line":195,"column":5}},"57":{"start":{"line":190,"column":6},"end":{"line":194,"column":9}},"58":{"start":{"line":197,"column":4},"end":{"line":203,"column":5}},"59":{"start":{"line":198,"column":6},"end":{"line":202,"column":9}},"60":{"start":{"line":205,"column":4},"end":{"line":211,"column":5}},"61":{"start":{"line":206,"column":6},"end":{"line":210,"column":9}},"62":{"start":{"line":213,"column":19},"end":{"line":213,"column":66}},"63":{"start":{"line":215,"column":4},"end":{"line":219,"column":7}},"64":{"start":{"line":221,"column":4},"end":{"line":221,"column":52}},"65":{"start":{"line":222,"column":4},"end":{"line":222,"column":16}},"66":{"start":{"line":227,"column":0},"end":{"line":269,"column":3}},"67":{"start":{"line":228,"column":2},"end":{"line":268,"column":3}},"68":{"start":{"line":229,"column":62},"end":{"line":229,"column":70}},"69":{"start":{"line":232,"column":4},"end":{"line":238,"column":5}},"70":{"start":{"line":233,"column":6},"end":{"line":237,"column":9}},"71":{"start":{"line":240,"column":4},"end":{"line":246,"column":5}},"72":{"start":{"line":241,"column":6},"end":{"line":245,"column":9}},"73":{"start":{"line":248,"column":19},"end":{"line":255,"column":6}},"74":{"start":{"line":258,"column":4},"end":{"line":258,"column":43}},"75":{"start":{"line":260,"column":4},"end":{"line":264,"column":7}},"76":{"start":{"line":266,"column":4},"end":{"line":266,"column":50}},"77":{"start":{"line":267,"column":4},"end":{"line":267,"column":16}},"78":{"start":{"line":272,"column":0},"end":{"line":298,"column":3}},"79":{"start":{"line":274,"column":22},"end":{"line":291,"column":4}},"80":{"start":{"line":293,"column":2},"end":{"line":297,"column":5}},"81":{"start":{"line":301,"column":0},"end":{"line":311,"column":3}},"82":{"start":{"line":302,"column":2},"end":{"line":310,"column":5}},"83":{"start":{"line":313,"column":0},"end":{"line":313,"column":22}}},"fnMap":{"0":{"name":"(anonymous_1)","decl":{"start":{"line":17,"column":24},"end":{"line":17,"column":29}},"loc":{"start":{"line":17,"column":82},"end":{"line":65,"column":1}}},"1":{"name":"(anonymous_2)","decl":{"start":{"line":68,"column":30},"end":{"line":68,"column":35}},"loc":{"start":{"line":68,"column":88},"end":{"line":165,"column":1}}},"2":{"name":"(anonymous_3)","decl":{"start":{"line":88,"column":30},"end":{"line":88,"column":31}},"loc":{"start":{"line":88,"column":59},"end":{"line":142,"column":5}}},"3":{"name":"(anonymous_4)","decl":{"start":{"line":144,"column":40},"end":{"line":144,"column":41}},"loc":{"start":{"line":144,"column":52},"end":{"line":144,"column":61}}},"4":{"name":"(anonymous_5)","decl":{"start":{"line":145,"column":40},"end":{"line":145,"column":41}},"loc":{"start":{"line":145,"column":52},"end":{"line":145,"column":62}}},"5":{"name":"(anonymous_6)","decl":{"start":{"line":168,"column":36},"end":{"line":168,"column":41}},"loc":{"start":{"line":168,"column":94},"end":{"line":224,"column":1}}},"6":{"name":"(anonymous_7)","decl":{"start":{"line":227,"column":24},"end":{"line":227,"column":25}},"loc":{"start":{"line":227,"column":76},"end":{"line":269,"column":1}}},"7":{"name":"(anonymous_8)","decl":{"start":{"line":272,"column":23},"end":{"line":272,"column":24}},"loc":{"start":{"line":272,"column":55},"end":{"line":298,"column":1}}},"8":{"name":"(anonymous_9)","decl":{"start":{"line":301,"column":22},"end":{"line":301,"column":23}},"loc":{"start":{"line":301,"column":54},"end":{"line":311,"column":1}}}},"branchMap":{"0":{"loc":{"start":{"line":22,"column":4},"end":{"line":28,"column":5}},"type":"if","locations":[{"start":{"line":22,"column":4},"end":{"line":28,"column":5}},{"start":{},"end":{}}]},"1":{"loc":{"start":{"line":22,"column":8},"end":{"line":22,"column":47}},"type":"binary-expr","locations":[{"start":{"line":22,"column":8},"end":{"line":22,"column":13}},{"start":{"line":22,"column":17},"end":{"line":22,"column":30}},{"start":{"line":22,"column":34},"end":{"line":22,"column":47}}]},"2":{"loc":{"start":{"line":30,"column":4},"end":{"line":36,"column":5}},"type":"if","locations":[{"start":{"line":30,"column":4},"end":{"line":36,"column":5}},{"start":{},"end":{}}]},"3":{"loc":{"start":{"line":38,"column":4},"end":{"line":44,"column":5}},"type":"if","locations":[{"start":{"line":38,"column":4},"end":{"line":44,"column":5}},{"start":{},"end":{}}]},"4":{"loc":{"start":{"line":46,"column":4},"end":{"line":52,"column":5}},"type":"if","locations":[{"start":{"line":46,"column":4},"end":{"line":52,"column":5}},{"start":{},"end":{}}]},"5":{"loc":{"start":{"line":46,"column":8},"end":{"line":46,"column":68}},"type":"binary-expr","locations":[{"start":{"line":46,"column":8},"end":{"line":46,"column":36}},{"start":{"line":46,"column":40},"end":{"line":46,"column":68}}]},"6":{"loc":{"start":{"line":72,"column":4},"end":{"line":78,"column":5}},"type":"if","locations":[{"start":{"line":72,"column":4},"end":{"line":78,"column":5}},{"start":{},"end":{}}]},"7":{"loc":{"start":{"line":72,"column":8},"end":{"line":72,"column":61}},"type":"binary-expr","locations":[{"start":{"line":72,"column":8},"end":{"line":72,"column":14}},{"start":{"line":72,"column":18},"end":{"line":72,"column":39}},{"start":{"line":72,"column":43},"end":{"line":72,"column":61}}]},"8":{"loc":{"start":{"line":80,"column":4},"end":{"line":86,"column":5}},"type":"if","locations":[{"start":{"line":80,"column":4},"end":{"line":86,"column":5}},{"start":{},"end":{}}]},"9":{"loc":{"start":{"line":92,"column":8},"end":{"line":98,"column":9}},"type":"if","locations":[{"start":{"line":92,"column":8},"end":{"line":98,"column":9}},{"start":{},"end":{}}]},"10":{"loc":{"start":{"line":92,"column":12},"end":{"line":92,"column":51}},"type":"binary-expr","locations":[{"start":{"line":92,"column":12},"end":{"line":92,"column":17}},{"start":{"line":92,"column":21},"end":{"line":92,"column":34}},{"start":{"line":92,"column":38},"end":{"line":92,"column":51}}]},"11":{"loc":{"start":{"line":100,"column":8},"end":{"line":106,"column":9}},"type":"if","locations":[{"start":{"line":100,"column":8},"end":{"line":106,"column":9}},{"start":{},"end":{}}]},"12":{"loc":{"start":{"line":108,"column":8},"end":{"line":114,"column":9}},"type":"if","locations":[{"start":{"line":108,"column":8},"end":{"line":114,"column":9}},{"start":{},"end":{}}]},"13":{"loc":{"start":{"line":116,"column":8},"end":{"line":122,"column":9}},"type":"if","locations":[{"start":{"line":116,"column":8},"end":{"line":122,"column":9}},{"start":{},"end":{}}]},"14":{"loc":{"start":{"line":116,"column":12},"end":{"line":116,"column":72}},"type":"binary-expr","locations":[{"start":{"line":116,"column":12},"end":{"line":116,"column":40}},{"start":{"line":116,"column":44},"end":{"line":116,"column":72}}]},"15":{"loc":{"start":{"line":173,"column":4},"end":{"line":179,"column":5}},"type":"if","locations":[{"start":{"line":173,"column":4},"end":{"line":179,"column":5}},{"start":{},"end":{}}]},"16":{"loc":{"start":{"line":173,"column":8},"end":{"line":173,"column":55}},"type":"binary-expr","locations":[{"start":{"line":173,"column":8},"end":{"line":173,"column":16}},{"start":{"line":173,"column":20},"end":{"line":173,"column":28}},{"start":{"line":173,"column":32},"end":{"line":173,"column":55}}]},"17":{"loc":{"start":{"line":181,"column":4},"end":{"line":187,"column":5}},"type":"if","locations":[{"start":{"line":181,"column":4},"end":{"line":187,"column":5}},{"start":{},"end":{}}]},"18":{"loc":{"start":{"line":189,"column":4},"end":{"line":195,"column":5}},"type":"if","locations":[{"start":{"line":189,"column":4},"end":{"line":195,"column":5}},{"start":{},"end":{}}]},"19":{"loc":{"start":{"line":197,"column":4},"end":{"line":203,"column":5}},"type":"if","locations":[{"start":{"line":197,"column":4},"end":{"line":203,"column":5}},{"start":{},"end":{}}]},"20":{"loc":{"start":{"line":205,"column":4},"end":{"line":211,"column":5}},"type":"if","locations":[{"start":{"line":205,"column":4},"end":{"line":211,"column":5}},{"start":{},"end":{}}]},"21":{"loc":{"start":{"line":232,"column":4},"end":{"line":238,"column":5}},"type":"if","locations":[{"start":{"line":232,"column":4},"end":{"line":238,"column":5}},{"start":{},"end":{}}]},"22":{"loc":{"start":{"line":232,"column":8},"end":{"line":232,"column":83}},"type":"binary-expr","locations":[{"start":{"line":232,"column":8},"end":{"line":232,"column":13}},{"start":{"line":232,"column":17},"end":{"line":232,"column":41}},{"start":{"line":232,"column":45},"end":{"line":232,"column":62}},{"start":{"line":232,"column":66},"end":{"line":232,"column":83}}]},"23":{"loc":{"start":{"line":240,"column":4},"end":{"line":246,"column":5}},"type":"if","locations":[{"start":{"line":240,"column":4},"end":{"line":246,"column":5}},{"start":{},"end":{}}]},"24":{"loc":{"start":{"line":240,"column":8},"end":{"line":240,"column":68}},"type":"binary-expr","locations":[{"start":{"line":240,"column":8},"end":{"line":240,"column":36}},{"start":{"line":240,"column":40},"end":{"line":240,"column":68}}]},"25":{"loc":{"start":{"line":253,"column":19},"end":{"line":253,"column":36}},"type":"binary-expr","locations":[{"start":{"line":253,"column":19},"end":{"line":253,"column":30}},{"start":{"line":253,"column":34},"end":{"line":253,"column":36}}]}},"s":{"0":0,"1":0,"2":0,"3":0,"4":0,"5":0,"6":0,"7":0,"8":0,"9":0,"10":0,"11":0,"12":0,"13":0,"14":0,"15":0,"16":0,"17":0,"18":0,"19":0,"20":0,"21":0,"22":0,"23":0,"24":0,"25":0,"26":0,"27":0,"28":0,"29":0,"30":0,"31":0,"32":0,"33":0,"34":0,"35":0,"36":0,"37":0,"38":0,"39":0,"40":0,"41":0,"42":0,"43":0,"44":0,"45":0,"46":0,"47":0,"48":0,"49":0,"50":0,"51":0,"52":0,"53":0,"54":0,"55":0,"56":0,"57":0,"58":0,"59":0,"60":0,"61":0,"62":0,"63":0,"64":0,"65":0,"66":0,"67":0,"68":0,"69":0,"70":0,"71":0,"72":0,"73":0,"74":0,"75":0,"76":0,"77":0,"78":0,"79":0,"80":0,"81":0,"82":0,"83":0},"f":{"0":0,"1":0,"2":0,"3":0,"4":0,"5":0,"6":0,"7":0,"8":0},"b":{"0":[0,0],"1":[0,0,0],"2":[0,0],"3":[0,0],"4":[0,0],"5":[0,0],"6":[0,0],"7":[0,0,0],"8":[0,0],"9":[0,0],"10":[0,0,0],"11":[0,0],"12":[0,0],"13":[0,0],"14":[0,0],"15":[0,0],"16":[0,0,0],"17":[0,0],"18":[0,0],"19":[0,0],"20":[0,0],"21":[0,0],"22":[0,0,0,0],"23":[0,0],"24":[0,0],"25":[0,0]}}
,"/workspaces/ToolBox/backend/src/services/conversionService.ts": {"path":"/workspaces/ToolBox/backend/src/services/conversionService.ts","statementMap":{"0":{"start":{"line":1,"column":0},"end":{"line":1,"column":null}},"1":{"start":{"line":18,"column":0},"end":{"line":18,"column":37}},"2":{"start":{"line":20,"column":29},"end":{"line":93,"column":1}},"3":{"start":{"line":25,"column":2},"end":{"line":25,"column":69}},"4":{"start":{"line":28,"column":2},"end":{"line":30,"column":3}},"5":{"start":{"line":29,"column":4},"end":{"line":29,"column":16}},"6":{"start":{"line":32,"column":2},"end":{"line":92,"column":3}},"7":{"start":{"line":36,"column":4},"end":{"line":58,"column":5}},"8":{"start":{"line":37,"column":6},"end":{"line":37,"column":21}},"9":{"start":{"line":38,"column":11},"end":{"line":58,"column":5}},"10":{"start":{"line":39,"column":6},"end":{"line":39,"column":32}},"11":{"start":{"line":40,"column":11},"end":{"line":58,"column":5}},"12":{"start":{"line":41,"column":6},"end":{"line":41,"column":31}},"13":{"start":{"line":42,"column":11},"end":{"line":58,"column":5}},"14":{"start":{"line":43,"column":6},"end":{"line":43,"column":32}},"15":{"start":{"line":44,"column":11},"end":{"line":58,"column":5}},"16":{"start":{"line":45,"column":6},"end":{"line":45,"column":32}},"17":{"start":{"line":46,"column":11},"end":{"line":58,"column":5}},"18":{"start":{"line":47,"column":6},"end":{"line":47,"column":31}},"19":{"start":{"line":48,"column":11},"end":{"line":58,"column":5}},"20":{"start":{"line":49,"column":6},"end":{"line":49,"column":31}},"21":{"start":{"line":50,"column":11},"end":{"line":58,"column":5}},"22":{"start":{"line":51,"column":6},"end":{"line":51,"column":31}},"23":{"start":{"line":52,"column":11},"end":{"line":58,"column":5}},"24":{"start":{"line":53,"column":6},"end":{"line":53,"column":67}},"25":{"start":{"line":54,"column":11},"end":{"line":58,"column":5}},"26":{"start":{"line":55,"column":6},"end":{"line":55,"column":70}},"27":{"start":{"line":57,"column":6},"end":{"line":57,"column":64}},"28":{"start":{"line":63,"column":4},"end":{"line":85,"column":5}},"29":{"start":{"line":64,"column":6},"end":{"line":64,"column":23}},"30":{"start":{"line":65,"column":11},"end":{"line":85,"column":5}},"31":{"start":{"line":66,"column":6},"end":{"line":66,"column":34}},"32":{"start":{"line":67,"column":11},"end":{"line":85,"column":5}},"33":{"start":{"line":68,"column":6},"end":{"line":68,"column":33}},"34":{"start":{"line":69,"column":11},"end":{"line":85,"column":5}},"35":{"start":{"line":70,"column":6},"end":{"line":70,"column":34}},"36":{"start":{"line":71,"column":11},"end":{"line":85,"column":5}},"37":{"start":{"line":72,"column":6},"end":{"line":72,"column":34}},"38":{"start":{"line":73,"column":11},"end":{"line":85,"column":5}},"39":{"start":{"line":74,"column":6},"end":{"line":74,"column":33}},"40":{"start":{"line":75,"column":11},"end":{"line":85,"column":5}},"41":{"start":{"line":76,"column":6},"end":{"line":76,"column":33}},"42":{"start":{"line":77,"column":11},"end":{"line":85,"column":5}},"43":{"start":{"line":78,"column":6},"end":{"line":78,"column":33}},"44":{"start":{"line":79,"column":11},"end":{"line":85,"column":5}},"45":{"start":{"line":80,"column":6},"end":{"line":80,"column":67}},"46":{"start":{"line":81,"column":11},"end":{"line":85,"column":5}},"47":{"start":{"line":82,"column":6},"end":{"line":82,"column":77}},"48":{"start":{"line":84,"column":6},"end":{"line":84,"column":64}},"49":{"start":{"line":87,"column":4},"end":{"line":87,"column":42}},"50":{"start":{"line":88,"column":4},"end":{"line":88,"column":18}},"51":{"start":{"line":90,"column":4},"end":{"line":90,"column":47}},"52":{"start":{"line":91,"column":4},"end":{"line":91,"column":16}},"53":{"start":{"line":20,"column":13},"end":{"line":20,"column":29}},"54":{"start":{"line":95,"column":30},"end":{"line":160,"column":1}},"55":{"start":{"line":104,"column":15},"end":{"line":104,"column":35}},"56":{"start":{"line":106,"column":17},"end":{"line":109,"column":4}},"57":{"start":{"line":111,"column":13},"end":{"line":111,"column":49}},"58":{"start":{"line":114,"column":2},"end":{"line":120,"column":3}},"59":{"start":{"line":115,"column":29},"end":{"line":115,"column":49}},"60":{"start":{"line":116,"column":27},"end":{"line":116,"column":83}},"61":{"start":{"line":116,"column":51},"end":{"line":116,"column":82}},"62":{"start":{"line":117,"column":4},"end":{"line":119,"column":5}},"63":{"start":{"line":118,"column":6},"end":{"line":118,"column":73}},"64":{"start":{"line":123,"column":2},"end":{"line":143,"column":3}},"65":{"start":{"line":124,"column":4},"end":{"line":142,"column":7}},"66":{"start":{"line":125,"column":6},"end":{"line":141,"column":9}},"67":{"start":{"line":126,"column":22},"end":{"line":126,"column":54}},"68":{"start":{"line":127,"column":25},"end":{"line":127,"column":52}},"69":{"start":{"line":129,"column":8},"end":{"line":140,"column":9}},"70":{"start":{"line":131,"column":12},"end":{"line":131,"column":42}},"71":{"start":{"line":133,"column":12},"end":{"line":133,"column":48}},"72":{"start":{"line":135,"column":12},"end":{"line":135,"column":50}},"73":{"start":{"line":137,"column":12},"end":{"line":137,"column":48}},"74":{"start":{"line":139,"column":12},"end":{"line":139,"column":24}},"75":{"start":{"line":146,"column":24},"end":{"line":152,"column":4}},"76":{"start":{"line":147,"column":43},"end":{"line":147,"column":45}},"77":{"start":{"line":148,"column":4},"end":{"line":150,"column":7}},"78":{"start":{"line":149,"column":6},"end":{"line":149,"column":32}},"79":{"start":{"line":151,"column":4},"end":{"line":151,"column":21}},"80":{"start":{"line":155,"column":16},"end":{"line":155,"column":36}},"81":{"start":{"line":156,"column":2},"end":{"line":159,"column":5}},"82":{"start":{"line":95,"column":13},"end":{"line":95,"column":30}}},"fnMap":{"0":{"name":"(anonymous_1)","decl":{"start":{"line":20,"column":29},"end":{"line":20,"column":null}},"loc":{"start":{"line":24,"column":12},"end":{"line":93,"column":1}}},"1":{"name":"(anonymous_2)","decl":{"start":{"line":95,"column":30},"end":{"line":95,"column":null}},"loc":{"start":{"line":103,"column":12},"end":{"line":160,"column":1}}},"2":{"name":"(anonymous_3)","decl":{"start":{"line":116,"column":42},"end":{"line":116,"column":43}},"loc":{"start":{"line":116,"column":51},"end":{"line":116,"column":82}}},"3":{"name":"(anonymous_4)","decl":{"start":{"line":124,"column":23},"end":{"line":124,"column":24}},"loc":{"start":{"line":124,"column":31},"end":{"line":142,"column":5}}},"4":{"name":"(anonymous_5)","decl":{"start":{"line":125,"column":33},"end":{"line":125,"column":34}},"loc":{"start":{"line":125,"column":44},"end":{"line":141,"column":7}}},"5":{"name":"(anonymous_6)","decl":{"start":{"line":146,"column":33},"end":{"line":146,"column":34}},"loc":{"start":{"line":146,"column":41},"end":{"line":152,"column":3}}},"6":{"name":"(anonymous_7)","decl":{"start":{"line":148,"column":20},"end":{"line":148,"column":21}},"loc":{"start":{"line":148,"column":28},"end":{"line":150,"column":5}}}},"branchMap":{"0":{"loc":{"start":{"line":28,"column":2},"end":{"line":30,"column":3}},"type":"if","locations":[{"start":{"line":28,"column":2},"end":{"line":30,"column":3}},{"start":{},"end":{}}]},"1":{"loc":{"start":{"line":36,"column":4},"end":{"line":58,"column":5}},"type":"if","locations":[{"start":{"line":36,"column":4},"end":{"line":58,"column":5}},{"start":{"line":38,"column":11},"end":{"line":58,"column":5}}]},"2":{"loc":{"start":{"line":38,"column":11},"end":{"line":58,"column":5}},"type":"if","locations":[{"start":{"line":38,"column":11},"end":{"line":58,"column":5}},{"start":{"line":40,"column":11},"end":{"line":58,"column":5}}]},"3":{"loc":{"start":{"line":40,"column":11},"end":{"line":58,"column":5}},"type":"if","locations":[{"start":{"line":40,"column":11},"end":{"line":58,"column":5}},{"start":{"line":42,"column":11},"end":{"line":58,"column":5}}]},"4":{"loc":{"start":{"line":42,"column":11},"end":{"line":58,"column":5}},"type":"if","locations":[{"start":{"line":42,"column":11},"end":{"line":58,"column":5}},{"start":{"line":44,"column":11},"end":{"line":58,"column":5}}]},"5":{"loc":{"start":{"line":44,"column":11},"end":{"line":58,"column":5}},"type":"if","locations":[{"start":{"line":44,"column":11},"end":{"line":58,"column":5}},{"start":{"line":46,"column":11},"end":{"line":58,"column":5}}]},"6":{"loc":{"start":{"line":46,"column":11},"end":{"line":58,"column":5}},"type":"if","locations":[{"start":{"line":46,"column":11},"end":{"line":58,"column":5}},{"start":{"line":48,"column":11},"end":{"line":58,"column":5}}]},"7":{"loc":{"start":{"line":48,"column":11},"end":{"line":58,"column":5}},"type":"if","locations":[{"start":{"line":48,"column":11},"end":{"line":58,"column":5}},{"start":{"line":50,"column":11},"end":{"line":58,"column":5}}]},"8":{"loc":{"start":{"line":50,"column":11},"end":{"line":58,"column":5}},"type":"if","locations":[{"start":{"line":50,"column":11},"end":{"line":58,"column":5}},{"start":{"line":52,"column":11},"end":{"line":58,"column":5}}]},"9":{"loc":{"start":{"line":52,"column":11},"end":{"line":58,"column":5}},"type":"if","locations":[{"start":{"line":52,"column":11},"end":{"line":58,"column":5}},{"start":{"line":54,"column":11},"end":{"line":58,"column":5}}]},"10":{"loc":{"start":{"line":54,"column":11},"end":{"line":58,"column":5}},"type":"if","locations":[{"start":{"line":54,"column":11},"end":{"line":58,"column":5}},{"start":{"line":56,"column":11},"end":{"line":58,"column":5}}]},"11":{"loc":{"start":{"line":63,"column":4},"end":{"line":85,"column":5}},"type":"if","locations":[{"start":{"line":63,"column":4},"end":{"line":85,"column":5}},{"start":{"line":65,"column":11},"end":{"line":85,"column":5}}]},"12":{"loc":{"start":{"line":65,"column":11},"end":{"line":85,"column":5}},"type":"if","locations":[{"start":{"line":65,"column":11},"end":{"line":85,"column":5}},{"start":{"line":67,"column":11},"end":{"line":85,"column":5}}]},"13":{"loc":{"start":{"line":67,"column":11},"end":{"line":85,"column":5}},"type":"if","locations":[{"start":{"line":67,"column":11},"end":{"line":85,"column":5}},{"start":{"line":69,"column":11},"end":{"line":85,"column":5}}]},"14":{"loc":{"start":{"line":69,"column":11},"end":{"line":85,"column":5}},"type":"if","locations":[{"start":{"line":69,"column":11},"end":{"line":85,"column":5}},{"start":{"line":71,"column":11},"end":{"line":85,"column":5}}]},"15":{"loc":{"start":{"line":71,"column":11},"end":{"line":85,"column":5}},"type":"if","locations":[{"start":{"line":71,"column":11},"end":{"line":85,"column":5}},{"start":{"line":73,"column":11},"end":{"line":85,"column":5}}]},"16":{"loc":{"start":{"line":73,"column":11},"end":{"line":85,"column":5}},"type":"if","locations":[{"start":{"line":73,"column":11},"end":{"line":85,"column":5}},{"start":{"line":75,"column":11},"end":{"line":85,"column":5}}]},"17":{"loc":{"start":{"line":75,"column":11},"end":{"line":85,"column":5}},"type":"if","locations":[{"start":{"line":75,"column":11},"end":{"line":85,"column":5}},{"start":{"line":77,"column":11},"end":{"line":85,"column":5}}]},"18":{"loc":{"start":{"line":77,"column":11},"end":{"line":85,"column":5}},"type":"if","locations":[{"start":{"line":77,"column":11},"end":{"line":85,"column":5}},{"start":{"line":79,"column":11},"end":{"line":85,"column":5}}]},"19":{"loc":{"start":{"line":79,"column":11},"end":{"line":85,"column":5}},"type":"if","locations":[{"start":{"line":79,"column":11},"end":{"line":85,"column":5}},{"start":{"line":81,"column":11},"end":{"line":85,"column":5}}]},"20":{"loc":{"start":{"line":81,"column":11},"end":{"line":85,"column":5}},"type":"if","locations":[{"start":{"line":81,"column":11},"end":{"line":85,"column":5}},{"start":{"line":83,"column":11},"end":{"line":85,"column":5}}]},"21":{"loc":{"start":{"line":114,"column":2},"end":{"line":120,"column":3}},"type":"if","locations":[{"start":{"line":114,"column":2},"end":{"line":120,"column":3}},{"start":{},"end":{}}]},"22":{"loc":{"start":{"line":117,"column":4},"end":{"line":119,"column":5}},"type":"if","locations":[{"start":{"line":117,"column":4},"end":{"line":119,"column":5}},{"start":{},"end":{}}]},"23":{"loc":{"start":{"line":123,"column":2},"end":{"line":143,"column":3}},"type":"if","locations":[{"start":{"line":123,"column":2},"end":{"line":143,"column":3}},{"start":{},"end":{}}]},"24":{"loc":{"start":{"line":123,"column":6},"end":{"line":123,"column":47}},"type":"binary-expr","locations":[{"start":{"line":123,"column":6},"end":{"line":123,"column":19}},{"start":{"line":123,"column":23},"end":{"line":123,"column":47}}]},"25":{"loc":{"start":{"line":126,"column":29},"end":{"line":126,"column":53}},"type":"binary-expr","locations":[{"start":{"line":126,"column":29},"end":{"line":126,"column":47}},{"start":{"line":126,"column":51},"end":{"line":126,"column":53}}]},"26":{"loc":{"start":{"line":127,"column":25},"end":{"line":127,"column":52}},"type":"binary-expr","locations":[{"start":{"line":127,"column":25},"end":{"line":127,"column":40}},{"start":{"line":127,"column":44},"end":{"line":127,"column":52}}]},"27":{"loc":{"start":{"line":129,"column":8},"end":{"line":140,"column":9}},"type":"switch","locations":[{"start":{"line":130,"column":10},"end":{"line":131,"column":42}},{"start":{"line":132,"column":10},"end":{"line":133,"column":48}},{"start":{"line":134,"column":10},"end":{"line":135,"column":50}},{"start":{"line":136,"column":10},"end":{"line":137,"column":48}},{"start":{"line":138,"column":10},"end":{"line":139,"column":24}}]}},"s":{"0":0,"1":0,"2":0,"3":0,"4":0,"5":0,"6":0,"7":0,"8":0,"9":0,"10":0,"11":0,"12":0,"13":0,"14":0,"15":0,"16":0,"17":0,"18":0,"19":0,"20":0,"21":0,"22":0,"23":0,"24":0,"25":0,"26":0,"27":0,"28":0,"29":0,"30":0,"31":0,"32":0,"33":0,"34":0,"35":0,"36":0,"37":0,"38":0,"39":0,"40":0,"41":0,"42":0,"43":0,"44":0,"45":0,"46":0,"47":0,"48":0,"49":0,"50":0,"51":0,"52":0,"53":0,"54":0,"55":0,"56":0,"57":0,"58":0,"59":0,"60":0,"61":0,"62":0,"63":0,"64":0,"65":0,"66":0,"67":0,"68":0,"69":0,"70":0,"71":0,"72":0,"73":0,"74":0,"75":0,"76":0,"77":0,"78":0,"79":0,"80":0,"81":0,"82":0},"f":{"0":0,"1":0,"2":0,"3":0,"4":0,"5":0,"6":0},"b":{"0":[0,0],"1":[0,0],"2":[0,0],"3":[0,0],"4":[0,0],"5":[0,0],"6":[0,0],"7":[0,0],"8":[0,0],"9":[0,0],"10":[0,0],"11":[0,0],"12":[0,0],"13":[0,0],"14":[0,0],"15":[0,0],"16":[0,0],"17":[0,0],"18":[0,0],"19":[0,0],"20":[0,0],"21":[0,0],"22":[0,0],"23":[0,0],"24":[0,0],"25":[0,0],"26":[0,0],"27":[0,0,0,0,0]}}
,"/workspaces/ToolBox/backend/src/utils/csvUtils.ts": {"path":"/workspaces/ToolBox/backend/src/utils/csvUtils.ts","statementMap":{"0":{"start":{"line":1,"column":0},"end":{"line":1,"column":29}},"1":{"start":{"line":8,"column":24},"end":{"line":23,"column":1}},"2":{"start":{"line":9,"column":17},"end":{"line":13,"column":4}},"3":{"start":{"line":15,"column":2},"end":{"line":17,"column":3}},"4":{"start":{"line":16,"column":4},"end":{"line":16,"column":68}},"5":{"start":{"line":19,"column":18},"end":{"line":19,"column":42}},"6":{"start":{"line":20,"column":15},"end":{"line":20,"column":51}},"7":{"start":{"line":22,"column":2},"end":{"line":22,"column":27}},"8":{"start":{"line":8,"column":13},"end":{"line":8,"column":24}},"9":{"start":{"line":25,"column":27},"end":{"line":37,"column":1}},"10":{"start":{"line":26,"column":2},"end":{"line":28,"column":3}},"11":{"start":{"line":27,"column":4},"end":{"line":27,"column":14}},"12":{"start":{"line":30,"column":15},"end":{"line":30,"column":46}},"13":{"start":{"line":31,"column":18},"end":{"line":34,"column":4}},"14":{"start":{"line":36,"column":2},"end":{"line":36,"column":17}},"15":{"start":{"line":25,"column":13},"end":{"line":25,"column":27}}},"fnMap":{"0":{"name":"(anonymous_1)","decl":{"start":{"line":8,"column":24},"end":{"line":8,"column":25}},"loc":{"start":{"line":8,"column":55},"end":{"line":23,"column":1}}},"1":{"name":"(anonymous_2)","decl":{"start":{"line":25,"column":27},"end":{"line":25,"column":28}},"loc":{"start":{"line":25,"column":87},"end":{"line":37,"column":1}}}},"branchMap":{"0":{"loc":{"start":{"line":15,"column":2},"end":{"line":17,"column":3}},"type":"if","locations":[{"start":{"line":15,"column":2},"end":{"line":17,"column":3}},{"start":{},"end":{}}]},"1":{"loc":{"start":{"line":19,"column":18},"end":{"line":19,"column":42}},"type":"binary-expr","locations":[{"start":{"line":19,"column":18},"end":{"line":19,"column":36}},{"start":{"line":19,"column":40},"end":{"line":19,"column":42}}]},"2":{"loc":{"start":{"line":26,"column":2},"end":{"line":28,"column":3}},"type":"if","locations":[{"start":{"line":26,"column":2},"end":{"line":28,"column":3}},{"start":{},"end":{}}]},"3":{"loc":{"start":{"line":30,"column":15},"end":{"line":30,"column":46}},"type":"binary-expr","locations":[{"start":{"line":30,"column":15},"end":{"line":30,"column":22}},{"start":{"line":30,"column":26},"end":{"line":30,"column":46}}]}},"s":{"0":1,"1":1,"2":6,"3":6,"4":0,"5":6,"6":6,"7":6,"8":1,"9":1,"10":4,"11":0,"12":4,"13":4,"14":4,"15":1},"f":{"0":6,"1":4},"b":{"0":[0,6],"1":[6,0],"2":[0,4],"3":[4,4]}}
,"/workspaces/ToolBox/backend/src/utils/logger.ts": {"path":"/workspaces/ToolBox/backend/src/utils/logger.ts","statementMap":{"0":{"start":{"line":1,"column":0},"end":{"line":1,"column":30}},"1":{"start":{"line":3,"column":15},"end":{"line":16,"column":2}},"2":{"start":{"line":18,"column":0},"end":{"line":30,"column":1}},"3":{"start":{"line":19,"column":2},"end":{"line":29,"column":4}},"4":{"start":{"line":25,"column":12},"end":{"line":25,"column":49}},"5":{"start":{"line":32,"column":0},"end":{"line":32,"column":22}}},"fnMap":{"0":{"name":"(anonymous_1)","decl":{"start":{"line":24,"column":10},"end":{"line":24,"column":11}},"loc":{"start":{"line":25,"column":12},"end":{"line":25,"column":49}}}},"branchMap":{"0":{"loc":{"start":{"line":4,"column":9},"end":{"line":4,"column":40}},"type":"binary-expr","locations":[{"start":{"line":4,"column":9},"end":{"line":4,"column":30}},{"start":{"line":4,"column":34},"end":{"line":4,"column":40}}]},"1":{"loc":{"start":{"line":18,"column":0},"end":{"line":30,"column":1}},"type":"if","locations":[{"start":{"line":18,"column":0},"end":{"line":30,"column":1}},{"start":{},"end":{}}]}},"s":{"0":0,"1":0,"2":0,"3":0,"4":0,"5":0},"f":{"0":0},"b":{"0":[0,0],"1":[0,0]}}
,"/workspaces/ToolBox/backend/src/utils/validation.ts": {"path":"/workspaces/ToolBox/backend/src/utils/validation.ts","statementMap":{"0":{"start":{"line":28,"column":0},"end":{"line":28,"column":16}},"1":{"start":{"line":40,"column":0},"end":{"line":40,"column":16}},"2":{"start":{"line":51,"column":0},"end":{"line":51,"column":16}},"3":{"start":{"line":62,"column":0},"end":{"line":62,"column":16}},"4":{"start":{"line":84,"column":0},"end":{"line":84,"column":16}},"5":{"start":{"line":92,"column":0},"end":{"line":92,"column":16}},"6":{"start":{"line":109,"column":0},"end":{"line":109,"column":16}},"7":{"start":{"line":142,"column":0},"end":{"line":142,"column":16}},"8":{"start":{"line":6,"column":13},"end":{"line":6,"column":46}},"9":{"start":{"line":9,"column":13},"end":{"line":9,"column":47}},"10":{"start":{"line":12,"column":13},"end":{"line":23,"column":2}},"11":{"start":{"line":29,"column":2},"end":{"line":31,"column":3}},"12":{"start":{"line":30,"column":4},"end":{"line":30,"column":17}},"13":{"start":{"line":33,"column":22},"end":{"line":33,"column":53}},"14":{"start":{"line":34,"column":2},"end":{"line":34,"column":38}},"15":{"start":{"line":41,"column":2},"end":{"line":43,"column":3}},"16":{"start":{"line":42,"column":4},"end":{"line":42,"column":17}},"17":{"start":{"line":45,"column":2},"end":{"line":45,"column":40}},"18":{"start":{"line":52,"column":2},"end":{"line":54,"column":3}},"19":{"start":{"line":53,"column":4},"end":{"line":53,"column":17}},"20":{"start":{"line":56,"column":2},"end":{"line":56,"column":61}},"21":{"start":{"line":63,"column":2},"end":{"line":65,"column":3}},"22":{"start":{"line":64,"column":4},"end":{"line":64,"column":14}},"23":{"start":{"line":68,"column":2},"end":{"line":78,"column":24}},"24":{"start":{"line":70,"column":51},"end":{"line":75,"column":8}},"25":{"start":{"line":76,"column":6},"end":{"line":76,"column":30}},"26":{"start":{"line":85,"column":23},"end":{"line":85,"column":82}},"27":{"start":{"line":86,"column":2},"end":{"line":86,"column":83}},"28":{"start":{"line":93,"column":2},"end":{"line":95,"column":3}},"29":{"start":{"line":94,"column":4},"end":{"line":94,"column":17}},"30":{"start":{"line":97,"column":2},"end":{"line":99,"column":3}},"31":{"start":{"line":98,"column":4},"end":{"line":98,"column":17}},"32":{"start":{"line":101,"column":2},"end":{"line":103,"column":5}},"33":{"start":{"line":102,"column":4},"end":{"line":102,"column":74}},"34":{"start":{"line":110,"column":2},"end":{"line":112,"column":3}},"35":{"start":{"line":111,"column":4},"end":{"line":111,"column":16}},"36":{"start":{"line":114,"column":2},"end":{"line":116,"column":3}},"37":{"start":{"line":115,"column":4},"end":{"line":115,"column":17}},"38":{"start":{"line":118,"column":25},"end":{"line":118,"column":73}},"39":{"start":{"line":120,"column":2},"end":{"line":134,"column":3}},"40":{"start":{"line":121,"column":19},"end":{"line":121,"column":37}},"41":{"start":{"line":123,"column":4},"end":{"line":125,"column":5}},"42":{"start":{"line":124,"column":6},"end":{"line":124,"column":19}},"43":{"start":{"line":127,"column":4},"end":{"line":129,"column":5}},"44":{"start":{"line":128,"column":6},"end":{"line":128,"column":19}},"45":{"start":{"line":131,"column":4},"end":{"line":133,"column":5}},"46":{"start":{"line":132,"column":6},"end":{"line":132,"column":19}},"47":{"start":{"line":136,"column":2},"end":{"line":136,"column":14}},"48":{"start":{"line":143,"column":18},"end":{"line":143,"column":64}},"49":{"start":{"line":146,"column":20},"end":{"line":149,"column":22}},"50":{"start":{"line":151,"column":2},"end":{"line":151,"column":19}},"51":{"start":{"line":157,"column":13},"end":{"line":185,"column":2}}},"fnMap":{"0":{"name":"validateFileSize","decl":{"start":{"line":28,"column":16},"end":{"line":28,"column":32}},"loc":{"start":{"line":28,"column":45},"end":{"line":35,"column":1}}},"1":{"name":"validateDataLength","decl":{"start":{"line":40,"column":16},"end":{"line":40,"column":34}},"loc":{"start":{"line":40,"column":47},"end":{"line":46,"column":1}}},"2":{"name":"validateMimeType","decl":{"start":{"line":51,"column":16},"end":{"line":51,"column":32}},"loc":{"start":{"line":51,"column":49},"end":{"line":57,"column":1}}},"3":{"name":"sanitizeInput","decl":{"start":{"line":62,"column":16},"end":{"line":62,"column":29}},"loc":{"start":{"line":62,"column":43},"end":{"line":79,"column":1}}},"4":{"name":"(anonymous_4)","decl":{"start":{"line":69,"column":25},"end":{"line":69,"column":30}},"loc":{"start":{"line":69,"column":33},"end":{"line":77,"column":5}}},"5":{"name":"isValidFormat","decl":{"start":{"line":84,"column":16},"end":{"line":84,"column":29}},"loc":{"start":{"line":84,"column":44},"end":{"line":87,"column":1}}},"6":{"name":"validateColumns","decl":{"start":{"line":92,"column":16},"end":{"line":92,"column":31}},"loc":{"start":{"line":92,"column":44},"end":{"line":104,"column":1}}},"7":{"name":"(anonymous_7)","decl":{"start":{"line":101,"column":23},"end":{"line":101,"column":24}},"loc":{"start":{"line":101,"column":36},"end":{"line":103,"column":3}}},"8":{"name":"validateFilterOptions","decl":{"start":{"line":109,"column":16},"end":{"line":109,"column":37}},"loc":{"start":{"line":109,"column":56},"end":{"line":137,"column":1}}},"9":{"name":"sanitizeErrorMessage","decl":{"start":{"line":142,"column":16},"end":{"line":142,"column":36}},"loc":{"start":{"line":142,"column":47},"end":{"line":152,"column":1}}}},"branchMap":{"0":{"loc":{"start":{"line":29,"column":2},"end":{"line":31,"column":3}},"type":"if","locations":[{"start":{"line":29,"column":2},"end":{"line":31,"column":3}},{"start":{},"end":{}}]},"1":{"loc":{"start":{"line":41,"column":2},"end":{"line":43,"column":3}},"type":"if","locations":[{"start":{"line":41,"column":2},"end":{"line":43,"column":3}},{"start":{},"end":{}}]},"2":{"loc":{"start":{"line":52,"column":2},"end":{"line":54,"column":3}},"type":"if","locations":[{"start":{"line":52,"column":2},"end":{"line":54,"column":3}},{"start":{},"end":{}}]},"3":{"loc":{"start":{"line":52,"column":6},"end":{"line":52,"column":47}},"type":"binary-expr","locations":[{"start":{"line":52,"column":6},"end":{"line":52,"column":15}},{"start":{"line":52,"column":19},"end":{"line":52,"column":47}}]},"4":{"loc":{"start":{"line":63,"column":2},"end":{"line":65,"column":3}},"type":"if","locations":[{"start":{"line":63,"column":2},"end":{"line":65,"column":3}},{"start":{},"end":{}}]},"5":{"loc":{"start":{"line":86,"column":9},"end":{"line":86,"column":82}},"type":"binary-expr","locations":[{"start":{"line":86,"column":9},"end":{"line":86,"column":35}},{"start":{"line":86,"column":39},"end":{"line":86,"column":82}}]},"6":{"loc":{"start":{"line":93,"column":2},"end":{"line":95,"column":3}},"type":"if","locations":[{"start":{"line":93,"column":2},"end":{"line":95,"column":3}},{"start":{},"end":{}}]},"7":{"loc":{"start":{"line":97,"column":2},"end":{"line":99,"column":3}},"type":"if","locations":[{"start":{"line":97,"column":2},"end":{"line":99,"column":3}},{"start":{},"end":{}}]},"8":{"loc":{"start":{"line":97,"column":6},"end":{"line":97,"column":50}},"type":"binary-expr","locations":[{"start":{"line":97,"column":6},"end":{"line":97,"column":26}},{"start":{"line":97,"column":30},"end":{"line":97,"column":50}}]},"9":{"loc":{"start":{"line":102,"column":11},"end":{"line":102,"column":73}},"type":"binary-expr","locations":[{"start":{"line":102,"column":11},"end":{"line":102,"column":34}},{"start":{"line":102,"column":38},"end":{"line":102,"column":52}},{"start":{"line":102,"column":56},"end":{"line":102,"column":73}}]},"10":{"loc":{"start":{"line":110,"column":2},"end":{"line":112,"column":3}},"type":"if","locations":[{"start":{"line":110,"column":2},"end":{"line":112,"column":3}},{"start":{},"end":{}}]},"11":{"loc":{"start":{"line":114,"column":2},"end":{"line":116,"column":3}},"type":"if","locations":[{"start":{"line":114,"column":2},"end":{"line":116,"column":3}},{"start":{},"end":{}}]},"12":{"loc":{"start":{"line":114,"column":6},"end":{"line":114,"column":71}},"type":"binary-expr","locations":[{"start":{"line":114,"column":6},"end":{"line":114,"column":39}},{"start":{"line":114,"column":43},"end":{"line":114,"column":71}}]},"13":{"loc":{"start":{"line":123,"column":4},"end":{"line":125,"column":5}},"type":"if","locations":[{"start":{"line":123,"column":4},"end":{"line":125,"column":5}},{"start":{},"end":{}}]},"14":{"loc":{"start":{"line":123,"column":8},"end":{"line":123,"column":45}},"type":"binary-expr","locations":[{"start":{"line":123,"column":8},"end":{"line":123,"column":15}},{"start":{"line":123,"column":19},"end":{"line":123,"column":45}}]},"15":{"loc":{"start":{"line":127,"column":4},"end":{"line":129,"column":5}},"type":"if","locations":[{"start":{"line":127,"column":4},"end":{"line":129,"column":5}},{"start":{},"end":{}}]},"16":{"loc":{"start":{"line":131,"column":4},"end":{"line":133,"column":5}},"type":"if","locations":[{"start":{"line":131,"column":4},"end":{"line":133,"column":5}},{"start":{},"end":{}}]},"17":{"loc":{"start":{"line":131,"column":8},"end":{"line":131,"column":69}},"type":"binary-expr","locations":[{"start":{"line":131,"column":8},"end":{"line":131,"column":40}},{"start":{"line":131,"column":44},"end":{"line":131,"column":69}}]},"18":{"loc":{"start":{"line":143,"column":19},"end":{"line":143,"column":52}},"type":"binary-expr","locations":[{"start":{"line":143,"column":19},"end":{"line":143,"column":33}},{"start":{"line":143,"column":37},"end":{"line":143,"column":52}}]}},"s":{"0":1,"1":1,"2":1,"3":1,"4":1,"5":1,"6":1,"7":1,"8":1,"9":1,"10":1,"11":0,"12":0,"13":0,"14":0,"15":3,"16":1,"17":2,"18":0,"19":0,"20":0,"21":4,"22":1,"23":3,"24":8,"25":8,"26":13,"27":13,"28":5,"29":1,"30":4,"31":1,"32":3,"33":7,"34":0,"35":0,"36":0,"37":0,"38":0,"39":0,"40":0,"41":0,"42":0,"43":0,"44":0,"45":0,"46":0,"47":0,"48":0,"49":0,"50":0,"51":1},"f":{"0":0,"1":3,"2":0,"3":4,"4":8,"5":13,"6":5,"7":7,"8":0,"9":0},"b":{"0":[0,0],"1":[1,2],"2":[0,0],"3":[0,0],"4":[1,3],"5":[13,12],"6":[1,4],"7":[1,3],"8":[4,3],"9":[7,6,5],"10":[0,0],"11":[0,0],"12":[0,0],"13":[0,0],"14":[0,0],"15":[0,0],"16":[0,0],"17":[0,0],"18":[0,0]}}
}
