{"/home/jomardyan/Dev/ToolBox/backend/src/app.ts": {"path":"/home/jomardyan/Dev/ToolBox/backend/src/app.ts","statementMap":{"0":{"start":{"line":3,"column":0},"end":{"line":3,"column":76}},"1":{"start":{"line":4,"column":0},"end":{"line":4,"column":24}},"2":{"start":{"line":5,"column":0},"end":{"line":5,"column":41}},"3":{"start":{"line":6,"column":0},"end":{"line":6,"column":28}},"4":{"start":{"line":7,"column":0},"end":{"line":7,"column":38}},"5":{"start":{"line":8,"column":0},"end":{"line":8,"column":43}},"6":{"start":{"line":9,"column":0},"end":{"line":9,"column":28}},"7":{"start":{"line":10,"column":0},"end":{"line":10,"column":36}},"8":{"start":{"line":11,"column":0},"end":{"line":11,"column":56}},"9":{"start":{"line":12,"column":0},"end":{"line":12,"column":65}},"10":{"start":{"line":13,"column":0},"end":{"line":13,"column":71}},"11":{"start":{"line":14,"column":0},"end":{"line":14,"column":59}},"12":{"start":{"line":17,"column":0},"end":{"line":17,"column":45}},"13":{"start":{"line":18,"column":0},"end":{"line":18,"column":51}},"14":{"start":{"line":19,"column":0},"end":{"line":19,"column":49}},"15":{"start":{"line":20,"column":0},"end":{"line":20,"column":47}},"16":{"start":{"line":21,"column":0},"end":{"line":21,"column":61}},"17":{"start":{"line":22,"column":0},"end":{"line":22,"column":51}},"18":{"start":{"line":23,"column":0},"end":{"line":23,"column":66}},"19":{"start":{"line":24,"column":0},"end":{"line":24,"column":58}},"20":{"start":{"line":25,"column":0},"end":{"line":25,"column":58}},"21":{"start":{"line":26,"column":0},"end":{"line":26,"column":51}},"22":{"start":{"line":27,"column":0},"end":{"line":27,"column":47}},"23":{"start":{"line":28,"column":0},"end":{"line":28,"column":55}},"24":{"start":{"line":29,"column":0},"end":{"line":29,"column":51}},"25":{"start":{"line":30,"column":0},"end":{"line":30,"column":57}},"26":{"start":{"line":32,"column":21},"end":{"line":32,"column":30}},"27":{"start":{"line":37,"column":0},"end":{"line":37,"column":26}},"28":{"start":{"line":40,"column":0},"end":{"line":60,"column":4}},"29":{"start":{"line":61,"column":0},"end":{"line":61,"column":23}},"30":{"start":{"line":64,"column":22},"end":{"line":106,"column":1}},"31":{"start":{"line":65,"column":24},"end":{"line":65,"column":97}},"32":{"start":{"line":67,"column":2},"end":{"line":105,"column":3}},"33":{"start":{"line":69,"column":4},"end":{"line":91,"column":6}},"34":{"start":{"line":71,"column":6},"end":{"line":71,"column":47}},"35":{"start":{"line":71,"column":19},"end":{"line":71,"column":47}},"36":{"start":{"line":74,"column":6},"end":{"line":76,"column":7}},"37":{"start":{"line":75,"column":8},"end":{"line":75,"column":36}},"38":{"start":{"line":79,"column":6},"end":{"line":81,"column":7}},"39":{"start":{"line":80,"column":8},"end":{"line":80,"column":36}},"40":{"start":{"line":84,"column":29},"end":{"line":84,"column":100}},"41":{"start":{"line":84,"column":85},"end":{"line":84,"column":93}},"42":{"start":{"line":85,"column":6},"end":{"line":87,"column":7}},"43":{"start":{"line":86,"column":8},"end":{"line":86,"column":36}},"44":{"start":{"line":89,"column":6},"end":{"line":89,"column":65}},"45":{"start":{"line":90,"column":6},"end":{"line":90,"column":34}},"46":{"start":{"line":94,"column":4},"end":{"line":104,"column":6}},"47":{"start":{"line":95,"column":6},"end":{"line":95,"column":47}},"48":{"start":{"line":95,"column":19},"end":{"line":95,"column":47}},"49":{"start":{"line":97,"column":29},"end":{"line":97,"column":100}},"50":{"start":{"line":97,"column":85},"end":{"line":97,"column":93}},"51":{"start":{"line":98,"column":6},"end":{"line":100,"column":7}},"52":{"start":{"line":99,"column":8},"end":{"line":99,"column":36}},"53":{"start":{"line":102,"column":6},"end":{"line":102,"column":68}},"54":{"start":{"line":103,"column":6},"end":{"line":103,"column":65}},"55":{"start":{"line":108,"column":0},"end":{"line":125,"column":4}},"56":{"start":{"line":128,"column":0},"end":{"line":128,"column":41}},"57":{"start":{"line":129,"column":0},"end":{"line":129,"column":63}},"58":{"start":{"line":132,"column":0},"end":{"line":132,"column":24}},"59":{"start":{"line":135,"column":0},"end":{"line":140,"column":3}},"60":{"start":{"line":136,"column":20},"end":{"line":136,"column":80}},"61":{"start":{"line":137,"column":3},"end":{"line":137,"column":37}},"62":{"start":{"line":138,"column":2},"end":{"line":138,"column":43}},"63":{"start":{"line":139,"column":2},"end":{"line":139,"column":9}},"64":{"start":{"line":143,"column":18},"end":{"line":162,"column":2}},"65":{"start":{"line":151,"column":4},"end":{"line":151,"column":64}},"66":{"start":{"line":154,"column":4},"end":{"line":154,"column":95}},"67":{"start":{"line":155,"column":4},"end":{"line":160,"column":7}},"68":{"start":{"line":163,"column":0},"end":{"line":163,"column":28}},"69":{"start":{"line":166,"column":0},"end":{"line":166,"column":34}},"70":{"start":{"line":169,"column":0},"end":{"line":180,"column":3}},"71":{"start":{"line":170,"column":20},"end":{"line":170,"column":30}},"72":{"start":{"line":171,"column":2},"end":{"line":171,"column":71}},"73":{"start":{"line":174,"column":2},"end":{"line":177,"column":5}},"74":{"start":{"line":175,"column":21},"end":{"line":175,"column":43}},"75":{"start":{"line":176,"column":4},"end":{"line":176,"column":82}},"76":{"start":{"line":179,"column":2},"end":{"line":179,"column":9}},"77":{"start":{"line":183,"column":0},"end":{"line":183,"column":46}},"78":{"start":{"line":184,"column":0},"end":{"line":184,"column":47}},"79":{"start":{"line":187,"column":0},"end":{"line":187,"column":49}},"80":{"start":{"line":190,"column":0},"end":{"line":198,"column":3}},"81":{"start":{"line":191,"column":2},"end":{"line":197,"column":5}},"82":{"start":{"line":201,"column":0},"end":{"line":201,"column":39}},"83":{"start":{"line":206,"column":0},"end":{"line":206,"column":44}},"84":{"start":{"line":207,"column":0},"end":{"line":207,"column":44}},"85":{"start":{"line":208,"column":0},"end":{"line":208,"column":40}},"86":{"start":{"line":209,"column":0},"end":{"line":209,"column":54}},"87":{"start":{"line":210,"column":0},"end":{"line":210,"column":44}},"88":{"start":{"line":213,"column":0},"end":{"line":213,"column":54}},"89":{"start":{"line":214,"column":0},"end":{"line":214,"column":46}},"90":{"start":{"line":215,"column":0},"end":{"line":215,"column":46}},"91":{"start":{"line":218,"column":0},"end":{"line":218,"column":33}},"92":{"start":{"line":221,"column":0},"end":{"line":221,"column":35}},"93":{"start":{"line":224,"column":0},"end":{"line":224,"column":37}},"94":{"start":{"line":227,"column":0},"end":{"line":227,"column":38}},"95":{"start":{"line":230,"column":0},"end":{"line":230,"column":34}},"96":{"start":{"line":235,"column":0},"end":{"line":242,"column":3}},"97":{"start":{"line":236,"column":2},"end":{"line":241,"column":5}},"98":{"start":{"line":245,"column":0},"end":{"line":271,"column":3}},"99":{"start":{"line":246,"column":21},"end":{"line":246,"column":55}},"100":{"start":{"line":249,"column":2},"end":{"line":255,"column":5}},"101":{"start":{"line":257,"column":21},"end":{"line":257,"column":42}},"102":{"start":{"line":260,"column":24},"end":{"line":262,"column":37}},"103":{"start":{"line":264,"column":2},"end":{"line":270,"column":5}},"104":{"start":{"line":273,"column":0},"end":{"line":273,"column":19}}},"fnMap":{"0":{"name":"(anonymous_1)","decl":{"start":{"line":64,"column":22},"end":{"line":64,"column":25}},"loc":{"start":{"line":64,"column":27},"end":{"line":106,"column":1}}},"1":{"name":"(anonymous_2)","decl":{"start":{"line":69,"column":11},"end":{"line":69,"column":12}},"loc":{"start":{"line":69,"column":98},"end":{"line":91,"column":5}}},"2":{"name":"(anonymous_3)","decl":{"start":{"line":84,"column":70},"end":{"line":84,"column":71}},"loc":{"start":{"line":84,"column":85},"end":{"line":84,"column":93}}},"3":{"name":"(anonymous_4)","decl":{"start":{"line":94,"column":11},"end":{"line":94,"column":12}},"loc":{"start":{"line":94,"column":98},"end":{"line":104,"column":5}}},"4":{"name":"(anonymous_5)","decl":{"start":{"line":97,"column":70},"end":{"line":97,"column":71}},"loc":{"start":{"line":97,"column":85},"end":{"line":97,"column":93}}},"5":{"name":"(anonymous_6)","decl":{"start":{"line":135,"column":8},"end":{"line":135,"column":9}},"loc":{"start":{"line":135,"column":60},"end":{"line":140,"column":1}}},"6":{"name":"(anonymous_7)","decl":{"start":{"line":149,"column":8},"end":{"line":149,"column":9}},"loc":{"start":{"line":149,"column":25},"end":{"line":152,"column":3}}},"7":{"name":"(anonymous_8)","decl":{"start":{"line":153,"column":11},"end":{"line":153,"column":12}},"loc":{"start":{"line":153,"column":43},"end":{"line":161,"column":3}}},"8":{"name":"(anonymous_9)","decl":{"start":{"line":169,"column":8},"end":{"line":169,"column":9}},"loc":{"start":{"line":169,"column":60},"end":{"line":180,"column":1}}},"9":{"name":"(anonymous_10)","decl":{"start":{"line":174,"column":19},"end":{"line":174,"column":22}},"loc":{"start":{"line":174,"column":24},"end":{"line":177,"column":3}}},"10":{"name":"(anonymous_11)","decl":{"start":{"line":190,"column":19},"end":{"line":190,"column":20}},"loc":{"start":{"line":190,"column":52},"end":{"line":198,"column":1}}},"11":{"name":"(anonymous_12)","decl":{"start":{"line":235,"column":8},"end":{"line":235,"column":9}},"loc":{"start":{"line":235,"column":40},"end":{"line":242,"column":1}}},"12":{"name":"(anonymous_13)","decl":{"start":{"line":245,"column":8},"end":{"line":245,"column":9}},"loc":{"start":{"line":245,"column":71},"end":{"line":271,"column":1}}}},"branchMap":{"0":{"loc":{"start":{"line":65,"column":24},"end":{"line":65,"column":97}},"type":"binary-expr","locations":[{"start":{"line":65,"column":24},"end":{"line":65,"column":62}},{"start":{"line":65,"column":66},"end":{"line":65,"column":97}}]},"1":{"loc":{"start":{"line":67,"column":2},"end":{"line":105,"column":3}},"type":"if","locations":[{"start":{"line":67,"column":2},"end":{"line":105,"column":3}},{"start":{"line":92,"column":9},"end":{"line":105,"column":3}}]},"2":{"loc":{"start":{"line":71,"column":6},"end":{"line":71,"column":47}},"type":"if","locations":[{"start":{"line":71,"column":6},"end":{"line":71,"column":47}},{"start":{},"end":{}}]},"3":{"loc":{"start":{"line":74,"column":6},"end":{"line":76,"column":7}},"type":"if","locations":[{"start":{"line":74,"column":6},"end":{"line":76,"column":7}},{"start":{},"end":{}}]},"4":{"loc":{"start":{"line":74,"column":10},"end":{"line":74,"column":70}},"type":"binary-expr","locations":[{"start":{"line":74,"column":10},"end":{"line":74,"column":38}},{"start":{"line":74,"column":42},"end":{"line":74,"column":70}}]},"5":{"loc":{"start":{"line":79,"column":6},"end":{"line":81,"column":7}},"type":"if","locations":[{"start":{"line":79,"column":6},"end":{"line":81,"column":7}},{"start":{},"end":{}}]},"6":{"loc":{"start":{"line":79,"column":10},"end":{"line":79,"column":77}},"type":"binary-expr","locations":[{"start":{"line":79,"column":10},"end":{"line":79,"column":40}},{"start":{"line":79,"column":44},"end":{"line":79,"column":77}}]},"7":{"loc":{"start":{"line":84,"column":29},"end":{"line":84,"column":100}},"type":"binary-expr","locations":[{"start":{"line":84,"column":29},"end":{"line":84,"column":94}},{"start":{"line":84,"column":98},"end":{"line":84,"column":100}}]},"8":{"loc":{"start":{"line":85,"column":6},"end":{"line":87,"column":7}},"type":"if","locations":[{"start":{"line":85,"column":6},"end":{"line":87,"column":7}},{"start":{},"end":{}}]},"9":{"loc":{"start":{"line":95,"column":6},"end":{"line":95,"column":47}},"type":"if","locations":[{"start":{"line":95,"column":6},"end":{"line":95,"column":47}},{"start":{},"end":{}}]},"10":{"loc":{"start":{"line":97,"column":29},"end":{"line":97,"column":100}},"type":"binary-expr","locations":[{"start":{"line":97,"column":29},"end":{"line":97,"column":94}},{"start":{"line":97,"column":98},"end":{"line":97,"column":100}}]},"11":{"loc":{"start":{"line":98,"column":6},"end":{"line":100,"column":7}},"type":"if","locations":[{"start":{"line":98,"column":6},"end":{"line":100,"column":7}},{"start":{},"end":{}}]},"12":{"loc":{"start":{"line":136,"column":20},"end":{"line":136,"column":80}},"type":"binary-expr","locations":[{"start":{"line":136,"column":20},"end":{"line":136,"column":57}},{"start":{"line":136,"column":61},"end":{"line":136,"column":80}}]},"13":{"loc":{"start":{"line":145,"column":7},"end":{"line":145,"column":59}},"type":"cond-expr","locations":[{"start":{"line":145,"column":48},"end":{"line":145,"column":53}},{"start":{"line":145,"column":56},"end":{"line":145,"column":59}}]},"14":{"loc":{"start":{"line":151,"column":11},"end":{"line":151,"column":63}},"type":"binary-expr","locations":[{"start":{"line":151,"column":11},"end":{"line":151,"column":33}},{"start":{"line":151,"column":37},"end":{"line":151,"column":63}}]},"15":{"loc":{"start":{"line":195,"column":13},"end":{"line":195,"column":55}},"type":"binary-expr","locations":[{"start":{"line":195,"column":13},"end":{"line":195,"column":44}},{"start":{"line":195,"column":48},"end":{"line":195,"column":55}}]},"16":{"loc":{"start":{"line":196,"column":17},"end":{"line":196,"column":54}},"type":"binary-expr","locations":[{"start":{"line":196,"column":17},"end":{"line":196,"column":37}},{"start":{"line":196,"column":41},"end":{"line":196,"column":54}}]},"17":{"loc":{"start":{"line":246,"column":21},"end":{"line":246,"column":55}},"type":"binary-expr","locations":[{"start":{"line":246,"column":21},"end":{"line":246,"column":42}},{"start":{"line":246,"column":46},"end":{"line":246,"column":55}}]},"18":{"loc":{"start":{"line":257,"column":21},"end":{"line":257,"column":42}},"type":"binary-expr","locations":[{"start":{"line":257,"column":21},"end":{"line":257,"column":35}},{"start":{"line":257,"column":39},"end":{"line":257,"column":42}}]},"19":{"loc":{"start":{"line":260,"column":24},"end":{"line":262,"column":37}},"type":"cond-expr","locations":[{"start":{"line":261,"column":6},"end":{"line":261,"column":75}},{"start":{"line":262,"column":6},"end":{"line":262,"column":37}}]},"20":{"loc":{"start":{"line":262,"column":6},"end":{"line":262,"column":37}},"type":"binary-expr","locations":[{"start":{"line":262,"column":6},"end":{"line":262,"column":17}},{"start":{"line":262,"column":21},"end":{"line":262,"column":37}}]}},"s":{"0":1,"1":1,"2":1,"3":1,"4":1,"5":1,"6":1,"7":1,"8":1,"9":1,"10":1,"11":1,"12":1,"13":1,"14":1,"15":1,"16":1,"17":1,"18":1,"19":1,"20":1,"21":1,"22":1,"23":1,"24":1,"25":1,"26":1,"27":1,"28":1,"29":1,"30":1,"31":1,"32":1,"33":1,"34":31,"35":31,"36":0,"37":0,"38":0,"39":0,"40":0,"41":0,"42":0,"43":0,"44":0,"45":0,"46":0,"47":0,"48":0,"49":0,"50":0,"51":0,"52":0,"53":0,"54":0,"55":1,"56":1,"57":1,"58":1,"59":1,"60":31,"61":31,"62":31,"63":31,"64":1,"65":31,"66":0,"67":0,"68":1,"69":1,"70":1,"71":12,"72":12,"73":12,"74":12,"75":12,"76":12,"77":1,"78":1,"79":1,"80":1,"81":0,"82":1,"83":1,"84":1,"85":1,"86":1,"87":1,"88":1,"89":1,"90":1,"91":1,"92":1,"93":1,"94":1,"95":1,"96":1,"97":0,"98":1,"99":0,"100":0,"101":0,"102":0,"103":0,"104":1},"f":{"0":1,"1":31,"2":0,"3":0,"4":0,"5":31,"6":31,"7":0,"8":12,"9":12,"10":0,"11":0,"12":0},"b":{"0":[1,1],"1":[1,0],"2":[31,0],"3":[0,0],"4":[0,0],"5":[0,0],"6":[0,0],"7":[0,0],"8":[0,0],"9":[0,0],"10":[0,0],"11":[0,0],"12":[31,31],"13":[0,1],"14":[31,31],"15":[0,0],"16":[0,0],"17":[0,0],"18":[0,0],"19":[0,0],"20":[0,0]}}
,"/home/jomardyan/Dev/ToolBox/backend/src/config/database.ts": {"path":"/home/jomardyan/Dev/ToolBox/backend/src/config/database.ts","statementMap":{"0":{"start":{"line":3,"column":0},"end":{"line":3,"column":46}},"1":{"start":{"line":5,"column":24},"end":{"line":5,"column":69}},"2":{"start":{"line":7,"column":13},"end":{"line":13,"column":5}},"3":{"start":{"line":15,"column":0},"end":{"line":15,"column":75}},"4":{"start":{"line":15,"column":43},"end":{"line":15,"column":75}},"5":{"start":{"line":18,"column":0},"end":{"line":21,"column":3}},"6":{"start":{"line":19,"column":2},"end":{"line":19,"column":29}},"7":{"start":{"line":20,"column":2},"end":{"line":20,"column":18}},"8":{"start":{"line":23,"column":0},"end":{"line":26,"column":3}},"9":{"start":{"line":24,"column":2},"end":{"line":24,"column":29}},"10":{"start":{"line":25,"column":2},"end":{"line":25,"column":18}},"11":{"start":{"line":28,"column":0},"end":{"line":28,"column":22}}},"fnMap":{"0":{"name":"(anonymous_0)","decl":{"start":{"line":18,"column":21},"end":{"line":18,"column":26}},"loc":{"start":{"line":18,"column":32},"end":{"line":21,"column":1}}},"1":{"name":"(anonymous_1)","decl":{"start":{"line":23,"column":22},"end":{"line":23,"column":27}},"loc":{"start":{"line":23,"column":33},"end":{"line":26,"column":1}}}},"branchMap":{"0":{"loc":{"start":{"line":8,"column":2},"end":{"line":13,"column":4}},"type":"binary-expr","locations":[{"start":{"line":8,"column":2},"end":{"line":8,"column":24}},{"start":{"line":9,"column":2},"end":{"line":13,"column":4}}]},"1":{"loc":{"start":{"line":10,"column":9},"end":{"line":12,"column":17}},"type":"cond-expr","locations":[{"start":{"line":11,"column":8},"end":{"line":11,"column":34}},{"start":{"line":12,"column":8},"end":{"line":12,"column":17}}]},"2":{"loc":{"start":{"line":15,"column":0},"end":{"line":15,"column":75}},"type":"if","locations":[{"start":{"line":15,"column":0},"end":{"line":15,"column":75}},{"start":{},"end":{}}]}},"s":{"0":1,"1":1,"2":1,"3":1,"4":1,"5":1,"6":0,"7":0,"8":1,"9":0,"10":0,"11":1},"f":{"0":0,"1":0},"b":{"0":[1,1],"1":[0,1],"2":[1,0]}}
,"/home/jomardyan/Dev/ToolBox/backend/src/config/index.ts": {"path":"/home/jomardyan/Dev/ToolBox/backend/src/config/index.ts","statementMap":{"0":{"start":{"line":3,"column":0},"end":{"line":3,"column":37}},"1":{"start":{"line":66,"column":4},"end":{"line":66,"column":57}},"2":{"start":{"line":67,"column":4},"end":{"line":67,"column":58}},"3":{"start":{"line":68,"column":4},"end":{"line":68,"column":53}},"4":{"start":{"line":71,"column":4},"end":{"line":71,"column":100}},"5":{"start":{"line":72,"column":4},"end":{"line":72,"column":116}},"6":{"start":{"line":73,"column":4},"end":{"line":73,"column":62}},"7":{"start":{"line":74,"column":4},"end":{"line":74,"column":77}},"8":{"start":{"line":77,"column":25},"end":{"line":77,"column":86}},"9":{"start":{"line":78,"column":4},"end":{"line":78,"column":71}},"10":{"start":{"line":79,"column":4},"end":{"line":79,"column":83}},"11":{"start":{"line":82,"column":4},"end":{"line":82,"column":43}},"12":{"start":{"line":83,"column":4},"end":{"line":83,"column":42}},"13":{"start":{"line":86,"column":4},"end":{"line":86,"column":111}},"14":{"start":{"line":87,"column":4},"end":{"line":87,"column":76}},"15":{"start":{"line":90,"column":4},"end":{"line":90,"column":43}},"16":{"start":{"line":91,"column":4},"end":{"line":91,"column":93}},"17":{"start":{"line":92,"column":4},"end":{"line":92,"column":43}},"18":{"start":{"line":93,"column":4},"end":{"line":93,"column":51}},"19":{"start":{"line":94,"column":4},"end":{"line":94,"column":43}},"20":{"start":{"line":95,"column":4},"end":{"line":95,"column":83}},"21":{"start":{"line":98,"column":4},"end":{"line":98,"column":59}},"22":{"start":{"line":99,"column":4},"end":{"line":99,"column":69}},"23":{"start":{"line":100,"column":4},"end":{"line":100,"column":67}},"24":{"start":{"line":101,"column":4},"end":{"line":101,"column":83}},"25":{"start":{"line":104,"column":4},"end":{"line":104,"column":57}},"26":{"start":{"line":105,"column":4},"end":{"line":105,"column":65}},"27":{"start":{"line":106,"column":4},"end":{"line":106,"column":57}},"28":{"start":{"line":107,"column":4},"end":{"line":107,"column":65}},"29":{"start":{"line":110,"column":4},"end":{"line":110,"column":45}},"30":{"start":{"line":111,"column":4},"end":{"line":111,"column":44}},"31":{"start":{"line":114,"column":4},"end":{"line":114,"column":91}},"32":{"start":{"line":115,"column":4},"end":{"line":115,"column":94}},"33":{"start":{"line":118,"column":4},"end":{"line":118,"column":80}},"34":{"start":{"line":121,"column":4},"end":{"line":121,"column":20}},"35":{"start":{"line":129,"column":18},"end":{"line":129,"column":34}},"36":{"start":{"line":132,"column":4},"end":{"line":140,"column":5}},"37":{"start":{"line":133,"column":6},"end":{"line":135,"column":7}},"38":{"start":{"line":134,"column":8},"end":{"line":134,"column":28}},"39":{"start":{"line":136,"column":6},"end":{"line":138,"column":7}},"40":{"start":{"line":137,"column":8},"end":{"line":137,"column":71}},"41":{"start":{"line":139,"column":6},"end":{"line":139,"column":41}},"42":{"start":{"line":143,"column":4},"end":{"line":145,"column":5}},"43":{"start":{"line":144,"column":6},"end":{"line":144,"column":71}},"44":{"start":{"line":148,"column":25},"end":{"line":148,"column":93}},"45":{"start":{"line":149,"column":4},"end":{"line":151,"column":5}},"46":{"start":{"line":149,"column":31},"end":{"line":149,"column":48}},"47":{"start":{"line":150,"column":6},"end":{"line":150,"column":106}},"48":{"start":{"line":153,"column":4},"end":{"line":153,"column":17}},"49":{"start":{"line":158,"column":29},"end":{"line":158,"column":31}},"50":{"start":{"line":161,"column":4},"end":{"line":163,"column":5}},"51":{"start":{"line":162,"column":6},"end":{"line":162,"column":73}},"52":{"start":{"line":166,"column":4},"end":{"line":173,"column":5}},"53":{"start":{"line":167,"column":6},"end":{"line":169,"column":7}},"54":{"start":{"line":168,"column":8},"end":{"line":168,"column":79}},"55":{"start":{"line":170,"column":6},"end":{"line":172,"column":7}},"56":{"start":{"line":171,"column":8},"end":{"line":171,"column":87}},"57":{"start":{"line":176,"column":4},"end":{"line":178,"column":5}},"58":{"start":{"line":177,"column":6},"end":{"line":177,"column":89}},"59":{"start":{"line":181,"column":4},"end":{"line":183,"column":5}},"60":{"start":{"line":182,"column":6},"end":{"line":182,"column":54}},"61":{"start":{"line":186,"column":4},"end":{"line":206,"column":5}},"62":{"start":{"line":187,"column":33},"end":{"line":187,"column":35}},"63":{"start":{"line":189,"column":6},"end":{"line":191,"column":7}},"64":{"start":{"line":190,"column":8},"end":{"line":190,"column":84}},"65":{"start":{"line":193,"column":6},"end":{"line":195,"column":7}},"66":{"start":{"line":194,"column":8},"end":{"line":194,"column":85}},"67":{"start":{"line":197,"column":6},"end":{"line":199,"column":7}},"68":{"start":{"line":198,"column":8},"end":{"line":198,"column":106}},"69":{"start":{"line":201,"column":6},"end":{"line":203,"column":7}},"70":{"start":{"line":202,"column":8},"end":{"line":202,"column":89}},"71":{"start":{"line":205,"column":6},"end":{"line":205,"column":65}},"72":{"start":{"line":205,"column":34},"end":{"line":205,"column":63}},"73":{"start":{"line":209,"column":4},"end":{"line":213,"column":5}},"74":{"start":{"line":210,"column":6},"end":{"line":210,"column":55}},"75":{"start":{"line":211,"column":6},"end":{"line":211,"column":60}},"76":{"start":{"line":211,"column":30},"end":{"line":211,"column":58}},"77":{"start":{"line":212,"column":6},"end":{"line":212,"column":47}},"78":{"start":{"line":216,"column":4},"end":{"line":216,"column":58}},"79":{"start":{"line":223,"column":4},"end":{"line":240,"column":6}},"80":{"start":{"line":247,"column":4},"end":{"line":247,"column":42}},"81":{"start":{"line":254,"column":4},"end":{"line":254,"column":43}},"82":{"start":{"line":261,"column":4},"end":{"line":261,"column":36}},"83":{"start":{"line":268,"column":0},"end":{"line":273,"column":1}},"84":{"start":{"line":269,"column":2},"end":{"line":269,"column":32}},"85":{"start":{"line":271,"column":2},"end":{"line":271,"column":69}},"86":{"start":{"line":272,"column":2},"end":{"line":272,"column":18}},"87":{"start":{"line":275,"column":0},"end":{"line":275,"column":30}}},"fnMap":{"0":{"name":"(anonymous_1)","decl":{"start":{"line":64,"column":2},"end":{"line":64,"column":null}},"loc":{"start":{"line":64,"column":2},"end":{"line":122,"column":3}}},"1":{"name":"(anonymous_2)","decl":{"start":{"line":128,"column":10},"end":{"line":128,"column":21}},"loc":{"start":{"line":128,"column":56},"end":{"line":154,"column":3}}},"2":{"name":"(anonymous_3)","decl":{"start":{"line":149,"column":26},"end":{"line":149,"column":27}},"loc":{"start":{"line":149,"column":31},"end":{"line":149,"column":48}}},"3":{"name":"(anonymous_4)","decl":{"start":{"line":157,"column":10},"end":{"line":157,"column":18}},"loc":{"start":{"line":157,"column":18},"end":{"line":217,"column":3}}},"4":{"name":"(anonymous_5)","decl":{"start":{"line":205,"column":23},"end":{"line":205,"column":30}},"loc":{"start":{"line":205,"column":34},"end":{"line":205,"column":63}}},"5":{"name":"(anonymous_6)","decl":{"start":{"line":211,"column":21},"end":{"line":211,"column":26}},"loc":{"start":{"line":211,"column":30},"end":{"line":211,"column":58}}},"6":{"name":"(anonymous_7)","decl":{"start":{"line":222,"column":2},"end":{"line":222,"column":12}},"loc":{"start":{"line":222,"column":12},"end":{"line":241,"column":3}}},"7":{"name":"(anonymous_8)","decl":{"start":{"line":246,"column":2},"end":{"line":246,"column":6}},"loc":{"start":{"line":246,"column":18},"end":{"line":248,"column":3}}},"8":{"name":"(anonymous_9)","decl":{"start":{"line":253,"column":2},"end":{"line":253,"column":6}},"loc":{"start":{"line":253,"column":19},"end":{"line":255,"column":3}}},"9":{"name":"(anonymous_10)","decl":{"start":{"line":260,"column":2},"end":{"line":260,"column":6}},"loc":{"start":{"line":260,"column":12},"end":{"line":262,"column":3}}}},"branchMap":{"0":{"loc":{"start":{"line":66,"column":25},"end":{"line":66,"column":51}},"type":"binary-expr","locations":[{"start":{"line":66,"column":25},"end":{"line":66,"column":41}},{"start":{"line":66,"column":45},"end":{"line":66,"column":51}}]},"1":{"loc":{"start":{"line":67,"column":20},"end":{"line":67,"column":57}},"type":"binary-expr","locations":[{"start":{"line":67,"column":20},"end":{"line":67,"column":40}},{"start":{"line":67,"column":44},"end":{"line":67,"column":57}}]},"2":{"loc":{"start":{"line":68,"column":21},"end":{"line":68,"column":52}},"type":"binary-expr","locations":[{"start":{"line":68,"column":21},"end":{"line":68,"column":42}},{"start":{"line":68,"column":46},"end":{"line":68,"column":52}}]},"3":{"loc":{"start":{"line":73,"column":26},"end":{"line":73,"column":61}},"type":"binary-expr","locations":[{"start":{"line":73,"column":26},"end":{"line":73,"column":52}},{"start":{"line":73,"column":56},"end":{"line":73,"column":61}}]},"4":{"loc":{"start":{"line":74,"column":34},"end":{"line":74,"column":76}},"type":"binary-expr","locations":[{"start":{"line":74,"column":34},"end":{"line":74,"column":68}},{"start":{"line":74,"column":72},"end":{"line":74,"column":76}}]},"5":{"loc":{"start":{"line":77,"column":25},"end":{"line":77,"column":86}},"type":"cond-expr","locations":[{"start":{"line":77,"column":59},"end":{"line":77,"column":74}},{"start":{"line":77,"column":77},"end":{"line":77,"column":86}}]},"6":{"loc":{"start":{"line":79,"column":39},"end":{"line":79,"column":77}},"type":"binary-expr","locations":[{"start":{"line":79,"column":39},"end":{"line":79,"column":69}},{"start":{"line":79,"column":73},"end":{"line":79,"column":77}}]},"7":{"loc":{"start":{"line":86,"column":25},"end":{"line":86,"column":98}},"type":"binary-expr","locations":[{"start":{"line":86,"column":25},"end":{"line":86,"column":49}},{"start":{"line":86,"column":53},"end":{"line":86,"column":98}}]},"8":{"loc":{"start":{"line":87,"column":24},"end":{"line":87,"column":75}},"type":"binary-expr","locations":[{"start":{"line":87,"column":24},"end":{"line":87,"column":48}},{"start":{"line":87,"column":52},"end":{"line":87,"column":75}}]},"9":{"loc":{"start":{"line":91,"column":21},"end":{"line":91,"column":92}},"type":"cond-expr","locations":[{"start":{"line":91,"column":45},"end":{"line":91,"column":80}},{"start":{"line":91,"column":83},"end":{"line":91,"column":92}}]},"10":{"loc":{"start":{"line":95,"column":27},"end":{"line":95,"column":81}},"type":"binary-expr","locations":[{"start":{"line":95,"column":27},"end":{"line":95,"column":41}},{"start":{"line":95,"column":45},"end":{"line":95,"column":59}},{"start":{"line":95,"column":63},"end":{"line":95,"column":81}}]},"11":{"loc":{"start":{"line":101,"column":29},"end":{"line":101,"column":81}},"type":"binary-expr","locations":[{"start":{"line":101,"column":29},"end":{"line":101,"column":51}},{"start":{"line":101,"column":55},"end":{"line":101,"column":81}}]},"12":{"loc":{"start":{"line":114,"column":41},"end":{"line":114,"column":85}},"type":"binary-expr","locations":[{"start":{"line":114,"column":41},"end":{"line":114,"column":73}},{"start":{"line":114,"column":77},"end":{"line":114,"column":85}}]},"13":{"loc":{"start":{"line":115,"column":44},"end":{"line":115,"column":88}},"type":"binary-expr","locations":[{"start":{"line":115,"column":44},"end":{"line":115,"column":79}},{"start":{"line":115,"column":83},"end":{"line":115,"column":88}}]},"14":{"loc":{"start":{"line":118,"column":34},"end":{"line":118,"column":74}},"type":"binary-expr","locations":[{"start":{"line":118,"column":34},"end":{"line":118,"column":59}},{"start":{"line":118,"column":63},"end":{"line":118,"column":74}}]},"15":{"loc":{"start":{"line":132,"column":4},"end":{"line":140,"column":5}},"type":"if","locations":[{"start":{"line":132,"column":4},"end":{"line":140,"column":5}},{"start":{},"end":{}}]},"16":{"loc":{"start":{"line":132,"column":8},"end":{"line":132,"column":67}},"type":"binary-expr","locations":[{"start":{"line":132,"column":8},"end":{"line":132,"column":39}},{"start":{"line":132,"column":43},"end":{"line":132,"column":67}}]},"17":{"loc":{"start":{"line":133,"column":6},"end":{"line":135,"column":7}},"type":"if","locations":[{"start":{"line":133,"column":6},"end":{"line":135,"column":7}},{"start":{},"end":{}}]},"18":{"loc":{"start":{"line":133,"column":10},"end":{"line":133,"column":32}},"type":"binary-expr","locations":[{"start":{"line":133,"column":10},"end":{"line":133,"column":16}},{"start":{"line":133,"column":20},"end":{"line":133,"column":32}}]},"19":{"loc":{"start":{"line":136,"column":6},"end":{"line":138,"column":7}},"type":"if","locations":[{"start":{"line":136,"column":6},"end":{"line":138,"column":7}},{"start":{},"end":{}}]},"20":{"loc":{"start":{"line":136,"column":10},"end":{"line":136,"column":41}},"type":"binary-expr","locations":[{"start":{"line":136,"column":10},"end":{"line":136,"column":16}},{"start":{"line":136,"column":20},"end":{"line":136,"column":41}}]},"21":{"loc":{"start":{"line":139,"column":13},"end":{"line":139,"column":40}},"type":"binary-expr","locations":[{"start":{"line":139,"column":13},"end":{"line":139,"column":18}},{"start":{"line":139,"column":22},"end":{"line":139,"column":34}},{"start":{"line":139,"column":38},"end":{"line":139,"column":40}}]},"22":{"loc":{"start":{"line":143,"column":4},"end":{"line":145,"column":5}},"type":"if","locations":[{"start":{"line":143,"column":4},"end":{"line":145,"column":5}},{"start":{},"end":{}}]},"23":{"loc":{"start":{"line":149,"column":4},"end":{"line":151,"column":5}},"type":"if","locations":[{"start":{"line":149,"column":4},"end":{"line":151,"column":5}},{"start":{},"end":{}}]},"24":{"loc":{"start":{"line":161,"column":4},"end":{"line":163,"column":5}},"type":"if","locations":[{"start":{"line":161,"column":4},"end":{"line":163,"column":5}},{"start":{},"end":{}}]},"25":{"loc":{"start":{"line":161,"column":8},"end":{"line":161,"column":85}},"type":"binary-expr","locations":[{"start":{"line":161,"column":8},"end":{"line":161,"column":38}},{"start":{"line":161,"column":42},"end":{"line":161,"column":85}}]},"26":{"loc":{"start":{"line":166,"column":4},"end":{"line":173,"column":5}},"type":"if","locations":[{"start":{"line":166,"column":4},"end":{"line":173,"column":5}},{"start":{},"end":{}}]},"27":{"loc":{"start":{"line":167,"column":6},"end":{"line":169,"column":7}},"type":"if","locations":[{"start":{"line":167,"column":6},"end":{"line":169,"column":7}},{"start":{},"end":{}}]},"28":{"loc":{"start":{"line":170,"column":6},"end":{"line":172,"column":7}},"type":"if","locations":[{"start":{"line":170,"column":6},"end":{"line":172,"column":7}},{"start":{},"end":{}}]},"29":{"loc":{"start":{"line":176,"column":4},"end":{"line":178,"column":5}},"type":"if","locations":[{"start":{"line":176,"column":4},"end":{"line":178,"column":5}},{"start":{},"end":{}}]},"30":{"loc":{"start":{"line":176,"column":8},"end":{"line":176,"column":96}},"type":"binary-expr","locations":[{"start":{"line":176,"column":8},"end":{"line":176,"column":54}},{"start":{"line":176,"column":58},"end":{"line":176,"column":96}}]},"31":{"loc":{"start":{"line":181,"column":4},"end":{"line":183,"column":5}},"type":"if","locations":[{"start":{"line":181,"column":4},"end":{"line":183,"column":5}},{"start":{},"end":{}}]},"32":{"loc":{"start":{"line":181,"column":8},"end":{"line":181,"column":42}},"type":"binary-expr","locations":[{"start":{"line":181,"column":8},"end":{"line":181,"column":21}},{"start":{"line":181,"column":25},"end":{"line":181,"column":42}}]},"33":{"loc":{"start":{"line":186,"column":4},"end":{"line":206,"column":5}},"type":"if","locations":[{"start":{"line":186,"column":4},"end":{"line":206,"column":5}},{"start":{},"end":{}}]},"34":{"loc":{"start":{"line":189,"column":6},"end":{"line":191,"column":7}},"type":"if","locations":[{"start":{"line":189,"column":6},"end":{"line":191,"column":7}},{"start":{},"end":{}}]},"35":{"loc":{"start":{"line":193,"column":6},"end":{"line":195,"column":7}},"type":"if","locations":[{"start":{"line":193,"column":6},"end":{"line":195,"column":7}},{"start":{},"end":{}}]},"36":{"loc":{"start":{"line":197,"column":6},"end":{"line":199,"column":7}},"type":"if","locations":[{"start":{"line":197,"column":6},"end":{"line":199,"column":7}},{"start":{},"end":{}}]},"37":{"loc":{"start":{"line":201,"column":6},"end":{"line":203,"column":7}},"type":"if","locations":[{"start":{"line":201,"column":6},"end":{"line":203,"column":7}},{"start":{},"end":{}}]},"38":{"loc":{"start":{"line":209,"column":4},"end":{"line":213,"column":5}},"type":"if","locations":[{"start":{"line":209,"column":4},"end":{"line":213,"column":5}},{"start":{},"end":{}}]},"39":{"loc":{"start":{"line":232,"column":24},"end":{"line":232,"column":74}},"type":"binary-expr","locations":[{"start":{"line":232,"column":24},"end":{"line":232,"column":45}},{"start":{"line":232,"column":49},"end":{"line":232,"column":74}}]},"40":{"loc":{"start":{"line":233,"column":24},"end":{"line":233,"column":74}},"type":"binary-expr","locations":[{"start":{"line":233,"column":24},"end":{"line":233,"column":45}},{"start":{"line":233,"column":49},"end":{"line":233,"column":74}}]}},"s":{"0":0,"1":0,"2":0,"3":0,"4":0,"5":0,"6":0,"7":0,"8":0,"9":0,"10":0,"11":0,"12":0,"13":0,"14":0,"15":0,"16":0,"17":0,"18":0,"19":0,"20":0,"21":0,"22":0,"23":0,"24":0,"25":0,"26":0,"27":0,"28":0,"29":0,"30":0,"31":0,"32":0,"33":0,"34":0,"35":0,"36":0,"37":0,"38":0,"39":0,"40":0,"41":0,"42":0,"43":0,"44":0,"45":0,"46":0,"47":0,"48":0,"49":0,"50":0,"51":0,"52":0,"53":0,"54":0,"55":0,"56":0,"57":0,"58":0,"59":0,"60":0,"61":0,"62":0,"63":0,"64":0,"65":0,"66":0,"67":0,"68":0,"69":0,"70":0,"71":0,"72":0,"73":0,"74":0,"75":0,"76":0,"77":0,"78":0,"79":0,"80":0,"81":0,"82":0,"83":0,"84":0,"85":0,"86":0,"87":0},"f":{"0":0,"1":0,"2":0,"3":0,"4":0,"5":0,"6":0,"7":0,"8":0,"9":0},"b":{"0":[0,0],"1":[0,0],"2":[0,0],"3":[0,0],"4":[0,0],"5":[0,0],"6":[0,0],"7":[0,0],"8":[0,0],"9":[0,0],"10":[0,0,0],"11":[0,0],"12":[0,0],"13":[0,0],"14":[0,0],"15":[0,0],"16":[0,0],"17":[0,0],"18":[0,0],"19":[0,0],"20":[0,0],"21":[0,0,0],"22":[0,0],"23":[0,0],"24":[0,0],"25":[0,0],"26":[0,0],"27":[0,0],"28":[0,0],"29":[0,0],"30":[0,0],"31":[0,0],"32":[0,0],"33":[0,0],"34":[0,0],"35":[0,0],"36":[0,0],"37":[0,0],"38":[0,0],"39":[0,0],"40":[0,0]}}
,"/home/jomardyan/Dev/ToolBox/backend/src/converters/index.ts": {"path":"/home/jomardyan/Dev/ToolBox/backend/src/converters/index.ts","statementMap":{"0":{"start":{"line":1,"column":0},"end":{"line":1,"column":58}},"1":{"start":{"line":4,"column":25},"end":{"line":7,"column":1}},"2":{"start":{"line":5,"column":19},"end":{"line":5,"column":36}},"3":{"start":{"line":6,"column":2},"end":{"line":6,"column":39}},"4":{"start":{"line":4,"column":13},"end":{"line":4,"column":25}},"5":{"start":{"line":9,"column":25},"end":{"line":13,"column":1}},"6":{"start":{"line":10,"column":15},"end":{"line":10,"column":35}},"7":{"start":{"line":11,"column":20},"end":{"line":11,"column":55}},"8":{"start":{"line":12,"column":2},"end":{"line":12,"column":32}},"9":{"start":{"line":9,"column":13},"end":{"line":9,"column":25}},"10":{"start":{"line":15,"column":24},"end":{"line":35,"column":1}},"11":{"start":{"line":16,"column":19},"end":{"line":16,"column":36}},"12":{"start":{"line":18,"column":12},"end":{"line":18,"column":62}},"13":{"start":{"line":19,"column":2},"end":{"line":31,"column":5}},"14":{"start":{"line":20,"column":4},"end":{"line":20,"column":26}},"15":{"start":{"line":21,"column":4},"end":{"line":29,"column":7}},"16":{"start":{"line":22,"column":27},"end":{"line":27,"column":32}},"17":{"start":{"line":28,"column":6},"end":{"line":28,"column":86}},"18":{"start":{"line":30,"column":4},"end":{"line":30,"column":27}},"19":{"start":{"line":32,"column":2},"end":{"line":32,"column":19}},"20":{"start":{"line":34,"column":2},"end":{"line":34,"column":13}},"21":{"start":{"line":15,"column":13},"end":{"line":15,"column":24}},"22":{"start":{"line":37,"column":24},"end":{"line":114,"column":1}},"23":{"start":{"line":39,"column":38},"end":{"line":39,"column":40}},"24":{"start":{"line":42,"column":20},"end":{"line":42,"column":52}},"25":{"start":{"line":44,"column":21},"end":{"line":44,"column":26}},"26":{"start":{"line":46,"column":2},"end":{"line":63,"column":3}},"27":{"start":{"line":47,"column":4},"end":{"line":47,"column":24}},"28":{"start":{"line":48,"column":19},"end":{"line":48,"column":27}},"29":{"start":{"line":49,"column":37},"end":{"line":49,"column":39}},"30":{"start":{"line":51,"column":25},"end":{"line":51,"column":56}},"31":{"start":{"line":54,"column":4},"end":{"line":58,"column":5}},"32":{"start":{"line":55,"column":18},"end":{"line":55,"column":33}},"33":{"start":{"line":56,"column":20},"end":{"line":56,"column":42}},"34":{"start":{"line":57,"column":6},"end":{"line":57,"column":23}},"35":{"start":{"line":60,"column":4},"end":{"line":62,"column":5}},"36":{"start":{"line":61,"column":6},"end":{"line":61,"column":21}},"37":{"start":{"line":66,"column":2},"end":{"line":86,"column":3}},"38":{"start":{"line":67,"column":20},"end":{"line":67,"column":48}},"39":{"start":{"line":68,"column":4},"end":{"line":85,"column":5}},"40":{"start":{"line":69,"column":6},"end":{"line":69,"column":26}},"41":{"start":{"line":70,"column":19},"end":{"line":70,"column":27}},"42":{"start":{"line":71,"column":39},"end":{"line":71,"column":41}},"43":{"start":{"line":73,"column":27},"end":{"line":73,"column":58}},"44":{"start":{"line":76,"column":6},"end":{"line":80,"column":7}},"45":{"start":{"line":77,"column":20},"end":{"line":77,"column":35}},"46":{"start":{"line":78,"column":22},"end":{"line":78,"column":44}},"47":{"start":{"line":79,"column":8},"end":{"line":79,"column":25}},"48":{"start":{"line":82,"column":6},"end":{"line":84,"column":7}},"49":{"start":{"line":83,"column":8},"end":{"line":83,"column":23}},"50":{"start":{"line":89,"column":2},"end":{"line":106,"column":3}},"51":{"start":{"line":90,"column":25},"end":{"line":90,"column":53}},"52":{"start":{"line":91,"column":39},"end":{"line":91,"column":41}},"53":{"start":{"line":93,"column":4},"end":{"line":101,"column":5}},"54":{"start":{"line":94,"column":18},"end":{"line":94,"column":26}},"55":{"start":{"line":95,"column":20},"end":{"line":95,"column":35}},"56":{"start":{"line":98,"column":6},"end":{"line":100,"column":7}},"57":{"start":{"line":99,"column":8},"end":{"line":99,"column":29}},"58":{"start":{"line":103,"column":4},"end":{"line":105,"column":5}},"59":{"start":{"line":104,"column":6},"end":{"line":104,"column":25}},"60":{"start":{"line":108,"column":2},"end":{"line":111,"column":3}},"61":{"start":{"line":110,"column":4},"end":{"line":110,"column":32}},"62":{"start":{"line":113,"column":2},"end":{"line":113,"column":27}},"63":{"start":{"line":37,"column":13},"end":{"line":37,"column":24}},"64":{"start":{"line":116,"column":25},"end":{"line":128,"column":1}},"65":{"start":{"line":117,"column":19},"end":{"line":117,"column":36}},"66":{"start":{"line":119,"column":13},"end":{"line":119,"column":15}},"67":{"start":{"line":120,"column":2},"end":{"line":125,"column":5}},"68":{"start":{"line":121,"column":4},"end":{"line":121,"column":39}},"69":{"start":{"line":122,"column":4},"end":{"line":124,"column":7}},"70":{"start":{"line":123,"column":6},"end":{"line":123,"column":41}},"71":{"start":{"line":127,"column":2},"end":{"line":127,"column":14}},"72":{"start":{"line":116,"column":13},"end":{"line":116,"column":25}},"73":{"start":{"line":130,"column":25},"end":{"line":180,"column":1}},"74":{"start":{"line":132,"column":38},"end":{"line":132,"column":40}},"75":{"start":{"line":134,"column":2},"end":{"line":136,"column":3}},"76":{"start":{"line":135,"column":4},"end":{"line":135,"column":27}},"77":{"start":{"line":138,"column":16},"end":{"line":138,"column":36}},"78":{"start":{"line":139,"column":40},"end":{"line":139,"column":42}},"79":{"start":{"line":141,"column":2},"end":{"line":169,"column":5}},"80":{"start":{"line":142,"column":20},"end":{"line":142,"column":31}},"81":{"start":{"line":145,"column":4},"end":{"line":147,"column":5}},"82":{"start":{"line":146,"column":6},"end":{"line":146,"column":13}},"83":{"start":{"line":149,"column":4},"end":{"line":168,"column":5}},"84":{"start":{"line":151,"column":6},"end":{"line":153,"column":7}},"85":{"start":{"line":152,"column":8},"end":{"line":152,"column":30}},"86":{"start":{"line":154,"column":6},"end":{"line":154,"column":22}},"87":{"start":{"line":157,"column":24},"end":{"line":157,"column":51}},"88":{"start":{"line":158,"column":6},"end":{"line":161,"column":7}},"89":{"start":{"line":159,"column":29},"end":{"line":159,"column":70}},"90":{"start":{"line":159,"column":61},"end":{"line":159,"column":69}},"91":{"start":{"line":160,"column":8},"end":{"line":160,"column":60}},"92":{"start":{"line":162,"column":11},"end":{"line":168,"column":5}},"93":{"start":{"line":164,"column":25},"end":{"line":164,"column":45}},"94":{"start":{"line":165,"column":18},"end":{"line":165,"column":57}},"95":{"start":{"line":166,"column":20},"end":{"line":166,"column":60}},"96":{"start":{"line":167,"column":6},"end":{"line":167,"column":58}},"97":{"start":{"line":171,"column":2},"end":{"line":173,"column":3}},"98":{"start":{"line":172,"column":4},"end":{"line":172,"column":26}},"99":{"start":{"line":175,"column":2},"end":{"line":177,"column":3}},"100":{"start":{"line":176,"column":4},"end":{"line":176,"column":27}},"101":{"start":{"line":179,"column":2},"end":{"line":179,"column":27}},"102":{"start":{"line":130,"column":13},"end":{"line":130,"column":25}},"103":{"start":{"line":182,"column":25},"end":{"line":201,"column":1}},"104":{"start":{"line":183,"column":28},"end":{"line":183,"column":45}},"105":{"start":{"line":185,"column":13},"end":{"line":185,"column":78}},"106":{"start":{"line":186,"column":2},"end":{"line":188,"column":5}},"107":{"start":{"line":187,"column":4},"end":{"line":187,"column":45}},"108":{"start":{"line":189,"column":2},"end":{"line":189,"column":33}},"109":{"start":{"line":191,"column":2},"end":{"line":197,"column":5}},"110":{"start":{"line":192,"column":4},"end":{"line":192,"column":19}},"111":{"start":{"line":193,"column":4},"end":{"line":195,"column":7}},"112":{"start":{"line":194,"column":6},"end":{"line":194,"column":66}},"113":{"start":{"line":196,"column":4},"end":{"line":196,"column":20}},"114":{"start":{"line":199,"column":2},"end":{"line":199,"column":29}},"115":{"start":{"line":200,"column":2},"end":{"line":200,"column":14}},"116":{"start":{"line":182,"column":13},"end":{"line":182,"column":25}},"117":{"start":{"line":203,"column":25},"end":{"line":264,"column":1}},"118":{"start":{"line":205,"column":38},"end":{"line":205,"column":40}},"119":{"start":{"line":208,"column":18},"end":{"line":208,"column":47}},"120":{"start":{"line":209,"column":18},"end":{"line":209,"column":47}},"121":{"start":{"line":210,"column":18},"end":{"line":210,"column":47}},"122":{"start":{"line":212,"column":26},"end":{"line":212,"column":28}},"123":{"start":{"line":213,"column":19},"end":{"line":213,"column":23}},"124":{"start":{"line":216,"column":2},"end":{"line":261,"column":3}},"125":{"start":{"line":217,"column":23},"end":{"line":217,"column":33}},"126":{"start":{"line":220,"column":22},"end":{"line":220,"column":24}},"127":{"start":{"line":224,"column":4},"end":{"line":226,"column":5}},"128":{"start":{"line":225,"column":6},"end":{"line":225,"column":35}},"129":{"start":{"line":229,"column":4},"end":{"line":234,"column":5}},"130":{"start":{"line":231,"column":6},"end":{"line":233,"column":7}},"131":{"start":{"line":232,"column":8},"end":{"line":232,"column":37}},"132":{"start":{"line":236,"column":4},"end":{"line":238,"column":5}},"133":{"start":{"line":237,"column":6},"end":{"line":237,"column":15}},"134":{"start":{"line":241,"column":23},"end":{"line":242,"column":null}},"135":{"start":{"line":242,"column":6},"end":{"line":242,"column":44}},"136":{"start":{"line":246,"column":4},"end":{"line":260,"column":5}},"137":{"start":{"line":247,"column":6},"end":{"line":247,"column":27}},"138":{"start":{"line":248,"column":6},"end":{"line":248,"column":25}},"139":{"start":{"line":249,"column":11},"end":{"line":260,"column":5}},"140":{"start":{"line":251,"column":39},"end":{"line":251,"column":41}},"141":{"start":{"line":252,"column":6},"end":{"line":255,"column":9}},"142":{"start":{"line":253,"column":23},"end":{"line":253,"column":58}},"143":{"start":{"line":254,"column":8},"end":{"line":254,"column":30}},"144":{"start":{"line":257,"column":6},"end":{"line":259,"column":7}},"145":{"start":{"line":258,"column":8},"end":{"line":258,"column":23}},"146":{"start":{"line":263,"column":2},"end":{"line":263,"column":36}},"147":{"start":{"line":203,"column":13},"end":{"line":203,"column":25}},"148":{"start":{"line":266,"column":24},"end":{"line":276,"column":1}},"149":{"start":{"line":267,"column":28},"end":{"line":267,"column":45}},"150":{"start":{"line":269,"column":12},"end":{"line":269,"column":37}},"151":{"start":{"line":270,"column":2},"end":{"line":273,"column":5}},"152":{"start":{"line":271,"column":19},"end":{"line":271,"column":69}},"153":{"start":{"line":271,"column":43},"end":{"line":271,"column":68}},"154":{"start":{"line":272,"column":4},"end":{"line":272,"column":36}},"155":{"start":{"line":275,"column":2},"end":{"line":275,"column":20}},"156":{"start":{"line":266,"column":13},"end":{"line":266,"column":24}},"157":{"start":{"line":278,"column":24},"end":{"line":299,"column":1}},"158":{"start":{"line":280,"column":16},"end":{"line":280,"column":35}},"159":{"start":{"line":281,"column":38},"end":{"line":281,"column":40}},"160":{"start":{"line":283,"column":2},"end":{"line":285,"column":3}},"161":{"start":{"line":284,"column":4},"end":{"line":284,"column":14}},"162":{"start":{"line":287,"column":18},"end":{"line":287,"column":38}},"163":{"start":{"line":289,"column":2},"end":{"line":296,"column":3}},"164":{"start":{"line":289,"column":15},"end":{"line":289,"column":16}},"165":{"start":{"line":290,"column":19},"end":{"line":290,"column":39}},"166":{"start":{"line":291,"column":37},"end":{"line":291,"column":39}},"167":{"start":{"line":292,"column":4},"end":{"line":294,"column":7}},"168":{"start":{"line":293,"column":6},"end":{"line":293,"column":40}},"169":{"start":{"line":295,"column":4},"end":{"line":295,"column":19}},"170":{"start":{"line":298,"column":2},"end":{"line":298,"column":27}},"171":{"start":{"line":278,"column":13},"end":{"line":278,"column":24}},"172":{"start":{"line":301,"column":24},"end":{"line":330,"column":1}},"173":{"start":{"line":302,"column":19},"end":{"line":302,"column":36}},"174":{"start":{"line":305,"column":12},"end":{"line":307,"column":14}},"175":{"start":{"line":309,"column":2},"end":{"line":323,"column":5}},"176":{"start":{"line":310,"column":16},"end":{"line":310,"column":39}},"177":{"start":{"line":311,"column":16},"end":{"line":311,"column":51}},"178":{"start":{"line":312,"column":17},"end":{"line":312,"column":39}},"179":{"start":{"line":314,"column":4},"end":{"line":322,"column":5}},"180":{"start":{"line":315,"column":6},"end":{"line":321,"column":18}},"181":{"start":{"line":325,"column":2},"end":{"line":327,"column":8}},"182":{"start":{"line":329,"column":2},"end":{"line":329,"column":13}},"183":{"start":{"line":301,"column":13},"end":{"line":301,"column":24}},"184":{"start":{"line":332,"column":24},"end":{"line":357,"column":1}},"185":{"start":{"line":333,"column":38},"end":{"line":333,"column":40}},"186":{"start":{"line":336,"column":25},"end":{"line":336,"column":63}},"187":{"start":{"line":337,"column":20},"end":{"line":337,"column":42}},"188":{"start":{"line":338,"column":21},"end":{"line":338,"column":57}},"189":{"start":{"line":341,"column":2},"end":{"line":354,"column":3}},"190":{"start":{"line":342,"column":22},"end":{"line":342,"column":30}},"191":{"start":{"line":343,"column":22},"end":{"line":343,"column":47}},"192":{"start":{"line":344,"column":23},"end":{"line":344,"column":49}},"193":{"start":{"line":346,"column":4},"end":{"line":353,"column":5}},"194":{"start":{"line":347,"column":25},"end":{"line":347,"column":49}},"195":{"start":{"line":348,"column":6},"end":{"line":352,"column":9}},"196":{"start":{"line":356,"column":2},"end":{"line":356,"column":27}},"197":{"start":{"line":332,"column":13},"end":{"line":332,"column":24}},"198":{"start":{"line":359,"column":24},"end":{"line":371,"column":1}},"199":{"start":{"line":360,"column":28},"end":{"line":360,"column":45}},"200":{"start":{"line":362,"column":12},"end":{"line":362,"column":38}},"201":{"start":{"line":363,"column":2},"end":{"line":363,"column":55}},"202":{"start":{"line":365,"column":2},"end":{"line":368,"column":5}},"203":{"start":{"line":366,"column":19},"end":{"line":366,"column":69}},"204":{"start":{"line":366,"column":43},"end":{"line":366,"column":68}},"205":{"start":{"line":367,"column":4},"end":{"line":367,"column":37}},"206":{"start":{"line":370,"column":2},"end":{"line":370,"column":13}},"207":{"start":{"line":359,"column":13},"end":{"line":359,"column":24}},"208":{"start":{"line":373,"column":24},"end":{"line":399,"column":1}},"209":{"start":{"line":374,"column":16},"end":{"line":374,"column":65}},"210":{"start":{"line":374,"column":53},"end":{"line":374,"column":64}},"211":{"start":{"line":376,"column":2},"end":{"line":378,"column":3}},"212":{"start":{"line":377,"column":4},"end":{"line":377,"column":14}},"213":{"start":{"line":381,"column":20},"end":{"line":381,"column":28}},"214":{"start":{"line":382,"column":18},"end":{"line":382,"column":21}},"215":{"start":{"line":383,"column":2},"end":{"line":384,"column":52}},"216":{"start":{"line":383,"column":32},"end":{"line":383,"column":49}},"217":{"start":{"line":384,"column":7},"end":{"line":384,"column":52}},"218":{"start":{"line":384,"column":36},"end":{"line":384,"column":52}},"219":{"start":{"line":386,"column":18},"end":{"line":386,"column":65}},"220":{"start":{"line":386,"column":56},"end":{"line":386,"column":64}},"221":{"start":{"line":387,"column":38},"end":{"line":387,"column":40}},"222":{"start":{"line":389,"column":2},"end":{"line":396,"column":3}},"223":{"start":{"line":389,"column":15},"end":{"line":389,"column":16}},"224":{"start":{"line":390,"column":19},"end":{"line":390,"column":65}},"225":{"start":{"line":390,"column":56},"end":{"line":390,"column":64}},"226":{"start":{"line":391,"column":37},"end":{"line":391,"column":39}},"227":{"start":{"line":392,"column":4},"end":{"line":394,"column":7}},"228":{"start":{"line":393,"column":6},"end":{"line":393,"column":40}},"229":{"start":{"line":395,"column":4},"end":{"line":395,"column":19}},"230":{"start":{"line":398,"column":2},"end":{"line":398,"column":27}},"231":{"start":{"line":373,"column":13},"end":{"line":373,"column":24}},"232":{"start":{"line":401,"column":29},"end":{"line":413,"column":1}},"233":{"start":{"line":402,"column":28},"end":{"line":402,"column":45}},"234":{"start":{"line":404,"column":17},"end":{"line":404,"column":52}},"235":{"start":{"line":405,"column":2},"end":{"line":405,"column":67}},"236":{"start":{"line":405,"column":39},"end":{"line":405,"column":44}},"237":{"start":{"line":407,"column":2},"end":{"line":410,"column":5}},"238":{"start":{"line":408,"column":19},"end":{"line":408,"column":69}},"239":{"start":{"line":408,"column":43},"end":{"line":408,"column":68}},"240":{"start":{"line":409,"column":4},"end":{"line":409,"column":51}},"241":{"start":{"line":412,"column":2},"end":{"line":412,"column":18}},"242":{"start":{"line":401,"column":13},"end":{"line":401,"column":29}},"243":{"start":{"line":415,"column":29},"end":{"line":445,"column":1}},"244":{"start":{"line":416,"column":16},"end":{"line":416,"column":70}},"245":{"start":{"line":416,"column":58},"end":{"line":416,"column":69}},"246":{"start":{"line":418,"column":2},"end":{"line":420,"column":3}},"247":{"start":{"line":419,"column":4},"end":{"line":419,"column":53}},"248":{"start":{"line":422,"column":18},"end":{"line":425,"column":32}},"249":{"start":{"line":424,"column":16},"end":{"line":424,"column":24}},"250":{"start":{"line":425,"column":19},"end":{"line":425,"column":31}},"251":{"start":{"line":427,"column":38},"end":{"line":427,"column":40}},"252":{"start":{"line":429,"column":2},"end":{"line":442,"column":3}},"253":{"start":{"line":429,"column":15},"end":{"line":429,"column":16}},"254":{"start":{"line":430,"column":19},"end":{"line":433,"column":47}},"255":{"start":{"line":432,"column":18},"end":{"line":432,"column":26}},"256":{"start":{"line":433,"column":26},"end":{"line":433,"column":46}},"257":{"start":{"line":435,"column":4},"end":{"line":441,"column":5}},"258":{"start":{"line":436,"column":39},"end":{"line":436,"column":41}},"259":{"start":{"line":437,"column":6},"end":{"line":439,"column":9}},"260":{"start":{"line":438,"column":8},"end":{"line":438,"column":42}},"261":{"start":{"line":440,"column":6},"end":{"line":440,"column":21}},"262":{"start":{"line":444,"column":2},"end":{"line":444,"column":36}},"263":{"start":{"line":415,"column":13},"end":{"line":415,"column":29}},"264":{"start":{"line":447,"column":26},"end":{"line":453,"column":1}},"265":{"start":{"line":448,"column":19},"end":{"line":448,"column":36}},"266":{"start":{"line":450,"column":2},"end":{"line":452,"column":16}},"267":{"start":{"line":451,"column":18},"end":{"line":451,"column":37}},"268":{"start":{"line":447,"column":13},"end":{"line":447,"column":26}},"269":{"start":{"line":455,"column":26},"end":{"line":480,"column":1}},"270":{"start":{"line":456,"column":16},"end":{"line":456,"column":67}},"271":{"start":{"line":456,"column":55},"end":{"line":456,"column":66}},"272":{"start":{"line":458,"column":2},"end":{"line":460,"column":3}},"273":{"start":{"line":459,"column":4},"end":{"line":459,"column":46}},"274":{"start":{"line":462,"column":38},"end":{"line":462,"column":40}},"275":{"start":{"line":464,"column":2},"end":{"line":473,"column":5}},"276":{"start":{"line":465,"column":4},"end":{"line":472,"column":5}},"277":{"start":{"line":466,"column":18},"end":{"line":466,"column":34}},"278":{"start":{"line":467,"column":6},"end":{"line":469,"column":7}},"279":{"start":{"line":468,"column":8},"end":{"line":468,"column":23}},"280":{"start":{"line":475,"column":2},"end":{"line":477,"column":3}},"281":{"start":{"line":476,"column":4},"end":{"line":476,"column":60}},"282":{"start":{"line":479,"column":2},"end":{"line":479,"column":27}},"283":{"start":{"line":455,"column":13},"end":{"line":455,"column":26}},"284":{"start":{"line":482,"column":24},"end":{"line":513,"column":1}},"285":{"start":{"line":483,"column":19},"end":{"line":483,"column":36}},"286":{"start":{"line":486,"column":12},"end":{"line":490,"column":2}},"287":{"start":{"line":492,"column":2},"end":{"line":508,"column":5}},"288":{"start":{"line":493,"column":18},"end":{"line":493,"column":50}},"289":{"start":{"line":494,"column":22},"end":{"line":494,"column":54}},"290":{"start":{"line":495,"column":20},"end":{"line":495,"column":51}},"291":{"start":{"line":496,"column":24},"end":{"line":496,"column":45}},"292":{"start":{"line":498,"column":4},"end":{"line":507,"column":5}},"293":{"start":{"line":499,"column":6},"end":{"line":506,"column":2}},"294":{"start":{"line":510,"column":2},"end":{"line":510,"column":25}},"295":{"start":{"line":512,"column":2},"end":{"line":512,"column":13}},"296":{"start":{"line":482,"column":13},"end":{"line":482,"column":24}},"297":{"start":{"line":515,"column":24},"end":{"line":553,"column":1}},"298":{"start":{"line":516,"column":38},"end":{"line":516,"column":40}},"299":{"start":{"line":518,"column":21},"end":{"line":518,"column":56}},"300":{"start":{"line":521,"column":2},"end":{"line":546,"column":3}},"301":{"start":{"line":522,"column":18},"end":{"line":522,"column":26}},"302":{"start":{"line":523,"column":37},"end":{"line":523,"column":39}},"303":{"start":{"line":525,"column":25},"end":{"line":525,"column":64}},"304":{"start":{"line":526,"column":25},"end":{"line":526,"column":64}},"305":{"start":{"line":527,"column":23},"end":{"line":527,"column":60}},"306":{"start":{"line":528,"column":29},"end":{"line":528,"column":72}},"307":{"start":{"line":530,"column":4},"end":{"line":532,"column":5}},"308":{"start":{"line":531,"column":6},"end":{"line":531,"column":52}},"309":{"start":{"line":533,"column":4},"end":{"line":535,"column":5}},"310":{"start":{"line":534,"column":6},"end":{"line":534,"column":58}},"311":{"start":{"line":536,"column":4},"end":{"line":538,"column":5}},"312":{"start":{"line":537,"column":6},"end":{"line":537,"column":54}},"313":{"start":{"line":539,"column":4},"end":{"line":541,"column":5}},"314":{"start":{"line":540,"column":6},"end":{"line":540,"column":62}},"315":{"start":{"line":543,"column":4},"end":{"line":545,"column":5}},"316":{"start":{"line":544,"column":6},"end":{"line":544,"column":21}},"317":{"start":{"line":548,"column":2},"end":{"line":550,"column":3}},"318":{"start":{"line":549,"column":4},"end":{"line":549,"column":46}},"319":{"start":{"line":552,"column":2},"end":{"line":552,"column":27}},"320":{"start":{"line":515,"column":13},"end":{"line":515,"column":24}},"321":{"start":{"line":555,"column":25},"end":{"line":575,"column":1}},"322":{"start":{"line":556,"column":19},"end":{"line":556,"column":36}},"323":{"start":{"line":558,"column":13},"end":{"line":558,"column":15}},"324":{"start":{"line":560,"column":2},"end":{"line":572,"column":5}},"325":{"start":{"line":561,"column":4},"end":{"line":561,"column":28}},"326":{"start":{"line":562,"column":4},"end":{"line":568,"column":7}},"327":{"start":{"line":563,"column":23},"end":{"line":563,"column":68}},"328":{"start":{"line":564,"column":26},"end":{"line":566,"column":29}},"329":{"start":{"line":567,"column":6},"end":{"line":567,"column":49}},"330":{"start":{"line":569,"column":4},"end":{"line":571,"column":5}},"331":{"start":{"line":570,"column":6},"end":{"line":570,"column":19}},"332":{"start":{"line":574,"column":2},"end":{"line":574,"column":14}},"333":{"start":{"line":555,"column":13},"end":{"line":555,"column":25}},"334":{"start":{"line":577,"column":25},"end":{"line":605,"column":1}},"335":{"start":{"line":578,"column":38},"end":{"line":578,"column":40}},"336":{"start":{"line":581,"column":21},"end":{"line":581,"column":70}},"337":{"start":{"line":584,"column":2},"end":{"line":598,"column":3}},"338":{"start":{"line":585,"column":25},"end":{"line":585,"column":33}},"339":{"start":{"line":586,"column":37},"end":{"line":586,"column":39}},"340":{"start":{"line":588,"column":22},"end":{"line":588,"column":46}},"341":{"start":{"line":591,"column":4},"end":{"line":593,"column":5}},"342":{"start":{"line":592,"column":6},"end":{"line":592,"column":39}},"343":{"start":{"line":595,"column":4},"end":{"line":597,"column":5}},"344":{"start":{"line":596,"column":6},"end":{"line":596,"column":21}},"345":{"start":{"line":600,"column":2},"end":{"line":602,"column":3}},"346":{"start":{"line":601,"column":4},"end":{"line":601,"column":48}},"347":{"start":{"line":604,"column":2},"end":{"line":604,"column":27}},"348":{"start":{"line":577,"column":13},"end":{"line":577,"column":25}},"349":{"start":{"line":608,"column":26},"end":{"line":625,"column":1}},"350":{"start":{"line":611,"column":28},"end":{"line":611,"column":45}},"351":{"start":{"line":614,"column":14},"end":{"line":614,"column":39}},"352":{"start":{"line":615,"column":2},"end":{"line":622,"column":5}},"353":{"start":{"line":616,"column":19},"end":{"line":620,"column":6}},"354":{"start":{"line":617,"column":20},"end":{"line":617,"column":45}},"355":{"start":{"line":619,"column":6},"end":{"line":619,"column":76}},"356":{"start":{"line":621,"column":4},"end":{"line":621,"column":38}},"357":{"start":{"line":624,"column":2},"end":{"line":624,"column":15}},"358":{"start":{"line":608,"column":13},"end":{"line":608,"column":26}},"359":{"start":{"line":627,"column":26},"end":{"line":652,"column":1}},"360":{"start":{"line":629,"column":16},"end":{"line":629,"column":67}},"361":{"start":{"line":629,"column":55},"end":{"line":629,"column":66}},"362":{"start":{"line":631,"column":2},"end":{"line":633,"column":3}},"363":{"start":{"line":632,"column":4},"end":{"line":632,"column":85}},"364":{"start":{"line":635,"column":18},"end":{"line":635,"column":59}},"365":{"start":{"line":635,"column":50},"end":{"line":635,"column":58}},"366":{"start":{"line":636,"column":38},"end":{"line":636,"column":40}},"367":{"start":{"line":638,"column":2},"end":{"line":649,"column":3}},"368":{"start":{"line":638,"column":15},"end":{"line":638,"column":16}},"369":{"start":{"line":639,"column":19},"end":{"line":642,"column":6}},"370":{"start":{"line":641,"column":6},"end":{"line":641,"column":64}},"371":{"start":{"line":644,"column":37},"end":{"line":644,"column":39}},"372":{"start":{"line":645,"column":4},"end":{"line":647,"column":7}},"373":{"start":{"line":646,"column":6},"end":{"line":646,"column":40}},"374":{"start":{"line":648,"column":4},"end":{"line":648,"column":19}},"375":{"start":{"line":651,"column":2},"end":{"line":651,"column":36}},"376":{"start":{"line":627,"column":13},"end":{"line":627,"column":26}},"377":{"start":{"line":655,"column":24},"end":{"line":677,"column":1}},"378":{"start":{"line":656,"column":28},"end":{"line":656,"column":45}},"379":{"start":{"line":659,"column":12},"end":{"line":659,"column":66}},"380":{"start":{"line":660,"column":2},"end":{"line":660,"column":86}},"381":{"start":{"line":660,"column":28},"end":{"line":660,"column":72}},"382":{"start":{"line":661,"column":2},"end":{"line":661,"column":20}},"383":{"start":{"line":664,"column":2},"end":{"line":674,"column":5}},"384":{"start":{"line":665,"column":20},"end":{"line":665,"column":75}},"385":{"start":{"line":665,"column":39},"end":{"line":665,"column":63}},"386":{"start":{"line":666,"column":19},"end":{"line":671,"column":17}},"387":{"start":{"line":668,"column":22},"end":{"line":668,"column":42}},"388":{"start":{"line":669,"column":8},"end":{"line":669,"column":45}},"389":{"start":{"line":673,"column":4},"end":{"line":673,"column":96}},"390":{"start":{"line":676,"column":2},"end":{"line":676,"column":13}},"391":{"start":{"line":655,"column":13},"end":{"line":655,"column":24}},"392":{"start":{"line":679,"column":24},"end":{"line":735,"column":1}},"393":{"start":{"line":680,"column":38},"end":{"line":680,"column":40}},"394":{"start":{"line":681,"column":26},"end":{"line":681,"column":28}},"395":{"start":{"line":684,"column":22},"end":{"line":684,"column":65}},"396":{"start":{"line":685,"column":22},"end":{"line":685,"column":47}},"397":{"start":{"line":687,"column":2},"end":{"line":696,"column":3}},"398":{"start":{"line":688,"column":23},"end":{"line":688,"column":37}},"399":{"start":{"line":689,"column":4},"end":{"line":695,"column":35}},"400":{"start":{"line":692,"column":22},"end":{"line":692,"column":47}},"401":{"start":{"line":693,"column":8},"end":{"line":693,"column":37}},"402":{"start":{"line":695,"column":21},"end":{"line":695,"column":33}},"403":{"start":{"line":699,"column":22},"end":{"line":699,"column":89}},"404":{"start":{"line":702,"column":2},"end":{"line":728,"column":3}},"405":{"start":{"line":703,"column":22},"end":{"line":703,"column":36}},"406":{"start":{"line":704,"column":19},"end":{"line":704,"column":44}},"407":{"start":{"line":707,"column":4},"end":{"line":711,"column":5}},"408":{"start":{"line":708,"column":6},"end":{"line":710,"column":78}},"409":{"start":{"line":710,"column":22},"end":{"line":710,"column":76}},"410":{"start":{"line":713,"column":37},"end":{"line":713,"column":39}},"411":{"start":{"line":714,"column":4},"end":{"line":723,"column":5}},"412":{"start":{"line":715,"column":6},"end":{"line":717,"column":9}},"413":{"start":{"line":716,"column":8},"end":{"line":716,"column":37}},"414":{"start":{"line":720,"column":6},"end":{"line":722,"column":9}},"415":{"start":{"line":721,"column":8},"end":{"line":721,"column":39}},"416":{"start":{"line":725,"column":4},"end":{"line":727,"column":5}},"417":{"start":{"line":726,"column":6},"end":{"line":726,"column":21}},"418":{"start":{"line":730,"column":2},"end":{"line":732,"column":3}},"419":{"start":{"line":731,"column":4},"end":{"line":731,"column":57}},"420":{"start":{"line":734,"column":2},"end":{"line":734,"column":69}},"421":{"start":{"line":679,"column":13},"end":{"line":679,"column":24}},"422":{"start":{"line":738,"column":26},"end":{"line":740,"column":1}},"423":{"start":{"line":739,"column":2},"end":{"line":739,"column":28}},"424":{"start":{"line":738,"column":13},"end":{"line":738,"column":26}},"425":{"start":{"line":742,"column":26},"end":{"line":744,"column":1}},"426":{"start":{"line":743,"column":2},"end":{"line":743,"column":30}},"427":{"start":{"line":742,"column":13},"end":{"line":742,"column":26}},"428":{"start":{"line":746,"column":26},"end":{"line":748,"column":1}},"429":{"start":{"line":747,"column":2},"end":{"line":747,"column":29}},"430":{"start":{"line":746,"column":13},"end":{"line":746,"column":26}},"431":{"start":{"line":750,"column":26},"end":{"line":752,"column":1}},"432":{"start":{"line":751,"column":2},"end":{"line":751,"column":31}},"433":{"start":{"line":750,"column":13},"end":{"line":750,"column":26}},"434":{"start":{"line":755,"column":23},"end":{"line":757,"column":1}},"435":{"start":{"line":756,"column":2},"end":{"line":756,"column":46}},"436":{"start":{"line":759,"column":19},"end":{"line":766,"column":1}},"437":{"start":{"line":760,"column":2},"end":{"line":765,"column":28}},"438":{"start":{"line":768,"column":25},"end":{"line":778,"column":1}},"439":{"start":{"line":769,"column":2},"end":{"line":777,"column":3}},"440":{"start":{"line":770,"column":17},"end":{"line":770,"column":34}},"441":{"start":{"line":771,"column":4},"end":{"line":773,"column":5}},"442":{"start":{"line":772,"column":6},"end":{"line":772,"column":21}},"443":{"start":{"line":774,"column":4},"end":{"line":774,"column":71}},"444":{"start":{"line":776,"column":4},"end":{"line":776,"column":19}},"445":{"start":{"line":780,"column":26},"end":{"line":792,"column":1}},"446":{"start":{"line":781,"column":2},"end":{"line":791,"column":3}},"447":{"start":{"line":782,"column":17},"end":{"line":782,"column":43}},"448":{"start":{"line":783,"column":18},"end":{"line":783,"column":44}},"449":{"start":{"line":784,"column":16},"end":{"line":784,"column":42}},"450":{"start":{"line":785,"column":17},"end":{"line":785,"column":52}},"451":{"start":{"line":786,"column":19},"end":{"line":786,"column":55}},"452":{"start":{"line":788,"column":4},"end":{"line":788,"column":55}},"453":{"start":{"line":790,"column":4},"end":{"line":790,"column":22}},"454":{"start":{"line":794,"column":23},"end":{"line":800,"column":1}},"455":{"start":{"line":795,"column":2},"end":{"line":799,"column":27}},"456":{"start":{"line":802,"column":25},"end":{"line":808,"column":1}},"457":{"start":{"line":803,"column":2},"end":{"line":807,"column":28}},"458":{"start":{"line":810,"column":30},"end":{"line":814,"column":1}},"459":{"start":{"line":812,"column":18},"end":{"line":812,"column":59}},"460":{"start":{"line":813,"column":2},"end":{"line":813,"column":55}},"461":{"start":{"line":816,"column":24},"end":{"line":824,"column":1}},"462":{"start":{"line":817,"column":2},"end":{"line":823,"column":29}},"463":{"start":{"line":826,"column":23},"end":{"line":861,"column":1}},"464":{"start":{"line":827,"column":27},"end":{"line":827,"column":29}},"465":{"start":{"line":828,"column":16},"end":{"line":828,"column":18}},"466":{"start":{"line":829,"column":17},"end":{"line":829,"column":22}},"467":{"start":{"line":830,"column":10},"end":{"line":830,"column":11}},"468":{"start":{"line":832,"column":2},"end":{"line":854,"column":3}},"469":{"start":{"line":833,"column":17},"end":{"line":833,"column":29}},"470":{"start":{"line":834,"column":21},"end":{"line":834,"column":37}},"471":{"start":{"line":836,"column":4},"end":{"line":853,"column":5}},"472":{"start":{"line":837,"column":6},"end":{"line":837,"column":22}},"473":{"start":{"line":838,"column":6},"end":{"line":838,"column":10}},"474":{"start":{"line":839,"column":11},"end":{"line":853,"column":5}},"475":{"start":{"line":841,"column":6},"end":{"line":841,"column":21}},"476":{"start":{"line":842,"column":6},"end":{"line":842,"column":13}},"477":{"start":{"line":843,"column":11},"end":{"line":853,"column":5}},"478":{"start":{"line":844,"column":6},"end":{"line":844,"column":23}},"479":{"start":{"line":845,"column":6},"end":{"line":845,"column":10}},"480":{"start":{"line":846,"column":11},"end":{"line":853,"column":5}},"481":{"start":{"line":847,"column":6},"end":{"line":847,"column":76}},"482":{"start":{"line":848,"column":6},"end":{"line":848,"column":19}},"483":{"start":{"line":849,"column":6},"end":{"line":849,"column":10}},"484":{"start":{"line":851,"column":6},"end":{"line":851,"column":22}},"485":{"start":{"line":852,"column":6},"end":{"line":852,"column":10}},"486":{"start":{"line":856,"column":2},"end":{"line":858,"column":3}},"487":{"start":{"line":857,"column":4},"end":{"line":857,"column":74}},"488":{"start":{"line":860,"column":2},"end":{"line":860,"column":16}}},"fnMap":{"0":{"name":"(anonymous_0)","decl":{"start":{"line":4,"column":25},"end":{"line":4,"column":26}},"loc":{"start":{"line":4,"column":53},"end":{"line":7,"column":1}}},"1":{"name":"(anonymous_1)","decl":{"start":{"line":9,"column":25},"end":{"line":9,"column":26}},"loc":{"start":{"line":9,"column":54},"end":{"line":13,"column":1}}},"2":{"name":"(anonymous_2)","decl":{"start":{"line":15,"column":24},"end":{"line":15,"column":25}},"loc":{"start":{"line":15,"column":52},"end":{"line":35,"column":1}}},"3":{"name":"(anonymous_3)","decl":{"start":{"line":19,"column":15},"end":{"line":19,"column":16}},"loc":{"start":{"line":19,"column":23},"end":{"line":31,"column":3}}},"4":{"name":"(anonymous_4)","decl":{"start":{"line":21,"column":32},"end":{"line":21,"column":33}},"loc":{"start":{"line":21,"column":49},"end":{"line":29,"column":5}}},"5":{"name":"(anonymous_5)","decl":{"start":{"line":37,"column":24},"end":{"line":37,"column":25}},"loc":{"start":{"line":37,"column":52},"end":{"line":114,"column":1}}},"6":{"name":"(anonymous_6)","decl":{"start":{"line":116,"column":25},"end":{"line":116,"column":26}},"loc":{"start":{"line":116,"column":53},"end":{"line":128,"column":1}}},"7":{"name":"(anonymous_7)","decl":{"start":{"line":120,"column":15},"end":{"line":120,"column":16}},"loc":{"start":{"line":120,"column":30},"end":{"line":125,"column":3}}},"8":{"name":"(anonymous_8)","decl":{"start":{"line":122,"column":32},"end":{"line":122,"column":33}},"loc":{"start":{"line":122,"column":49},"end":{"line":124,"column":5}}},"9":{"name":"(anonymous_9)","decl":{"start":{"line":130,"column":25},"end":{"line":130,"column":26}},"loc":{"start":{"line":130,"column":54},"end":{"line":180,"column":1}}},"10":{"name":"(anonymous_10)","decl":{"start":{"line":141,"column":16},"end":{"line":141,"column":17}},"loc":{"start":{"line":141,"column":25},"end":{"line":169,"column":3}}},"11":{"name":"(anonymous_11)","decl":{"start":{"line":159,"column":54},"end":{"line":159,"column":55}},"loc":{"start":{"line":159,"column":61},"end":{"line":159,"column":69}}},"12":{"name":"(anonymous_12)","decl":{"start":{"line":182,"column":25},"end":{"line":182,"column":26}},"loc":{"start":{"line":182,"column":53},"end":{"line":201,"column":1}}},"13":{"name":"(anonymous_13)","decl":{"start":{"line":186,"column":18},"end":{"line":186,"column":19}},"loc":{"start":{"line":186,"column":29},"end":{"line":188,"column":3}}},"14":{"name":"(anonymous_14)","decl":{"start":{"line":191,"column":15},"end":{"line":191,"column":16}},"loc":{"start":{"line":191,"column":23},"end":{"line":197,"column":3}}},"15":{"name":"(anonymous_15)","decl":{"start":{"line":193,"column":20},"end":{"line":193,"column":21}},"loc":{"start":{"line":193,"column":31},"end":{"line":195,"column":5}}},"16":{"name":"(anonymous_16)","decl":{"start":{"line":203,"column":25},"end":{"line":203,"column":26}},"loc":{"start":{"line":203,"column":54},"end":{"line":264,"column":1}}},"17":{"name":"(anonymous_17)","decl":{"start":{"line":241,"column":39},"end":{"line":241,"column":40}},"loc":{"start":{"line":242,"column":6},"end":{"line":242,"column":44}}},"18":{"name":"(anonymous_18)","decl":{"start":{"line":252,"column":25},"end":{"line":252,"column":26}},"loc":{"start":{"line":252,"column":44},"end":{"line":255,"column":7}}},"19":{"name":"(anonymous_19)","decl":{"start":{"line":266,"column":24},"end":{"line":266,"column":25}},"loc":{"start":{"line":266,"column":52},"end":{"line":276,"column":1}}},"20":{"name":"(anonymous_20)","decl":{"start":{"line":270,"column":15},"end":{"line":270,"column":16}},"loc":{"start":{"line":270,"column":23},"end":{"line":273,"column":3}}},"21":{"name":"(anonymous_21)","decl":{"start":{"line":271,"column":31},"end":{"line":271,"column":32}},"loc":{"start":{"line":271,"column":43},"end":{"line":271,"column":68}}},"22":{"name":"(anonymous_22)","decl":{"start":{"line":278,"column":24},"end":{"line":278,"column":25}},"loc":{"start":{"line":278,"column":52},"end":{"line":299,"column":1}}},"23":{"name":"(anonymous_23)","decl":{"start":{"line":292,"column":20},"end":{"line":292,"column":21}},"loc":{"start":{"line":292,"column":38},"end":{"line":294,"column":5}}},"24":{"name":"(anonymous_24)","decl":{"start":{"line":301,"column":24},"end":{"line":301,"column":25}},"loc":{"start":{"line":301,"column":52},"end":{"line":330,"column":1}}},"25":{"name":"(anonymous_25)","decl":{"start":{"line":309,"column":15},"end":{"line":309,"column":16}},"loc":{"start":{"line":309,"column":23},"end":{"line":323,"column":3}}},"26":{"name":"(anonymous_26)","decl":{"start":{"line":332,"column":24},"end":{"line":332,"column":25}},"loc":{"start":{"line":332,"column":52},"end":{"line":357,"column":1}}},"27":{"name":"(anonymous_27)","decl":{"start":{"line":359,"column":24},"end":{"line":359,"column":25}},"loc":{"start":{"line":359,"column":52},"end":{"line":371,"column":1}}},"28":{"name":"(anonymous_28)","decl":{"start":{"line":365,"column":15},"end":{"line":365,"column":16}},"loc":{"start":{"line":365,"column":23},"end":{"line":368,"column":3}}},"29":{"name":"(anonymous_29)","decl":{"start":{"line":366,"column":31},"end":{"line":366,"column":32}},"loc":{"start":{"line":366,"column":43},"end":{"line":366,"column":68}}},"30":{"name":"(anonymous_30)","decl":{"start":{"line":373,"column":24},"end":{"line":373,"column":25}},"loc":{"start":{"line":373,"column":52},"end":{"line":399,"column":1}}},"31":{"name":"(anonymous_31)","decl":{"start":{"line":374,"column":43},"end":{"line":374,"column":44}},"loc":{"start":{"line":374,"column":53},"end":{"line":374,"column":64}}},"32":{"name":"(anonymous_32)","decl":{"start":{"line":386,"column":49},"end":{"line":386,"column":50}},"loc":{"start":{"line":386,"column":56},"end":{"line":386,"column":64}}},"33":{"name":"(anonymous_33)","decl":{"start":{"line":390,"column":49},"end":{"line":390,"column":50}},"loc":{"start":{"line":390,"column":56},"end":{"line":390,"column":64}}},"34":{"name":"(anonymous_34)","decl":{"start":{"line":392,"column":20},"end":{"line":392,"column":21}},"loc":{"start":{"line":392,"column":38},"end":{"line":394,"column":5}}},"35":{"name":"(anonymous_35)","decl":{"start":{"line":401,"column":29},"end":{"line":401,"column":30}},"loc":{"start":{"line":401,"column":57},"end":{"line":413,"column":1}}},"36":{"name":"(anonymous_36)","decl":{"start":{"line":405,"column":33},"end":{"line":405,"column":36}},"loc":{"start":{"line":405,"column":39},"end":{"line":405,"column":44}}},"37":{"name":"(anonymous_37)","decl":{"start":{"line":407,"column":15},"end":{"line":407,"column":16}},"loc":{"start":{"line":407,"column":23},"end":{"line":410,"column":3}}},"38":{"name":"(anonymous_38)","decl":{"start":{"line":408,"column":31},"end":{"line":408,"column":32}},"loc":{"start":{"line":408,"column":43},"end":{"line":408,"column":68}}},"39":{"name":"(anonymous_39)","decl":{"start":{"line":415,"column":29},"end":{"line":415,"column":30}},"loc":{"start":{"line":415,"column":62},"end":{"line":445,"column":1}}},"40":{"name":"(anonymous_40)","decl":{"start":{"line":416,"column":48},"end":{"line":416,"column":49}},"loc":{"start":{"line":416,"column":58},"end":{"line":416,"column":69}}},"41":{"name":"(anonymous_41)","decl":{"start":{"line":424,"column":9},"end":{"line":424,"column":10}},"loc":{"start":{"line":424,"column":16},"end":{"line":424,"column":24}}},"42":{"name":"(anonymous_42)","decl":{"start":{"line":425,"column":12},"end":{"line":425,"column":13}},"loc":{"start":{"line":425,"column":19},"end":{"line":425,"column":31}}},"43":{"name":"(anonymous_43)","decl":{"start":{"line":432,"column":11},"end":{"line":432,"column":12}},"loc":{"start":{"line":432,"column":18},"end":{"line":432,"column":26}}},"44":{"name":"(anonymous_44)","decl":{"start":{"line":433,"column":14},"end":{"line":433,"column":15}},"loc":{"start":{"line":433,"column":26},"end":{"line":433,"column":46}}},"45":{"name":"(anonymous_45)","decl":{"start":{"line":437,"column":22},"end":{"line":437,"column":23}},"loc":{"start":{"line":437,"column":40},"end":{"line":439,"column":7}}},"46":{"name":"(anonymous_46)","decl":{"start":{"line":447,"column":26},"end":{"line":447,"column":27}},"loc":{"start":{"line":447,"column":54},"end":{"line":453,"column":1}}},"47":{"name":"(anonymous_47)","decl":{"start":{"line":451,"column":9},"end":{"line":451,"column":10}},"loc":{"start":{"line":451,"column":18},"end":{"line":451,"column":37}}},"48":{"name":"(anonymous_48)","decl":{"start":{"line":455,"column":26},"end":{"line":455,"column":27}},"loc":{"start":{"line":455,"column":56},"end":{"line":480,"column":1}}},"49":{"name":"(anonymous_49)","decl":{"start":{"line":456,"column":45},"end":{"line":456,"column":46}},"loc":{"start":{"line":456,"column":55},"end":{"line":456,"column":66}}},"50":{"name":"(anonymous_50)","decl":{"start":{"line":464,"column":16},"end":{"line":464,"column":17}},"loc":{"start":{"line":464,"column":25},"end":{"line":473,"column":3}}},"51":{"name":"(anonymous_51)","decl":{"start":{"line":482,"column":24},"end":{"line":482,"column":25}},"loc":{"start":{"line":482,"column":52},"end":{"line":513,"column":1}}},"52":{"name":"(anonymous_52)","decl":{"start":{"line":492,"column":15},"end":{"line":492,"column":16}},"loc":{"start":{"line":492,"column":23},"end":{"line":508,"column":3}}},"53":{"name":"(anonymous_53)","decl":{"start":{"line":515,"column":24},"end":{"line":515,"column":25}},"loc":{"start":{"line":515,"column":52},"end":{"line":553,"column":1}}},"54":{"name":"(anonymous_54)","decl":{"st
[...]
"line":59,"column":9},"end":{"line":59,"column":55}},"type":"binary-expr","locations":[{"start":{"line":59,"column":9},"end":{"line":59,"column":29}},{"start":{"line":59,"column":33},"end":{"line":59,"column":55}}]},"4":{"loc":{"start":{"line":66,"column":9},"end":{"line":66,"column":53}},"type":"binary-expr","locations":[{"start":{"line":66,"column":9},"end":{"line":66,"column":34}},{"start":{"line":66,"column":38},"end":{"line":66,"column":53}}]},"5":{"loc":{"start":{"line":73,"column":9},"end":{"line":73,"column":47}},"type":"binary-expr","locations":[{"start":{"line":73,"column":9},"end":{"line":73,"column":26}},{"start":{"line":73,"column":30},"end":{"line":73,"column":47}}]},"6":{"loc":{"start":{"line":121,"column":2},"end":{"line":125,"column":3}},"type":"if","locations":[{"start":{"line":121,"column":2},"end":{"line":125,"column":3}},{"start":{},"end":{}}]},"7":{"loc":{"start":{"line":121,"column":6},"end":{"line":121,"column":51}},"type":"binary-expr","locations":[{"start":{"line":121,"column":6},"end":{"line":121,"column":17}},{"start":{"line":121,"column":21},"end":{"line":121,"column":51}}]},"8":{"loc":{"start":{"line":129,"column":2},"end":{"line":133,"column":3}},"type":"if","locations":[{"start":{"line":129,"column":2},"end":{"line":133,"column":3}},{"start":{},"end":{}}]},"9":{"loc":{"start":{"line":137,"column":2},"end":{"line":141,"column":3}},"type":"if","locations":[{"start":{"line":137,"column":2},"end":{"line":141,"column":3}},{"start":{},"end":{}}]},"10":{"loc":{"start":{"line":137,"column":6},"end":{"line":137,"column":51}},"type":"binary-expr","locations":[{"start":{"line":137,"column":6},"end":{"line":137,"column":17}},{"start":{"line":137,"column":21},"end":{"line":137,"column":51}}]},"11":{"loc":{"start":{"line":150,"column":4},"end":{"line":154,"column":5}},"type":"if","locations":[{"start":{"line":150,"column":4},"end":{"line":154,"column":5}},{"start":{},"end":{}}]},"12":{"loc":{"start":{"line":157,"column":2},"end":{"line":159,"column":3}},"type":"if","locations":[{"start":{"line":157,"column":2},"end":{"line":159,"column":3}},{"start":{},"end":{}}]},"13":{"loc":{"start":{"line":174,"column":2},"end":{"line":178,"column":3}},"type":"if","locations":[{"start":{"line":174,"column":2},"end":{"line":178,"column":3}},{"start":{},"end":{}}]},"14":{"loc":{"start":{"line":174,"column":6},"end":{"line":174,"column":38}},"type":"binary-expr","locations":[{"start":{"line":174,"column":6},"end":{"line":174,"column":14}},{"start":{"line":174,"column":18},"end":{"line":174,"column":38}}]},"15":{"loc":{"start":{"line":182,"column":2},"end":{"line":185,"column":3}},"type":"if","locations":[{"start":{"line":182,"column":2},"end":{"line":185,"column":3}},{"start":{},"end":{}}]},"16":{"loc":{"start":{"line":188,"column":43},"end":{"line":188,"column":70}},"type":"binary-expr","locations":[{"start":{"line":188,"column":43},"end":{"line":188,"column":45}},{"start":{"line":188,"column":49},"end":{"line":188,"column":70}}]},"17":{"loc":{"start":{"line":189,"column":2},"end":{"line":191,"column":3}},"type":"if","locations":[{"start":{"line":189,"column":2},"end":{"line":191,"column":3}},{"start":{},"end":{}}]},"18":{"loc":{"start":{"line":206,"column":2},"end":{"line":211,"column":3}},"type":"if","locations":[{"start":{"line":206,"column":2},"end":{"line":211,"column":3}},{"start":{},"end":{}}]},"19":{"loc":{"start":{"line":214,"column":40},"end":{"line":214,"column":97}},"type":"binary-expr","locations":[{"start":{"line":214,"column":40},"end":{"line":214,"column":53}},{"start":{"line":214,"column":57},"end":{"line":214,"column":75}},{"start":{"line":214,"column":79},"end":{"line":214,"column":97}}]},"20":{"loc":{"start":{"line":215,"column":2},"end":{"line":217,"column":3}},"type":"if","locations":[{"start":{"line":215,"column":2},"end":{"line":217,"column":3}},{"start":{},"end":{}}]},"21":{"loc":{"start":{"line":232,"column":2},"end":{"line":234,"column":3}},"type":"if","locations":[{"start":{"line":232,"column":2},"end":{"line":234,"column":3}},{"start":{},"end":{}}]},"22":{"loc":{"start":{"line":232,"column":6},"end":{"line":232,"column":61}},"type":"binary-expr","locations":[{"start":{"line":232,"column":6},"end":{"line":232,"column":22}},{"start":{"line":232,"column":26},"end":{"line":232,"column":61}}]},"23":{"loc":{"start":{"line":236,"column":2},"end":{"line":238,"column":3}},"type":"if","locations":[{"start":{"line":236,"column":2},"end":{"line":238,"column":3}},{"start":{},"end":{}}]},"24":{"loc":{"start":{"line":240,"column":2},"end":{"line":242,"column":3}},"type":"if","locations":[{"start":{"line":240,"column":2},"end":{"line":242,"column":3}},{"start":{},"end":{}}]},"25":{"loc":{"start":{"line":240,"column":6},"end":{"line":240,"column":70}},"type":"binary-expr","locations":[{"start":{"line":240,"column":6},"end":{"line":240,"column":26}},{"start":{"line":240,"column":30},"end":{"line":240,"column":70}}]},"26":{"loc":{"start":{"line":244,"column":2},"end":{"line":246,"column":3}},"type":"if","locations":[{"start":{"line":244,"column":2},"end":{"line":246,"column":3}},{"start":{},"end":{}}]},"27":{"loc":{"start":{"line":244,"column":6},"end":{"line":244,"column":70}},"type":"binary-expr","locations":[{"start":{"line":244,"column":6},"end":{"line":244,"column":26}},{"start":{"line":244,"column":30},"end":{"line":244,"column":70}}]},"28":{"loc":{"start":{"line":248,"column":2},"end":{"line":250,"column":3}},"type":"if","locations":[{"start":{"line":248,"column":2},"end":{"line":250,"column":3}},{"start":{},"end":{}}]},"29":{"loc":{"start":{"line":248,"column":6},"end":{"line":248,"column":55}},"type":"binary-expr","locations":[{"start":{"line":248,"column":6},"end":{"line":248,"column":19}},{"start":{"line":248,"column":23},"end":{"line":248,"column":55}}]},"30":{"loc":{"start":{"line":276,"column":4},"end":{"line":278,"column":5}},"type":"if","locations":[{"start":{"line":276,"column":4},"end":{"line":278,"column":5}},{"start":{},"end":{}}]},"31":{"loc":{"start":{"line":280,"column":4},"end":{"line":282,"column":5}},"type":"if","locations":[{"start":{"line":280,"column":4},"end":{"line":282,"column":5}},{"start":{},"end":{}}]},"32":{"loc":{"start":{"line":300,"column":2},"end":{"line":302,"column":3}},"type":"if","locations":[{"start":{"line":300,"column":2},"end":{"line":302,"column":3}},{"start":{},"end":{}}]},"33":{"loc":{"start":{"line":300,"column":6},"end":{"line":300,"column":53}},"type":"binary-expr","locations":[{"start":{"line":300,"column":6},"end":{"line":300,"column":18}},{"start":{"line":300,"column":22},"end":{"line":300,"column":53}}]},"34":{"loc":{"start":{"line":304,"column":2},"end":{"line":306,"column":3}},"type":"if","locations":[{"start":{"line":304,"column":2},"end":{"line":306,"column":3}},{"start":{},"end":{}}]},"35":{"loc":{"start":{"line":304,"column":6},"end":{"line":304,"column":69}},"type":"binary-expr","locations":[{"start":{"line":304,"column":6},"end":{"line":304,"column":26}},{"start":{"line":304,"column":30},"end":{"line":304,"column":69}}]},"36":{"loc":{"start":{"line":308,"column":2},"end":{"line":310,"column":3}},"type":"if","locations":[{"start":{"line":308,"column":2},"end":{"line":310,"column":3}},{"start":{},"end":{}}]},"37":{"loc":{"start":{"line":308,"column":6},"end":{"line":308,"column":69}},"type":"binary-expr","locations":[{"start":{"line":308,"column":6},"end":{"line":308,"column":26}},{"start":{"line":308,"column":30},"end":{"line":308,"column":69}}]},"38":{"loc":{"start":{"line":312,"column":2},"end":{"line":314,"column":3}},"type":"if","locations":[{"start":{"line":312,"column":2},"end":{"line":314,"column":3}},{"start":{},"end":{}}]},"39":{"loc":{"start":{"line":312,"column":6},"end":{"line":312,"column":58}},"type":"binary-expr","locations":[{"start":{"line":312,"column":6},"end":{"line":312,"column":20}},{"start":{"line":312,"column":24},"end":{"line":312,"column":58}}]},"40":{"loc":{"start":{"line":337,"column":4},"end":{"line":339,"column":5}},"type":"if","locations":[{"start":{"line":337,"column":4},"end":{"line":339,"column":5}},{"start":{},"end":{}}]},"41":{"loc":{"start":{"line":345,"column":4},"end":{"line":347,"column":5}},"type":"if","locations":[{"start":{"line":345,"column":4},"end":{"line":347,"column":5}},{"start":{},"end":{}}]},"42":{"loc":{"start":{"line":353,"column":2},"end":{"line":355,"column":3}},"type":"if","locations":[{"start":{"line":353,"column":2},"end":{"line":355,"column":3}},{"start":{},"end":{}}]},"43":{"loc":{"start":{"line":365,"column":45},"end":{"line":365,"column":69}},"type":"default-arg","locations":[{"start":{"line":365,"column":65},"end":{"line":365,"column":69}}]},"44":{"loc":{"start":{"line":370,"column":2},"end":{"line":372,"column":3}},"type":"if","locations":[{"start":{"line":370,"column":2},"end":{"line":372,"column":3}},{"start":{},"end":{}}]},"45":{"loc":{"start":{"line":393,"column":2},"end":{"line":395,"column":3}},"type":"if","locations":[{"start":{"line":393,"column":2},"end":{"line":395,"column":3}},{"start":{},"end":{}}]},"46":{"loc":{"start":{"line":393,"column":6},"end":{"line":393,"column":32}},"type":"binary-expr","locations":[{"start":{"line":393,"column":6},"end":{"line":393,"column":11}},{"start":{"line":393,"column":15},"end":{"line":393,"column":32}}]},"47":{"loc":{"start":{"line":406,"column":6},"end":{"line":406,"column":42}},"type":"if","locations":[{"start":{"line":406,"column":6},"end":{"line":406,"column":42}},{"start":{},"end":{}}]},"48":{"loc":{"start":{"line":406,"column":10},"end":{"line":406,"column":33}},"type":"binary-expr","locations":[{"start":{"line":406,"column":10},"end":{"line":406,"column":23}},{"start":{"line":406,"column":27},"end":{"line":406,"column":33}}]},"49":{"loc":{"start":{"line":410,"column":6},"end":{"line":426,"column":7}},"type":"switch","locations":[{"start":{"line":411,"column":8},"end":{"line":413,"column":16}},{"start":{"line":414,"column":8},"end":{"line":416,"column":16}},{"start":{"line":417,"column":8},"end":{"line":419,"column":16}},{"start":{"line":420,"column":8},"end":{"line":422,"column":16}},{"start":{"line":423,"column":8},"end":{"line":425,"column":16}}]},"50":{"loc":{"start":{"line":428,"column":6},"end":{"line":432,"column":7}},"type":"if","locations":[{"start":{"line":428,"column":6},"end":{"line":432,"column":7}},{"start":{},"end":{}}]},"51":{"loc":{"start":{"line":450,"column":4},"end":{"line":506,"column":5}},"type":"switch","locations":[{"start":{"line":451,"column":6},"end":{"line":455,"column":14}},{"start":{"line":457,"column":6},"end":{"line":461,"column":14}},{"start":{"line":463,"column":6},"end":{"line":467,"column":14}},{"start":{"line":469,"column":6},"end":{"line":473,"column":14}},{"start":{"line":475,"column":6},"end":{"line":479,"column":14}},{"start":{"line":481,"column":6},"end":{"line":485,"column":14}},{"start":{"line":487,"column":6},"end":{"line":493,"column":14}},{"start":{"line":495,"column":6},"end":{"line":499,"column":14}},{"start":{"line":501,"column":6},"end":{"line":505,"column":14}}]},"52":{"loc":{"start":{"line":452,"column":8},"end":{"line":454,"column":9}},"type":"if","locations":[{"start":{"line":452,"column":8},"end":{"line":454,"column":9}},{"start":{},"end":{}}]},"53":{"loc":{"start":{"line":452,"column":12},"end":{"line":452,"column":78}},"type":"binary-expr","locations":[{"start":{"line":452,"column":12},"end":{"line":452,"column":18}},{"start":{"line":452,"column":23},"end":{"line":452,"column":48}},{"start":{"line":452,"column":52},"end":{"line":452,"column":77}}]},"54":{"loc":{"start":{"line":453,"column":29},"end":{"line":453,"column":69}},"type":"binary-expr","locations":[{"start":{"line":453,"column":29},"end":{"line":453,"column":41}},{"start":{"line":453,"column":45},"end":{"line":453,"column":69}}]},"55":{"loc":{"start":{"line":458,"column":8},"end":{"line":460,"column":9}},"type":"if","locations":[{"start":{"line":458,"column":8},"end":{"line":460,"column":9}},{"start":{},"end":{}}]},"56":{"loc":{"start":{"line":458,"column":12},"end":{"line":458,"column":42}},"type":"binary-expr","locations":[{"start":{"line":458,"column":12},"end":{"line":458,"column":17}},{"start":{"line":458,"column":21},"end":{"line":458,"column":42}}]},"57":{"loc":{"start":{"line":459,"column":29},"end":{"line":459,"column":68}},"type":"binary-expr","locations":[{"start":{"line":459,"column":29},"end":{"line":459,"column":41}},{"start":{"line":459,"column":45},"end":{"line":459,"column":68}}]},"58":{"loc":{"start":{"line":464,"column":8},"end":{"line":466,"column":9}},"type":"if","locations":[{"start":{"line":464,"column":8},"end":{"line":466,"column":9}},{"start":{},"end":{}}]},"59":{"loc":{"start":{"line":464,"column":12},"end":{"line":464,"column":40}},"type":"binary-expr","locations":[{"start":{"line":464,"column":12},"end":{"line":464,"column":17}},{"start":{"line":464,"column":21},"end":{"line":464,"column":40}}]},"60":{"loc":{"start":{"line":465,"column":29},"end":{"line":465,"column":58}},"type":"binary-expr","locations":[{"start":{"line":465,"column":29},"end":{"line":465,"column":41}},{"start":{"line":465,"column":45},"end":{"line":465,"column":58}}]},"61":{"loc":{"start":{"line":470,"column":8},"end":{"line":472,"column":9}},"type":"if","locations":[{"start":{"line":470,"column":8},"end":{"line":472,"column":9}},{"start":{},"end":{}}]},"62":{"loc":{"start":{"line":470,"column":12},"end":{"line":470,"column":48}},"type":"binary-expr","locations":[{"start":{"line":470,"column":12},"end":{"line":470,"column":17}},{"start":{"line":470,"column":21},"end":{"line":470,"column":48}}]},"63":{"loc":{"start":{"line":471,"column":29},"end":{"line":471,"column":67}},"type":"binary-expr","locations":[{"start":{"line":471,"column":29},"end":{"line":471,"column":41}},{"start":{"line":471,"column":45},"end":{"line":471,"column":67}}]},"64":{"loc":{"start":{"line":476,"column":8},"end":{"line":478,"column":9}},"type":"if","locations":[{"start":{"line":476,"column":8},"end":{"line":478,"column":9}},{"start":{},"end":{}}]},"65":{"loc":{"start":{"line":476,"column":12},"end":{"line":476,"column":43}},"type":"binary-expr","locations":[{"start":{"line":476,"column":12},"end":{"line":476,"column":17}},{"start":{"line":476,"column":21},"end":{"line":476,"column":43}}]},"66":{"loc":{"start":{"line":477,"column":29},"end":{"line":477,"column":63}},"type":"binary-expr","locations":[{"start":{"line":477,"column":29},"end":{"line":477,"column":41}},{"start":{"line":477,"column":45},"end":{"line":477,"column":63}}]},"67":{"loc":{"start":{"line":482,"column":8},"end":{"line":484,"column":9}},"type":"if","locations":[{"start":{"line":482,"column":8},"end":{"line":484,"column":9}},{"start":{},"end":{}}]},"68":{"loc":{"start":{"line":482,"column":12},"end":{"line":482,"column":41}},"type":"binary-expr","locations":[{"start":{"line":482,"column":12},"end":{"line":482,"column":17}},{"start":{"line":482,"column":21},"end":{"line":482,"column":41}}]},"69":{"loc":{"start":{"line":483,"column":29},"end":{"line":483,"column":59}},"type":"binary-expr","locations":[{"start":{"line":483,"column":29},"end":{"line":483,"column":41}},{"start":{"line":483,"column":45},"end":{"line":483,"column":59}}]},"70":{"loc":{"start":{"line":488,"column":8},"end":{"line":492,"column":9}},"type":"if","locations":[{"start":{"line":488,"column":8},"end":{"line":492,"column":9}},{"start":{},"end":{}}]},"71":{"loc":{"start":{"line":488,"column":12},"end":{"line":488,"column":75}},"type":"binary-expr","locations":[{"start":{"line":488,"column":12},"end":{"line":488,"column":17}},{"start":{"line":488,"column":21},"end":{"line":488,"column":75}}]},"72":{"loc":{"start":{"line":490,"column":12},"end":{"line":490,"column":96}},"type":"binary-expr","locations":[{"start":{"line":490,"column":12},"end":{"line":490,"column":24}},{"start":{"line":490,"column":28},"end":{"line":490,"column":96}}]},"73":{"loc":{"start":{"line":496,"column":8},"end":{"line":498,"column":9}},"type":"if","locations":[{"start":{"line":496,"column":8},"end":{"line":498,"column":9}},{"start":{},"end":{}}]},"74":{"loc":{"start":{"line":496,"column":12},"end":{"line":496,"column":53}},"type":"binary-expr","locations":[{"start":{"line":496,"column":12},"end":{"line":496,"column":17}},{"start":{"line":496,"column":21},"end":{"line":496,"column":53}}]},"75":{"loc":{"start":{"line":497,"column":29},"end":{"line":497,"column":87}},"type":"binary-expr","locations":[{"start":{"line":497,"column":29},"end":{"line":497,"column":41}},{"start":{"line":497,"column":45},"end":{"line":497,"column":87}}]},"76":{"loc":{"start":{"line":502,"column":8},"end":{"line":504,"column":9}},"type":"if","locations":[{"start":{"line":502,"column":8},"end":{"line":504,"column":9}},{"start":{},"end":{}}]},"77":{"loc":{"start":{"line":502,"column":12},"end":{"line":502,"column":56}},"type":"binary-expr","locations":[{"start":{"line":502,"column":12},"end":{"line":502,"column":17}},{"start":{"line":502,"column":21},"end":{"line":502,"column":56}}]},"78":{"loc":{"start":{"line":503,"column":29},"end":{"line":503,"column":61}},"type":"binary-expr","locations":[{"start":{"line":503,"column":29},"end":{"line":503,"column":41}},{"start":{"line":503,"column":45},"end":{"line":503,"column":61}}]}},"s":{"0":0,"1":0,"2":0,"3":0,"4":0,"5":0,"6":0,"7":0,"8":0,"9":0,"10":0,"11":0,"12":0,"13":0,"14":0,"15":0,"16":0,"17":0,"18":0,"19":0,"20":0,"21":0,"22":0,"23":0,"24":0,"25":0,"26":0,"27":0,"28":0,"29":0,"30":0,"31":0,"32":0,"33":0,"34":0,"35":0,"36":0,"37":0,"38":0,"39":0,"40":0,"41":0,"42":0,"43":0,"44":0,"45":0,"46":0,"47":0,"48":0,"49":0,"50":0,"51":0,"52":0,"53":0,"54":0,"55":0,"56":0,"57":0,"58":0,"59":0,"60":0,"61":0,"62":0,"63":0,"64":0,"65":0,"66":0,"67":0,"68":0,"69":0,"70":0,"71":0,"72":0,"73":0,"74":0,"75":0,"76":0,"77":0,"78":0,"79":0,"80":0,"81":0,"82":0,"83":0,"84":0,"85":0,"86":0,"87":0,"88":0,"89":0,"90":0,"91":0,"92":0,"93":0,"94":0,"95":0,"96":0,"97":0,"98":0,"99":0,"100":0,"101":0,"102":0,"103":0,"104":0,"105":0,"106":0,"107":0,"108":0,"109":0,"110":0,"111":0,"112":0,"113":0,"114":0,"115":0,"116":0,"117":0,"118":0,"119":0,"120":0,"121":0,"122":0,"123":0,"124":0,"125":0,"126":0,"127":0,"128":0,"129":0,"130":0,"131":0,"132":0,"133":0,"134":0,"135":0,"136":0,"137":0,"138":0,"139":0,"140":0,"141":0,"142":0,"143":0,"144":0,"145":0,"146":0,"147":0,"148":0,"149":0,"150":0,"151":0,"152":0,"153":0,"154":0,"155":0,"156":0,"157":0,"158":0,"159":0,"160":0,"161":0,"162":0,"163":0,"164":0,"165":0,"166":0,"167":0,"168":0,"169":0,"170":0,"171":0,"172":0,"173":0,"174":0,"175":0,"176":0,"177":0,"178":0,"179":0,"180":0,"181":0,"182":0,"183":0,"184":0,"185":0,"186":0,"187":0,"188":0,"189":0,"190":0,"191":0,"192":0,"193":0,"194":0,"195":0,"196":0,"197":0,"198":0,"199":0,"200":0,"201":0,"202":0,"203":0,"204":0,"205":0,"206":0,"207":0,"208":0,"209":0,"210":0,"211":0,"212":0,"213":0,"214":0,"215":0,"216":0,"217":0,"218":0,"219":0,"220":0,"221":0,"222":0,"223":0,"224":0,"225":0,"226":0,"227":0},"f":{"0":0,"1":0,"2":0,"3":0,"4":0,"5":0,"6":0,"7":0,"8":0,"9":0,"10":0,"11":0,"12":0,"13":0,"14":0,"15":0,"16":0,"17":0,"18":0,"19":0,"20":0,"21":0,"22":0,"23":0,"24":0,"25":0},"b":{"0":[0,0],"1":[0,0],"2":[0,0],"3":[0,0],"4":[0,0],"5":[0,0],"6":[0,0],"7":[0,0],"8":[0,0],"9":[0,0],"10":[0,0],"11":[0,0],"12":[0,0],"13":[0,0],"14":[0,0],"15":[0,0],"16":[0,0],"17":[0,0],"18":[0,0],"19":[0,0,0],"20":[0,0],"21":[0,0],"22":[0,0],"23":[0,0],"24":[0,0],"25":[0,0],"26":[0,0],"27":[0,0],"28":[0,0],"29":[0,0],"30":[0,0],"31":[0,0],"32":[0,0],"33":[0,0],"34":[0,0],"35":[0,0],"36":[0,0],"37":[0,0],"38":[0,0],"39":[0,0],"40":[0,0],"41":[0,0],"42":[0,0],"43":[0],"44":[0,0],"45":[0,0],"46":[0,0],"47":[0,0],"48":[0,0],"49":[0,0,0,0,0],"50":[0,0],"51":[0,0,0,0,0,0,0,0,0],"52":[0,0],"53":[0,0,0],"54":[0,0],"55":[0,0],"56":[0,0],"57":[0,0],"58":[0,0],"59":[0,0],"60":[0,0],"61":[0,0],"62":[0,0],"63":[0,0],"64":[0,0],"65":[0,0],"66":[0,0],"67":[0,0],"68":[0,0],"69":[0,0],"70":[0,0],"71":[0,0],"72":[0,0],"73":[0,0],"74":[0,0],"75":[0,0],"76":[0,0],"77":[0,0],"78":[0,0]}}
}
