TN:
SF:src/app.ts
FN:57,(anonymous_1)
FN:63,(anonymous_2)
FN:100,(anonymous_3)
FN:110,(anonymous_4)
FNF:4
FNH:0
FNDA:0,(anonymous_1)
FNDA:0,(anonymous_2)
FNDA:0,(anonymous_3)
FNDA:0,(anonymous_4)
DA:3,0
DA:4,0
DA:5,0
DA:6,0
DA:7,0
DA:8,0
DA:9,0
DA:12,0
DA:13,0
DA:14,0
DA:15,0
DA:16,0
DA:17,0
DA:18,0
DA:19,0
DA:20,0
DA:21,0
DA:22,0
DA:23,0
DA:25,0
DA:30,0
DA:31,0
DA:34,0
DA:42,0
DA:43,0
DA:46,0
DA:49,0
DA:54,0
DA:57,0
DA:58,0
DA:59,0
DA:63,0
DA:64,0
DA:74,0
DA:77,0
DA:80,0
DA:83,0
DA:84,0
DA:85,0
DA:86,0
DA:87,0
DA:90,0
DA:91,0
DA:92,0
DA:95,0
DA:100,0
DA:101,0
DA:110,0
DA:111,0
DA:113,0
DA:114,0
DA:116,0
DA:124,0
LF:53
LH:0
BRDA:35,0,0,0
BRDA:35,0,1,0
BRDA:113,1,0,0
BRDA:113,1,1,0
BRDA:114,2,0,0
BRDA:114,2,1,0
BRDA:120,3,0,0
BRDA:120,3,1,0
BRF:8
BRH:0
end_of_record
TN:
SF:src/config/database.ts
FN:18,(anonymous_0)
FN:23,(anonymous_1)
FNF:2
FNH:0
FNDA:0,(anonymous_0)
FNDA:0,(anonymous_1)
DA:3,0
DA:5,0
DA:7,0
DA:15,0
DA:18,0
DA:19,0
DA:20,0
DA:23,0
DA:24,0
DA:25,0
DA:28,0
LF:11
LH:0
BRDA:8,0,0,0
BRDA:8,0,1,0
BRDA:10,1,0,0
BRDA:10,1,1,0
BRDA:15,2,0,0
BRDA:15,2,1,0
BRF:6
BRH:0
end_of_record
TN:
SF:src/converters/index.ts
FN:3,(anonymous_0)
FN:8,(anonymous_1)
FN:14,(anonymous_2)
FN:18,(anonymous_3)
FN:20,(anonymous_4)
FN:36,(anonymous_5)
FN:69,(anonymous_6)
FN:73,(anonymous_7)
FN:75,(anonymous_8)
FN:83,(anonymous_9)
FN:90,(anonymous_10)
FN:99,(anonymous_11)
FN:111,(anonymous_12)
FN:115,(anonymous_13)
FN:120,(anonymous_14)
FN:122,(anonymous_15)
FN:132,(anonymous_16)
FN:170,(anonymous_17)
FN:181,(anonymous_18)
FN:195,(anonymous_19)
FN:199,(anonymous_20)
FN:200,(anonymous_21)
FN:207,(anonymous_22)
FN:221,(anonymous_23)
FN:230,(anonymous_24)
FN:238,(anonymous_25)
FN:261,(anonymous_26)
FN:288,(anonymous_27)
FN:294,(anonymous_28)
FN:295,(anonymous_29)
FN:302,(anonymous_30)
FN:303,(anonymous_31)
FN:315,(anonymous_32)
FN:319,(anonymous_33)
FN:321,(anonymous_34)
FN:330,(anonymous_35)
FN:334,(anonymous_36)
FN:336,(anonymous_37)
FN:337,(anonymous_38)
FN:344,(anonymous_39)
FN:345,(anonymous_40)
FN:353,(anonymous_41)
FN:354,(anonymous_42)
FN:361,(anonymous_43)
FN:362,(anonymous_44)
FN:366,(anonymous_45)
FN:376,(anonymous_46)
FN:380,(anonymous_47)
FN:384,(anonymous_48)
FN:385,(anonymous_49)
FN:393,(anonymous_50)
FN:411,(anonymous_51)
FN:421,(anonymous_52)
FN:444,(anonymous_53)
FN:484,(anonymous_54)
FN:489,(anonymous_55)
FN:491,(anonymous_56)
FN:506,(anonymous_57)
FN:537,(anonymous_58)
FN:544,(anonymous_59)
FN:545,(anonymous_60)
FN:556,(anonymous_61)
FN:558,(anonymous_62)
FN:564,(anonymous_63)
FN:568,(anonymous_64)
FN:574,(anonymous_65)
FN:584,(anonymous_66)
FN:589,(anonymous_67)
FN:593,(anonymous_68)
FN:594,(anonymous_69)
FN:596,(anonymous_70)
FN:608,(anonymous_71)
FN:620,(anonymous_72)
FN:624,(anonymous_73)
FN:639,(anonymous_74)
FN:644,(anonymous_75)
FN:649,(anonymous_76)
FN:667,(anonymous_77)
FN:671,(anonymous_78)
FN:675,(anonymous_79)
FN:679,(anonymous_80)
FN:684,(anonymous_81)
FN:688,(anonymous_82)
FN:697,(anonymous_83)
FN:709,(anonymous_84)
FN:723,(anonymous_85)
FN:731,(anonymous_86)
FN:739,(anonymous_87)
FN:745,(anonymous_88)
FN:755,(anonymous_89)
FNF:90
FNH:88
FNDA:24,(anonymous_0)
FNDA:10,(anonymous_1)
FNDA:16,(anonymous_2)
FNDA:1043,(anonymous_3)
FNDA:3128,(anonymous_4)
FNDA:9,(anonymous_5)
FNDA:12,(anonymous_6)
FNDA:36,(anonymous_7)
FNDA:108,(anonymous_8)
FNDA:7,(anonymous_9)
FNDA:91,(anonymous_10)
FNDA:126,(anonymous_11)
FNDA:12,(anonymous_12)
FNDA:35,(anonymous_13)
FNDA:1031,(anonymous_14)
FNDA:3092,(anonymous_15)
FNDA:6,(anonymous_16)
FNDA:72,(anonymous_17)
FNDA:54,(anonymous_18)
FNDA:7,(anonymous_19)
FNDA:21,(anonymous_20)
FNDA:63,(anonymous_21)
FNDA:3,(anonymous_22)
FNDA:27,(anonymous_23)
FNDA:4,(anonymous_24)
FNDA:12,(anonymous_25)
FNDA:2,(anonymous_26)
FNDA:4,(anonymous_27)
FNDA:12,(anonymous_28)
FNDA:36,(anonymous_29)
FNDA:2,(anonymous_30)
FNDA:12,(anonymous_31)
FNDA:6,(anonymous_32)
FNDA:18,(anonymous_33)
FNDA:18,(anonymous_34)
FNDA:10,(anonymous_35)
FNDA:30,(anonymous_36)
FNDA:30,(anonymous_37)
FNDA:90,(anonymous_38)
FNDA:6,(anonymous_39)
FNDA:36,(anonymous_40)
FNDA:30,(anonymous_41)
FNDA:30,(anonymous_42)
FNDA:90,(anonymous_43)
FNDA:90,(anonymous_44)
FNDA:54,(anonymous_45)
FNDA:9,(anonymous_46)
FNDA:27,(anonymous_47)
FNDA:5,(anonymous_48)
FNDA:15,(anonymous_49)
FNDA:15,(anonymous_50)
FNDA:4,(anonymous_51)
FNDA:12,(anonymous_52)
FNDA:2,(anonymous_53)
FNDA:8,(anonymous_54)
FNDA:24,(anonymous_55)
FNDA:72,(anonymous_56)
FNDA:4,(anonymous_57)
FNDA:8,(anonymous_58)
FNDA:24,(anonymous_59)
FNDA:72,(anonymous_60)
FNDA:4,(anonymous_61)
FNDA:20,(anonymous_62)
FNDA:12,(anonymous_63)
FNDA:36,(anonymous_64)
FNDA:36,(anonymous_65)
FNDA:11,(anonymous_66)
FNDA:32,(anonymous_67)
FNDA:1028,(anonymous_68)
FNDA:3083,(anonymous_69)
FNDA:3083,(anonymous_70)
FNDA:5,(anonymous_71)
FNDA:15,(anonymous_72)
FNDA:15,(anonymous_73)
FNDA:0,(anonymous_74)
FNDA:45,(anonymous_75)
FNDA:0,(anonymous_76)
FNDA:1,(anonymous_77)
FNDA:1,(anonymous_78)
FNDA:1,(anonymous_79)
FNDA:1,(anonymous_80)
FNDA:6256,(anonymous_81)
FNDA:3136,(anonymous_82)
FNDA:18,(anonymous_83)
FNDA:12,(anonymous_84)
FNDA:18,(anonymous_85)
FNDA:12,(anonymous_86)
FNDA:4154,(anonymous_87)
FNDA:3083,(anonymous_88)
FNDA:15,(anonymous_89)
DA:1,1
DA:3,1
DA:4,24
DA:5,24
DA:8,1
DA:9,10
DA:10,10
DA:11,10
DA:14,1
DA:15,16
DA:17,16
DA:18,16
DA:19,1043
DA:20,1043
DA:21,3128
DA:27,3128
DA:29,1043
DA:31,16
DA:33,16
DA:36,1
DA:38,9
DA:41,9
DA:44,9
DA:45,27
DA:46,27
DA:48,27
DA:51,27
DA:52,81
DA:53,81
DA:54,81
DA:57,27
DA:58,27
DA:62,9
DA:63,0
DA:66,9
DA:69,1
DA:70,12
DA:72,12
DA:73,12
DA:74,36
DA:75,36
DA:76,108
DA:80,12
DA:83,1
DA:85,7
DA:87,7
DA:88,7
DA:90,7
DA:91,91
DA:92,91
DA:94,21
DA:95,14
DA:97,21
DA:98,70
DA:99,126
DA:100,63
DA:104,7
DA:105,7
DA:108,7
DA:111,1
DA:112,12
DA:114,12
DA:115,12
DA:116,35
DA:118,12
DA:120,12
DA:121,1031
DA:122,1031
DA:123,3092
DA:125,1031
DA:128,12
DA:129,12
DA:132,1
DA:134,6
DA:137,6
DA:138,6
DA:139,6
DA:141,6
DA:142,6
DA:145,6
DA:146,24
DA:149,24
DA:153,24
DA:154,18
DA:158,24
DA:160,18
DA:161,54
DA:165,24
DA:166,0
DA:170,24
DA:171,72
DA:175,24
DA:176,6
DA:177,6
DA:178,18
DA:180,18
DA:181,18
DA:182,54
DA:183,54
DA:186,18
DA:187,18
DA:192,6
DA:195,1
DA:196,7
DA:198,7
DA:199,7
DA:200,63
DA:201,21
DA:204,7
DA:207,1
DA:209,3
DA:210,3
DA:212,3
DA:213,0
DA:216,3
DA:218,3
DA:219,9
DA:220,9
DA:221,9
DA:222,27
DA:224,9
DA:227,3
DA:230,1
DA:231,4
DA:234,4
DA:238,4
DA:239,12
DA:240,12
DA:241,12
DA:243,12
DA:244,9
DA:254,4
DA:258,4
DA:261,1
DA:262,2
DA:265,2
DA:266,2
DA:267,2
DA:270,2
DA:271,6
DA:272,6
DA:273,6
DA:275,6
DA:276,6
DA:277,6
DA:285,2
DA:288,1
DA:289,4
DA:291,4
DA:292,4
DA:294,4
DA:295,36
DA:296,12
DA:299,4
DA:302,1
DA:303,12
DA:305,2
DA:306,0
DA:310,2
DA:311,2
DA:312,2
DA:313,2
DA:315,6
DA:316,2
DA:318,2
DA:319,18
DA:320,6
DA:321,6
DA:322,18
DA:324,6
DA:327,2
DA:330,1
DA:331,10
DA:333,10
DA:334,30
DA:336,10
DA:337,90
DA:338,30
DA:341,10
DA:344,1
DA:345,36
DA:347,6
DA:348,0
DA:351,6
DA:353,30
DA:354,30
DA:356,6
DA:358,6
DA:359,18
DA:361,90
DA:362,90
DA:364,18
DA:365,18
DA:366,18
DA:367,54
DA:369,18
DA:373,6
DA:376,1
DA:377,9
DA:379,9
DA:380,27
DA:384,1
DA:385,15
DA:387,5
DA:388,0
DA:391,5
DA:393,5
DA:394,15
DA:395,15
DA:396,15
DA:397,15
DA:404,5
DA:405,0
DA:408,5
DA:411,1
DA:412,4
DA:415,4
DA:421,4
DA:422,12
DA:423,12
DA:424,12
DA:425,12
DA:427,12
DA:428,9
DA:439,4
DA:441,4
DA:444,1
DA:445,2
DA:447,2
DA:450,2
DA:451,6
DA:452,6
DA:454,6
DA:455,6
DA:456,6
DA:457,6
DA:459,6
DA:460,6
DA:462,6
DA:463,6
DA:465,6
DA:466,6
DA:468,6
DA:469,6
DA:472,6
DA:473,6
DA:477,2
DA:478,0
DA:481,2
DA:484,1
DA:485,8
DA:487,8
DA:489,8
DA:490,24
DA:491,24
DA:492,72
DA:493,72
DA:496,72
DA:498,24
DA:499,16
DA:503,8
DA:506,1
DA:507,4
DA:510,4
DA:513,4
DA:514,12
DA:515,12
DA:517,12
DA:520,12
DA:521,36
DA:524,12
DA:525,12
DA:529,4
DA:530,0
DA:533,4
DA:537,1
DA:540,8
DA:543,8
DA:544,8
DA:545,24
DA:546,72
DA:548,72
DA:550,24
DA:553,8
DA:556,1
DA:558,20
DA:560,4
DA:561,0
DA:564,12
DA:565,4
DA:567,4
DA:568,12
DA:570,36
DA:573,12
DA:574,12
DA:575,36
DA:577,12
DA:580,4
DA:584,1
DA:585,11
DA:588,11
DA:589,32
DA:590,11
DA:593,11
DA:594,3083
DA:595,1028
DA:597,3083
DA:598,3083
DA:602,1028
DA:605,11
DA:608,1
DA:609,5
DA:610,5
DA:613,5
DA:614,5
DA:616,5
DA:617,5
DA:618,5
DA:621,15
DA:622,15
DA:624,15
DA:628,5
DA:631,5
DA:632,15
DA:633,15
DA:636,15
DA:637,0
DA:639,0
DA:642,15
DA:643,15
DA:644,15
DA:645,45
DA:649,0
DA:650,0
DA:654,15
DA:655,15
DA:659,5
DA:660,0
DA:663,5
DA:667,1
DA:668,1
DA:671,1
DA:672,1
DA:675,1
DA:676,1
DA:679,1
DA:680,1
DA:684,1
DA:685,6256
DA:688,1
DA:689,3136
DA:697,1
DA:698,18
DA:699,18
DA:700,18
DA:701,0
DA:703,18
DA:705,0
DA:709,1
DA:710,12
DA:711,12
DA:712,12
DA:713,12
DA:714,12
DA:715,12
DA:717,12
DA:719,0
DA:723,1
DA:724,18
DA:731,1
DA:732,12
DA:739,1
DA:741,4154
DA:742,4154
DA:745,1
DA:746,3083
DA:755,1
DA:756,15
DA:757,15
DA:758,15
DA:759,15
DA:761,15
DA:762,560
DA:763,560
DA:765,560
DA:766,45
DA:767,45
DA:768,515
DA:770,0
DA:771,0
DA:772,515
DA:773,45
DA:774,45
DA:775,470
DA:776,30
DA:777,30
DA:778,30
DA:780,440
DA:781,440
DA:785,15
DA:786,15
DA:789,15
LF:402
LH:382
BRDA:10,0,0,10
BRDA:10,0,1,0
BRDA:57,1,0,27
BRDA:57,1,1,0
BRDA:62,2,0,0
BRDA:62,2,1,9
BRDA:92,3,0,21
BRDA:92,3,1,70
BRDA:94,4,0,14
BRDA:94,4,1,7
BRDA:98,5,0,63
BRDA:98,5,1,7
BRDA:104,6,0,7
BRDA:104,6,1,0
BRDA:123,7,0,3092
BRDA:123,7,1,0
BRDA:158,8,0,18
BRDA:158,8,1,6
BRDA:165,9,0,0
BRDA:165,9,1,24
BRDA:175,10,0,6
BRDA:175,10,1,18
BRDA:175,11,0,24
BRDA:175,11,1,6
BRDA:178,12,0,18
BRDA:178,12,1,0
BRDA:182,13,0,54
BRDA:182,13,1,0
BRDA:186,14,0,18
BRDA:186,14,1,0
BRDA:200,15,0,63
BRDA:200,15,1,0
BRDA:212,16,0,0
BRDA:212,16,1,3
BRDA:222,17,0,27
BRDA:222,17,1,0
BRDA:239,18,0,12
BRDA:239,18,1,3
BRDA:240,19,0,12
BRDA:240,19,1,3
BRDA:240,19,2,3
BRDA:241,20,0,12
BRDA:241,20,1,0
BRDA:243,21,0,9
BRDA:243,21,1,3
BRDA:243,22,0,12
BRDA:243,22,1,9
BRDA:275,23,0,6
BRDA:275,23,1,0
BRDA:278,24,0,6
BRDA:278,24,1,0
BRDA:295,25,0,36
BRDA:295,25,1,0
BRDA:305,26,0,0
BRDA:305,26,1,2
BRDA:312,27,0,0
BRDA:312,27,1,2
BRDA:313,28,0,0
BRDA:313,28,1,2
BRDA:322,29,0,18
BRDA:322,29,1,0
BRDA:337,30,0,90
BRDA:337,30,1,3
BRDA:347,31,0,0
BRDA:347,31,1,6
BRDA:364,32,0,18
BRDA:364,32,1,0
BRDA:367,33,0,54
BRDA:367,33,1,18
BRDA:387,34,0,0
BRDA:387,34,1,5
BRDA:396,35,0,15
BRDA:396,35,1,0
BRDA:396,36,0,15
BRDA:396,36,1,15
BRDA:396,36,2,15
BRDA:404,37,0,0
BRDA:404,37,1,5
BRDA:422,38,0,12
BRDA:422,38,1,3
BRDA:422,38,2,0
BRDA:423,39,0,12
BRDA:423,39,1,3
BRDA:423,39,2,3
BRDA:424,40,0,12
BRDA:424,40,1,3
BRDA:424,40,2,3
BRDA:425,41,0,12
BRDA:425,41,1,3
BRDA:427,42,0,9
BRDA:427,42,1,3
BRDA:431,43,0,9
BRDA:431,43,1,0
BRDA:459,44,0,6
BRDA:459,44,1,0
BRDA:462,45,0,6
BRDA:462,45,1,0
BRDA:465,46,0,6
BRDA:465,46,1,0
BRDA:468,47,0,6
BRDA:468,47,1,0
BRDA:472,48,0,6
BRDA:472,48,1,0
BRDA:477,49,0,0
BRDA:477,49,1,2
BRDA:498,50,0,16
BRDA:498,50,1,8
BRDA:524,51,0,12
BRDA:524,51,1,0
BRDA:529,52,0,0
BRDA:529,52,1,4
BRDA:546,53,0,72
BRDA:546,53,1,0
BRDA:548,54,0,0
BRDA:548,54,1,72
BRDA:560,55,0,0
BRDA:560,55,1,4
BRDA:575,56,0,36
BRDA:575,56,1,0
BRDA:584,57,0,3
BRDA:597,58,0,3083
BRDA:597,58,1,0
BRDA:616,59,0,5
BRDA:616,59,1,0
BRDA:622,60,0,15
BRDA:622,60,1,0
BRDA:636,61,0,0
BRDA:636,61,1,15
BRDA:636,62,0,15
BRDA:636,62,1,0
BRDA:643,63,0,15
BRDA:643,63,1,0
BRDA:645,64,0,45
BRDA:645,64,1,0
BRDA:654,65,0,15
BRDA:654,65,1,0
BRDA:659,66,0,0
BRDA:659,66,1,5
BRDA:663,67,0,5
BRDA:663,67,1,0
BRDA:700,68,0,0
BRDA:700,68,1,18
BRDA:714,69,0,12
BRDA:714,69,1,0
BRDA:715,70,0,12
BRDA:715,70,1,0
BRDA:742,71,0,0
BRDA:742,71,1,4154
BRDA:765,72,0,45
BRDA:765,72,1,515
BRDA:765,73,0,560
BRDA:765,73,1,90
BRDA:768,74,0,0
BRDA:768,74,1,515
BRDA:768,75,0,515
BRDA:768,75,1,45
BRDA:768,75,2,45
BRDA:772,76,0,45
BRDA:772,76,1,470
BRDA:772,77,0,515
BRDA:772,77,1,45
BRDA:775,78,0,30
BRDA:775,78,1,440
BRDA:775,79,0,470
BRDA:775,79,1,30
BRDA:785,80,0,15
BRDA:785,80,1,0
BRF:167
BRH:112
end_of_record
TN:
SF:src/middleware/auth.ts
FN:11,(anonymous_1)
FN:48,(anonymous_2)
FN:87,(anonymous_3)
FN:101,(anonymous_4)
FNF:4
FNH:0
FNDA:0,(anonymous_1)
FNDA:0,(anonymous_2)
FNDA:0,(anonymous_3)
FNDA:0,(anonymous_4)
DA:4,0
DA:6,0
DA:11,0
DA:12,0
DA:13,0
DA:14,0
DA:16,0
DA:17,0
DA:24,0
DA:25,0
DA:26,0
DA:33,0
DA:34,0
DA:36,0
DA:37,0
DA:48,0
DA:49,0
DA:50,0
DA:52,0
DA:53,0
DA:61,0
DA:67,0
DA:73,0
DA:75,0
DA:76,0
DA:87,0
DA:88,0
DA:89,0
DA:95,0
DA:101,0
DA:102,0
DA:103,0
DA:109,0
DA:112,0
LF:34
LH:0
BRDA:14,0,0,0
BRDA:14,0,1,0
BRDA:16,1,0,0
BRDA:16,1,1,0
BRDA:25,2,0,0
BRDA:25,2,1,0
BRDA:52,3,0,0
BRDA:52,3,1,0
BRDA:88,4,0,0
BRDA:88,4,1,0
BRDA:88,5,0,0
BRDA:88,5,1,0
BRDA:102,6,0,0
BRDA:102,6,1,0
BRF:14
BRH:0
end_of_record
TN:
SF:src/middleware/errorHandler.ts
FN:6,(anonymous_1)
FN:15,(anonymous_2)
FNF:2
FNH:0
FNDA:0,(anonymous_1)
FNDA:0,(anonymous_2)
DA:2,0
DA:7,0
DA:10,0
DA:11,0
DA:15,0
DA:21,0
DA:22,0
DA:24,0
DA:25,0
DA:26,0
DA:27,0
DA:28,0
DA:29,0
DA:32,0
DA:34,0
DA:40,0
DA:43,0
LF:17
LH:0
BRDA:24,0,0,0
BRDA:24,0,1,0
BRDA:27,1,0,0
BRDA:27,1,1,0
BRF:4
BRH:0
end_of_record
TN:
SF:src/routes/accountRoutes.ts
FN:20,(anonymous_1)
FN:80,(anonymous_2)
FN:161,(anonymous_3)
FN:226,(anonymous_4)
FN:350,(anonymous_5)
FN:463,(anonymous_6)
FN:546,(anonymous_7)
FNF:7
FNH:0
FNDA:0,(anonymous_1)
FNDA:0,(anonymous_2)
FNDA:0,(anonymous_3)
FNDA:0,(anonymous_4)
FNDA:0,(anonymous_5)
FNDA:0,(anonymous_6)
FNDA:0,(anonymous_7)
DA:3,0
DA:4,0
DA:6,0
DA:7,0
DA:8,0
DA:9,0
DA:10,0
DA:14,0
DA:20,0
DA:21,0
DA:22,0
DA:23,0
DA:30,0
DA:52,0
DA:53,0
DA:60,0
DA:66,0
DA:67,0
DA:80,0
DA:81,0
DA:82,0
DA:83,0
DA:90,0
DA:93,0
DA:94,0
DA:101,0
DA:131,0
DA:140,0
DA:147,0
DA:148,0
DA:161,0
DA:162,0
DA:163,0
DA:164,0
DA:171,0
DA:173,0
DA:174,0
DA:182,0
DA:183,0
DA:190,0
DA:197,0
DA:205,0
DA:212,0
DA:213,0
DA:226,0
DA:227,0
DA:228,0
DA:229,0
DA:236,0
DA:238,0
DA:239,0
DA:247,0
DA:248,0
DA:249,0
DA:257,0
DA:261,0
DA:262,0
DA:270,0
DA:271,0
DA:272,0
DA:280,0
DA:284,0
DA:285,0
DA:293,0
DA:294,0
DA:297,0
DA:313,0
DA:320,0
DA:329,0
DA:336,0
DA:337,0
DA:350,0
DA:351,0
DA:352,0
DA:353,0
DA:360,0
DA:362,0
DA:363,0
DA:370,0
DA:371,0
DA:378,0
DA:379,0
DA:386,0
DA:387,0
DA:395,0
DA:399,0
DA:400,0
DA:408,0
DA:409,0
DA:410,0
DA:418,0
DA:421,0
DA:427,0
DA:432,0
DA:435,0
DA:443,0
DA:449,0
DA:450,0
DA:463,0
DA:464,0
DA:465,0
DA:466,0
DA:473,0
DA:475,0
DA:476,0
DA:484,0
DA:488,0
DA:489,0
DA:497,0
DA:498,0
DA:499,0
DA:506,0
DA:507,0
DA:510,0
DA:519,0
DA:524,0
DA:526,0
DA:527,0
DA:533,0
DA:534,0
DA:546,0
DA:547,0
DA:548,0
DA:549,0
DA:556,0
DA:568,0
DA:569,0
DA:576,0
DA:582,0
DA:583,0
DA:591,0
LF:131
LH:0
BRDA:22,0,0,0
BRDA:22,0,1,0
BRDA:52,1,0,0
BRDA:52,1,1,0
BRDA:69,2,0,0
BRDA:69,2,1,0
BRDA:82,3,0,0
BRDA:82,3,1,0
BRDA:93,4,0,0
BRDA:93,4,1,0
BRDA:93,5,0,0
BRDA:93,5,1,0
BRDA:106,6,0,0
BRDA:106,6,1,0
BRDA:107,7,0,0
BRDA:107,7,1,0
BRDA:108,8,0,0
BRDA:108,8,1,0
BRDA:109,9,0,0
BRDA:109,9,1,0
BRDA:110,10,0,0
BRDA:110,10,1,0
BRDA:111,11,0,0
BRDA:111,11,1,0
BRDA:112,12,0,0
BRDA:112,12,1,0
BRDA:150,13,0,0
BRDA:150,13,1,0
BRDA:163,14,0,0
BRDA:163,14,1,0
BRDA:173,15,0,0
BRDA:173,15,1,0
BRDA:182,16,0,0
BRDA:182,16,1,0
BRDA:182,17,0,0
BRDA:182,17,1,0
BRDA:215,18,0,0
BRDA:215,18,1,0
BRDA:228,19,0,0
BRDA:228,19,1,0
BRDA:238,20,0,0
BRDA:238,20,1,0
BRDA:238,21,0,0
BRDA:238,21,1,0
BRDA:248,22,0,0
BRDA:248,22,1,0
BRDA:261,23,0,0
BRDA:261,23,1,0
BRDA:271,24,0,0
BRDA:271,24,1,0
BRDA:284,25,0,0
BRDA:284,25,1,0
BRDA:339,26,0,0
BRDA:339,26,1,0
BRDA:352,27,0,0
BRDA:352,27,1,0
BRDA:362,28,0,0
BRDA:362,28,1,0
BRDA:362,29,0,0
BRDA:362,29,1,0
BRDA:362,29,2,0
BRDA:370,30,0,0
BRDA:370,30,1,0
BRDA:378,31,0,0
BRDA:378,31,1,0
BRDA:386,32,0,0
BRDA:386,32,1,0
BRDA:399,33,0,0
BRDA:399,33,1,0
BRDA:409,34,0,0
BRDA:409,34,1,0
BRDA:452,35,0,0
BRDA:452,35,1,0
BRDA:465,36,0,0
BRDA:465,36,1,0
BRDA:475,37,0,0
BRDA:475,37,1,0
BRDA:488,38,0,0
BRDA:488,38,1,0
BRDA:498,39,0,0
BRDA:498,39,1,0
BRDA:536,40,0,0
BRDA:536,40,1,0
BRDA:548,41,0,0
BRDA:548,41,1,0
BRDA:568,42,0,0
BRDA:568,42,1,0
BRDA:585,43,0,0
BRDA:585,43,1,0
BRF:89
BRH:0
end_of_record
TN:
SF:src/routes/apiKeyRoutes.ts
FN:17,(anonymous_1)
FN:48,(anonymous_2)
FN:93,(anonymous_3)
FN:129,(anonymous_4)
FNF:4
FNH:0
FNDA:0,(anonymous_1)
FNDA:0,(anonymous_2)
FNDA:0,(anonymous_3)
FNDA:0,(anonymous_4)
DA:3,0
DA:4,0
DA:6,0
DA:7,0
DA:9,0
DA:11,0
DA:17,0
DA:18,0
DA:19,0
DA:20,0
DA:27,0
DA:29,0
DA:35,0
DA:36,0
DA:48,0
DA:49,0
DA:50,0
DA:51,0
DA:58,0
DA:60,0
DA:61,0
DA:68,0
DA:71,0
DA:73,0
DA:80,0
DA:81,0
DA:93,0
DA:94,0
DA:95,0
DA:96,0
DA:103,0
DA:105,0
DA:108,0
DA:110,0
DA:116,0
DA:117,0
DA:129,0
DA:130,0
DA:131,0
DA:132,0
DA:139,0
DA:141,0
DA:143,0
DA:150,0
DA:151,0
DA:159,0
LF:46
LH:0
BRDA:19,0,0,0
BRDA:19,0,1,0
BRDA:38,1,0,0
BRDA:38,1,1,0
BRDA:50,2,0,0
BRDA:50,2,1,0
BRDA:60,3,0,0
BRDA:60,3,1,0
BRDA:83,4,0,0
BRDA:83,4,1,0
BRDA:95,5,0,0
BRDA:95,5,1,0
BRDA:119,6,0,0
BRDA:119,6,1,0
BRDA:131,7,0,0
BRDA:131,7,1,0
BRDA:153,8,0,0
BRDA:153,8,1,0
BRF:18
BRH:0
end_of_record
TN:
SF:src/routes/authRoutes.ts
FN:16,(anonymous_1)
FN:67,(anonymous_2)
FN:111,(anonymous_3)
FN:151,(anonymous_4)
FN:184,(anonymous_5)
FN:217,(anonymous_6)
FN:258,(anonymous_7)
FN:293,(anonymous_8)
FNF:8
FNH:0
FNDA:0,(anonymous_1)
FNDA:0,(anonymous_2)
FNDA:0,(anonymous_3)
FNDA:0,(anonymous_4)
FNDA:0,(anonymous_5)
FNDA:0,(anonymous_6)
FNDA:0,(anonymous_7)
FNDA:0,(anonymous_8)
DA:3,0
DA:4,0
DA:5,0
DA:6,0
DA:8,0
DA:10,0
DA:16,0
DA:17,0
DA:18,0
DA:21,0
DA:22,0
DA:29,0
DA:30,0
DA:37,0
DA:46,0
DA:48,0
DA:54,0
DA:55,0
DA:67,0
DA:68,0
DA:69,0
DA:71,0
DA:72,0
DA:79,0
DA:82,0
DA:85,0
DA:92,0
DA:98,0
DA:99,0
DA:111,0
DA:112,0
DA:113,0
DA:115,0
DA:116,0
DA:123,0
DA:125,0
DA:132,0
DA:138,0
DA:139,0
DA:151,0
DA:152,0
DA:153,0
DA:155,0
DA:156,0
DA:163,0
DA:165,0
DA:171,0
DA:172,0
DA:184,0
DA:185,0
DA:186,0
DA:188,0
DA:189,0
DA:196,0
DA:198,0
DA:204,0
DA:205,0
DA:217,0
DA:218,0
DA:219,0
DA:221,0
DA:222,0
DA:229,0
DA:230,0
DA:237,0
DA:239,0
DA:245,0
DA:246,0
DA:258,0
DA:259,0
DA:260,0
DA:261,0
DA:268,0
DA:270,0
DA:271,0
DA:273,0
DA:274,0
DA:280,0
DA:281,0
DA:293,0
DA:294,0
DA:295,0
DA:296,0
DA:304,0
DA:310,0
DA:311,0
DA:319,0
LF:87
LH:0
BRDA:21,0,0,0
BRDA:21,0,1,0
BRDA:21,1,0,0
BRDA:21,1,1,0
BRDA:21,1,2,0
BRDA:21,1,3,0
BRDA:29,2,0,0
BRDA:29,2,1,0
BRDA:57,3,0,0
BRDA:57,3,1,0
BRDA:71,4,0,0
BRDA:71,4,1,0
BRDA:71,5,0,0
BRDA:71,5,1,0
BRDA:101,6,0,0
BRDA:101,6,1,0
BRDA:113,7,0,0
BRDA:113,7,1,0
BRDA:115,8,0,0
BRDA:115,8,1,0
BRDA:141,9,0,0
BRDA:141,9,1,0
BRDA:155,10,0,0
BRDA:155,10,1,0
BRDA:174,11,0,0
BRDA:174,11,1,0
BRDA:188,12,0,0
BRDA:188,12,1,0
BRDA:221,13,0,0
BRDA:221,13,1,0
BRDA:221,14,0,0
BRDA:221,14,1,0
BRDA:229,15,0,0
BRDA:229,15,1,0
BRDA:248,16,0,0
BRDA:248,16,1,0
BRDA:260,17,0,0
BRDA:260,17,1,0
BRDA:295,18,0,0
BRDA:295,18,1,0
BRF:40
BRH:0
end_of_record
TN:
SF:src/routes/billingRoutes.ts
FN:16,(anonymous_1)
FN:67,(anonymous_2)
FN:101,(anonymous_3)
FN:167,(anonymous_4)
FN:215,(anonymous_5)
FN:271,(anonymous_6)
FNF:6
FNH:0
FNDA:0,(anonymous_1)
FNDA:0,(anonymous_2)
FNDA:0,(anonymous_3)
FNDA:0,(anonymous_4)
FNDA:0,(anonymous_5)
FNDA:0,(anonymous_6)
DA:3,0
DA:4,0
DA:6,0
DA:8,0
DA:10,0
DA:16,0
DA:17,0
DA:18,0
DA:19,0
DA:26,0
DA:27,0
DA:28,0
DA:30,0
DA:42,0
DA:54,0
DA:55,0
DA:67,0
DA:68,0
DA:69,0
DA:70,0
DA:77,0
DA:82,0
DA:88,0
DA:89,0
DA:101,0
DA:102,0
DA:103,0
DA:104,0
DA:111,0
DA:113,0
DA:114,0
DA:122,0
DA:126,0
DA:127,0
DA:135,0
DA:148,0
DA:154,0
DA:155,0
DA:167,0
DA:168,0
DA:169,0
DA:170,0
DA:177,0
DA:180,0
DA:184,0
DA:185,0
DA:192,0
DA:196,0
DA:202,0
DA:203,0
DA:215,0
DA:216,0
DA:217,0
DA:218,0
DA:225,0
DA:228,0
DA:232,0
DA:233,0
DA:241,0
DA:247,0
DA:252,0
DA:258,0
DA:259,0
DA:271,0
DA:272,0
DA:273,0
DA:274,0
DA:281,0
DA:286,0
DA:301,0
DA:312,0
DA:313,0
DA:321,0
LF:73
LH:0
BRDA:18,0,0,0
BRDA:18,0,1,0
BRDA:26,1,0,0
BRDA:26,1,1,0
BRDA:27,2,0,0
BRDA:27,2,1,0
BRDA:57,3,0,0
BRDA:57,3,1,0
BRDA:69,4,0,0
BRDA:69,4,1,0
BRDA:91,5,0,0
BRDA:91,5,1,0
BRDA:103,6,0,0
BRDA:103,6,1,0
BRDA:113,7,0,0
BRDA:113,7,1,0
BRDA:113,8,0,0
BRDA:113,8,1,0
BRDA:126,9,0,0
BRDA:126,9,1,0
BRDA:157,10,0,0
BRDA:157,10,1,0
BRDA:169,11,0,0
BRDA:169,11,1,0
BRDA:184,12,0,0
BRDA:184,12,1,0
BRDA:205,13,0,0
BRDA:205,13,1,0
BRDA:217,14,0,0
BRDA:217,14,1,0
BRDA:232,15,0,0
BRDA:232,15,1,0
BRDA:261,16,0,0
BRDA:261,16,1,0
BRDA:273,17,0,0
BRDA:273,17,1,0
BRDA:305,18,0,0
BRDA:305,18,1,0
BRDA:306,19,0,0
BRDA:306,19,1,0
BRDA:315,20,0,0
BRDA:315,20,1,0
BRF:42
BRH:0
end_of_record
TN:
SF:src/routes/index.ts
FN:56,(anonymous_1)
FN:141,(anonymous_2)
FN:161,(anonymous_3)
FN:217,(anonymous_4)
FN:218,(anonymous_5)
FN:281,(anonymous_6)
FN:408,(anonymous_7)
FN:453,(anonymous_8)
FN:497,(anonymous_9)
FNF:9
FNH:0
FNDA:0,(anonymous_1)
FNDA:0,(anonymous_2)
FNDA:0,(anonymous_3)
FNDA:0,(anonymous_4)
FNDA:0,(anonymous_5)
FNDA:0,(anonymous_6)
FNDA:0,(anonymous_7)
FNDA:0,(anonymous_8)
FNDA:0,(anonymous_9)
DA:1,0
DA:2,0
DA:4,0
DA:5,0
DA:14,0
DA:56,0
DA:57,0
DA:58,0
DA:61,0
DA:62,0
DA:69,0
DA:70,0
DA:77,0
DA:78,0
DA:85,0
DA:86,0
DA:93,0
DA:95,0
DA:101,0
DA:102,0
DA:141,0
DA:142,0
DA:143,0
DA:145,0
DA:146,0
DA:153,0
DA:154,0
DA:161,0
DA:162,0
DA:163,0
DA:165,0
DA:166,0
DA:173,0
DA:174,0
DA:181,0
DA:182,0
DA:189,0
DA:190,0
DA:197,0
DA:203,0
DA:209,0
DA:217,0
DA:218,0
DA:220,0
DA:222,0
DA:235,0
DA:236,0
DA:281,0
DA:282,0
DA:283,0
DA:286,0
DA:287,0
DA:294,0
DA:295,0
DA:302,0
DA:303,0
DA:310,0
DA:311,0
DA:318,0
DA:319,0
DA:326,0
DA:328,0
DA:334,0
DA:335,0
DA:408,0
DA:409,0
DA:410,0
DA:413,0
DA:414,0
DA:421,0
DA:422,0
DA:429,0
DA:439,0
DA:441,0
DA:447,0
DA:448,0
DA:453,0
DA:455,0
DA:474,0
DA:497,0
DA:498,0
DA:509,0
LF:82
LH:0
BRDA:61,0,0,0
BRDA:61,0,1,0
BRDA:61,1,0,0
BRDA:61,1,1,0
BRDA:61,1,2,0
BRDA:69,2,0,0
BRDA:69,2,1,0
BRDA:77,3,0,0
BRDA:77,3,1,0
BRDA:85,4,0,0
BRDA:85,4,1,0
BRDA:85,5,0,0
BRDA:85,5,1,0
BRDA:145,6,0,0
BRDA:145,6,1,0
BRDA:145,7,0,0
BRDA:145,7,1,0
BRDA:145,7,2,0
BRDA:153,8,0,0
BRDA:153,8,1,0
BRDA:165,9,0,0
BRDA:165,9,1,0
BRDA:165,10,0,0
BRDA:165,10,1,0
BRDA:165,10,2,0
BRDA:173,11,0,0
BRDA:173,11,1,0
BRDA:181,12,0,0
BRDA:181,12,1,0
BRDA:189,13,0,0
BRDA:189,13,1,0
BRDA:189,14,0,0
BRDA:189,14,1,0
BRDA:286,15,0,0
BRDA:286,15,1,0
BRDA:286,16,0,0
BRDA:286,16,1,0
BRDA:286,16,2,0
BRDA:294,17,0,0
BRDA:294,17,1,0
BRDA:302,18,0,0
BRDA:302,18,1,0
BRDA:310,19,0,0
BRDA:310,19,1,0
BRDA:318,20,0,0
BRDA:318,20,1,0
BRDA:413,21,0,0
BRDA:413,21,1,0
BRDA:413,22,0,0
BRDA:413,22,1,0
BRDA:413,22,2,0
BRDA:413,22,3,0
BRDA:421,23,0,0
BRDA:421,23,1,0
BRDA:421,24,0,0
BRDA:421,24,1,0
BRDA:434,25,0,0
BRDA:434,25,1,0
BRF:58
BRH:0
end_of_record
TN:
SF:src/routes/oauthRoutes.ts
FN:15,(anonymous_1)
FN:32,(anonymous_2)
FN:72,(anonymous_3)
FN:89,(anonymous_4)
FN:129,(anonymous_5)
FN:170,(anonymous_6)
FN:187,(anonymous_7)
FNF:7
FNH:0
FNDA:0,(anonymous_1)
FNDA:0,(anonymous_2)
FNDA:0,(anonymous_3)
FNDA:0,(anonymous_4)
FNDA:0,(anonymous_5)
FNDA:0,(anonymous_6)
FNDA:0,(anonymous_7)
DA:3,0
DA:4,0
DA:5,0
DA:6,0
DA:7,0
DA:9,0
DA:15,0
DA:16,0
DA:17,0
DA:18,0
DA:20,0
DA:21,0
DA:23,0
DA:24,0
DA:32,0
DA:33,0
DA:34,0
DA:36,0
DA:37,0
DA:40,0
DA:41,0
DA:42,0
DA:45,0
DA:47,0
DA:53,0
DA:63,0
DA:64,0
DA:72,0
DA:73,0
DA:74,0
DA:75,0
DA:77,0
DA:78,0
DA:80,0
DA:81,0
DA:89,0
DA:90,0
DA:91,0
DA:93,0
DA:94,0
DA:97,0
DA:98,0
DA:99,0
DA:102,0
DA:104,0
DA:110,0
DA:120,0
DA:121,0
DA:129,0
DA:130,0
DA:131,0
DA:132,0
DA:134,0
DA:135,0
DA:140,0
DA:141,0
DA:142,0
DA:143,0
DA:145,0
DA:148,0
DA:149,0
DA:152,0
DA:154,0
DA:159,0
DA:160,0
DA:170,0
DA:171,0
DA:172,0
DA:174,0
DA:176,0
DA:178,0
DA:179,0
DA:187,0
DA:188,0
DA:189,0
DA:190,0
DA:192,0
DA:193,0
DA:194,0
DA:197,0
DA:199,0
DA:201,0
DA:202,0
DA:208,0
LF:84
LH:0
BRDA:36,0,0,0
BRDA:36,0,1,0
BRDA:36,1,0,0
BRDA:36,1,1,0
BRDA:41,2,0,0
BRDA:41,2,1,0
BRDA:93,3,0,0
BRDA:93,3,1,0
BRDA:93,4,0,0
BRDA:93,4,1,0
BRDA:98,5,0,0
BRDA:98,5,1,0
BRDA:134,6,0,0
BRDA:134,6,1,0
BRDA:134,7,0,0
BRDA:134,7,1,0
BRDA:134,7,2,0
BRDA:140,8,0,0
BRDA:140,8,1,0
BRDA:142,9,0,0
BRDA:142,9,1,0
BRDA:148,10,0,0
BRDA:148,10,1,0
BRDA:160,11,0,0
BRDA:160,11,1,0
BRDA:193,12,0,0
BRDA:193,12,1,0
BRDA:202,13,0,0
BRDA:202,13,1,0
BRF:29
BRH:0
end_of_record
TN:
SF:src/routes/subscriptionRoutes.ts
FN:16,(anonymous_1)
FN:61,(anonymous_2)
FN:87,(anonymous_3)
FN:169,(anonymous_4)
FN:247,(anonymous_5)
FNF:5
FNH:0
FNDA:0,(anonymous_1)
FNDA:0,(anonymous_2)
FNDA:0,(anonymous_3)
FNDA:0,(anonymous_4)
FNDA:0,(anonymous_5)
DA:3,0
DA:4,0
DA:5,0
DA:6,0
DA:8,0
DA:10,0
DA:16,0
DA:17,0
DA:18,0
DA:19,0
DA:26,0
DA:34,0
DA:35,0
DA:42,0
DA:48,0
DA:49,0
DA:61,0
DA:62,0
DA:63,0
DA:68,0
DA:74,0
DA:75,0
DA:87,0
DA:88,0
DA:89,0
DA:90,0
DA:97,0
DA:99,0
DA:100,0
DA:108,0
DA:112,0
DA:113,0
DA:121,0
DA:129,0
DA:130,0
DA:138,0
DA:147,0
DA:149,0
DA:156,0
DA:157,0
DA:169,0
DA:170,0
DA:171,0
DA:172,0
DA:179,0
DA:181,0
DA:182,0
DA:190,0
DA:194,0
DA:195,0
DA:203,0
DA:211,0
DA:212,0
DA:220,0
DA:225,0
DA:227,0
DA:234,0
DA:235,0
DA:247,0
DA:248,0
DA:249,0
DA:250,0
DA:257,0
DA:259,0
DA:266,0
DA:267,0
DA:275,0
DA:276,0
DA:280,0
DA:289,0
DA:291,0
DA:298,0
DA:299,0
DA:307,0
LF:74
LH:0
BRDA:18,0,0,0
BRDA:18,0,1,0
BRDA:34,1,0,0
BRDA:34,1,1,0
BRDA:51,2,0,0
BRDA:51,2,1,0
BRDA:77,3,0,0
BRDA:77,3,1,0
BRDA:89,4,0,0
BRDA:89,4,1,0
BRDA:99,5,0,0
BRDA:99,5,1,0
BRDA:112,6,0,0
BRDA:112,6,1,0
BRDA:129,7,0,0
BRDA:129,7,1,0
BRDA:159,8,0,0
BRDA:159,8,1,0
BRDA:171,9,0,0
BRDA:171,9,1,0
BRDA:181,10,0,0
BRDA:181,10,1,0
BRDA:194,11,0,0
BRDA:194,11,1,0
BRDA:211,12,0,0
BRDA:211,12,1,0
BRDA:237,13,0,0
BRDA:237,13,1,0
BRDA:249,14,0,0
BRDA:249,14,1,0
BRDA:266,15,0,0
BRDA:266,15,1,0
BRDA:275,16,0,0
BRDA:275,16,1,0
BRDA:285,17,0,0
BRDA:285,17,1,0
BRDA:301,18,0,0
BRDA:301,18,1,0
BRF:38
BRH:0
end_of_record
TN:
SF:src/routes/twoFactorRoutes.ts
FN:15,(anonymous_1)
FN:33,(anonymous_2)
FN:70,(anonymous_3)
FN:96,(anonymous_4)
FN:122,(anonymous_5)
FN:158,(anonymous_6)
FN:197,(anonymous_7)
FNF:7
FNH:0
FNDA:0,(anonymous_1)
FNDA:0,(anonymous_2)
FNDA:0,(anonymous_3)
FNDA:0,(anonymous_4)
FNDA:0,(anonymous_5)
FNDA:0,(anonymous_6)
FNDA:0,(anonymous_7)
DA:3,0
DA:4,0
DA:5,0
DA:6,0
DA:7,0
DA:9,0
DA:15,0
DA:16,0
DA:17,0
DA:18,0
DA:20,0
DA:22,0
DA:24,0
DA:25,0
DA:33,0
DA:34,0
DA:35,0
DA:36,0
DA:38,0
DA:39,0
DA:43,0
DA:50,0
DA:51,0
DA:54,0
DA:56,0
DA:61,0
DA:62,0
DA:70,0
DA:71,0
DA:72,0
DA:73,0
DA:75,0
DA:76,0
DA:79,0
DA:81,0
DA:82,0
DA:85,0
DA:87,0
DA:88,0
DA:96,0
DA:97,0
DA:98,0
DA:99,0
DA:101,0
DA:102,0
DA:105,0
DA:107,0
DA:108,0
DA:111,0
DA:113,0
DA:114,0
DA:122,0
DA:123,0
DA:124,0
DA:125,0
DA:127,0
DA:128,0
DA:131,0
DA:135,0
DA:136,0
DA:139,0
DA:141,0
DA:142,0
DA:145,0
DA:147,0
DA:149,0
DA:150,0
DA:158,0
DA:159,0
DA:160,0
DA:161,0
DA:163,0
DA:164,0
DA:167,0
DA:171,0
DA:172,0
DA:175,0
DA:177,0
DA:178,0
DA:181,0
DA:183,0
DA:188,0
DA:189,0
DA:197,0
DA:198,0
DA:199,0
DA:201,0
DA:203,0
DA:205,0
DA:206,0
DA:210,0
LF:91
LH:0
BRDA:38,0,0,0
BRDA:38,0,1,0
BRDA:38,1,0,0
BRDA:38,1,1,0
BRDA:38,1,2,0
BRDA:38,1,3,0
BRDA:50,2,0,0
BRDA:50,2,1,0
BRDA:75,3,0,0
BRDA:75,3,1,0
BRDA:81,4,0,0
BRDA:81,4,1,0
BRDA:101,5,0,0
BRDA:101,5,1,0
BRDA:107,6,0,0
BRDA:107,6,1,0
BRDA:127,7,0,0
BRDA:127,7,1,0
BRDA:135,8,0,0
BRDA:135,8,1,0
BRDA:141,9,0,0
BRDA:141,9,1,0
BRDA:163,10,0,0
BRDA:163,10,1,0
BRDA:171,11,0,0
BRDA:171,11,1,0
BRDA:177,12,0,0
BRDA:177,12,1,0
BRF:28
BRH:0
end_of_record
TN:
SF:src/routes/usageRoutes.ts
FN:15,(anonymous_1)
FN:47,(anonymous_2)
FN:88,(anonymous_3)
FN:130,(anonymous_4)
FN:161,(anonymous_5)
FNF:5
FNH:0
FNDA:0,(anonymous_1)
FNDA:0,(anonymous_2)
FNDA:0,(anonymous_3)
FNDA:0,(anonymous_4)
FNDA:0,(anonymous_5)
DA:3,0
DA:4,0
DA:5,0
DA:7,0
DA:9,0
DA:15,0
DA:16,0
DA:17,0
DA:18,0
DA:25,0
DA:26,0
DA:28,0
DA:34,0
DA:35,0
DA:47,0
DA:48,0
DA:49,0
DA:50,0
DA:57,0
DA:58,0
DA:59,0
DA:60,0
DA:62,0
DA:69,0
DA:75,0
DA:76,0
DA:88,0
DA:89,0
DA:90,0
DA:91,0
DA:98,0
DA:99,0
DA:101,0
DA:102,0
DA:109,0
DA:111,0
DA:117,0
DA:118,0
DA:130,0
DA:131,0
DA:132,0
DA:133,0
DA:140,0
DA:142,0
DA:148,0
DA:149,0
DA:161,0
DA:162,0
DA:163,0
DA:164,0
DA:171,0
DA:172,0
DA:174,0
DA:183,0
DA:184,0
DA:192,0
LF:56
LH:0
BRDA:17,0,0,0
BRDA:17,0,1,0
BRDA:25,1,0,0
BRDA:25,1,1,0
BRDA:37,2,0,0
BRDA:37,2,1,0
BRDA:49,3,0,0
BRDA:49,3,1,0
BRDA:57,4,0,0
BRDA:57,4,1,0
BRDA:58,5,0,0
BRDA:58,5,1,0
BRDA:60,6,0,0
BRDA:60,6,1,0
BRDA:78,7,0,0
BRDA:78,7,1,0
BRDA:90,8,0,0
BRDA:90,8,1,0
BRDA:101,9,0,0
BRDA:101,9,1,0
BRDA:101,10,0,0
BRDA:101,10,1,0
BRDA:101,10,2,0
BRDA:101,10,3,0
BRDA:120,11,0,0
BRDA:120,11,1,0
BRDA:132,12,0,0
BRDA:132,12,1,0
BRDA:151,13,0,0
BRDA:151,13,1,0
BRDA:163,14,0,0
BRDA:163,14,1,0
BRDA:171,15,0,0
BRDA:171,15,1,0
BRDA:186,16,0,0
BRDA:186,16,1,0
BRF:36
BRH:0
end_of_record
TN:
SF:src/routes/webhookRoutes.ts
FN:27,(anonymous_1)
FN:115,handleSubscriptionCreated
FN:184,handleSubscriptionUpdated
FN:226,handleSubscriptionDeleted
FN:264,handleInvoicePaymentSucceeded
FN:352,handleInvoicePaymentFailed
FN:437,handleChargeRefunded
FNF:7
FNH:0
FNDA:0,(anonymous_1)
FNDA:0,handleSubscriptionCreated
FNDA:0,handleSubscriptionUpdated
FNDA:0,handleSubscriptionDeleted
FNDA:0,handleInvoicePaymentSucceeded
FNDA:0,handleInvoicePaymentFailed
FNDA:0,handleChargeRefunded
DA:3,0
DA:4,0
DA:5,0
DA:6,0
DA:7,0
DA:9,0
DA:12,0
DA:14,0
DA:27,0
DA:28,0
DA:30,0
DA:32,0
DA:33,0
DA:34,0
DA:39,0
DA:41,0
DA:47,0
DA:48,0
DA:52,0
DA:58,0
DA:60,0
DA:61,0
DA:64,0
DA:65,0
DA:68,0
DA:69,0
DA:72,0
DA:73,0
DA:76,0
DA:77,0
DA:80,0
DA:81,0
DA:84,0
DA:88,0
DA:89,0
DA:99,0
DA:104,0
DA:107,0
DA:108,0
DA:116,0
DA:117,0
DA:123,0
DA:127,0
DA:128,0
DA:129,0
DA:133,0
DA:134,0
DA:138,0
DA:139,0
DA:140,0
DA:144,0
DA:146,0
DA:148,0
DA:172,0
DA:175,0
DA:185,0
DA:186,0
DA:192,0
DA:196,0
DA:197,0
DA:198,0
DA:202,0
DA:203,0
DA:205,0
DA:214,0
DA:217,0
DA:227,0
DA:228,0
DA:234,0
DA:238,0
DA:239,0
DA:240,0
DA:244,0
DA:252,0
DA:255,0
DA:265,0
DA:266,0
DA:273,0
DA:277,0
DA:278,0
DA:279,0
DA:283,0
DA:285,0
DA:291,0
DA:293,0
DA:295,0
DA:296,0
DA:299,0
DA:302,0
DA:316,0
DA:319,0
DA:327,0
DA:331,0
DA:332,0
DA:343,0
DA:353,0
DA:354,0
DA:361,0
DA:365,0
DA:366,0
DA:367,0
DA:371,0
DA:373,0
DA:379,0
DA:381,0
DA:383,0
DA:384,0
DA:387,0
DA:390,0
DA:404,0
DA:413,0
DA:416,0
DA:417,0
DA:428,0
DA:438,0
DA:439,0
DA:446,0
DA:452,0
DA:453,0
DA:455,0
DA:463,0
DA:467,0
DA:473,0
LF:123
LH:0
BRDA:12,0,0,0
BRDA:12,0,1,0
BRDA:14,1,0,0
BRDA:14,1,1,0
BRDA:32,2,0,0
BRDA:32,2,1,0
BRDA:58,3,0,0
BRDA:58,3,1,0
BRDA:58,3,2,0
BRDA:58,3,3,0
BRDA:58,3,4,0
BRDA:58,3,5,0
BRDA:58,3,6,0
BRDA:127,4,0,0
BRDA:127,4,1,0
BRDA:138,5,0,0
BRDA:138,5,1,0
BRDA:144,6,0,0
BRDA:144,6,1,0
BRDA:196,7,0,0
BRDA:196,7,1,0
BRDA:202,8,0,0
BRDA:202,8,1,0
BRDA:238,9,0,0
BRDA:238,9,1,0
BRDA:277,10,0,0
BRDA:277,10,1,0
BRDA:291,11,0,0
BRDA:291,11,1,0
BRDA:295,12,0,0
BRDA:295,12,1,0
BRDA:299,13,0,0
BRDA:299,13,1,0
BRDA:308,14,0,0
BRDA:308,14,1,0
BRDA:310,15,0,0
BRDA:310,15,1,0
BRDA:311,16,0,0
BRDA:311,16,1,0
BRDA:323,17,0,0
BRDA:323,17,1,0
BRDA:331,18,0,0
BRDA:331,18,1,0
BRDA:365,19,0,0
BRDA:365,19,1,0
BRDA:371,20,0,0
BRDA:371,20,1,0
BRDA:379,21,0,0
BRDA:379,21,1,0
BRDA:383,22,0,0
BRDA:383,22,1,0
BRDA:387,23,0,0
BRDA:387,23,1,0
BRDA:396,24,0,0
BRDA:396,24,1,0
BRDA:423,25,0,0
BRDA:423,25,1,0
BRDA:452,26,0,0
BRDA:452,26,1,0
BRF:59
BRH:0
end_of_record
TN:
SF:src/routes/admin/analyticsRoutes.ts
FN:16,(anonymous_1)
FN:50,(anonymous_2)
FN:93,(anonymous_3)
FN:104,(anonymous_4)
FN:108,(anonymous_5)
FN:111,(anonymous_6)
FN:111,(anonymous_7)
FN:117,(anonymous_8)
FN:122,(anonymous_9)
FN:123,(anonymous_10)
FN:128,(anonymous_11)
FN:159,(anonymous_12)
FN:178,(anonymous_13)
FN:189,(anonymous_14)
FN:190,(anonymous_15)
FN:191,(anonymous_16)
FN:223,(anonymous_17)
FN:240,(anonymous_18)
FNF:18
FNH:0
FNDA:0,(anonymous_1)
FNDA:0,(anonymous_2)
FNDA:0,(anonymous_3)
FNDA:0,(anonymous_4)
FNDA:0,(anonymous_5)
FNDA:0,(anonymous_6)
FNDA:0,(anonymous_7)
FNDA:0,(anonymous_8)
FNDA:0,(anonymous_9)
FNDA:0,(anonymous_10)
FNDA:0,(anonymous_11)
FNDA:0,(anonymous_12)
FNDA:0,(anonymous_13)
FNDA:0,(anonymous_14)
FNDA:0,(anonymous_15)
FNDA:0,(anonymous_16)
FNDA:0,(anonymous_17)
FNDA:0,(anonymous_18)
DA:3,0
DA:4,0
DA:5,0
DA:7,0
DA:10,0
DA:16,0
DA:17,0
DA:18,0
DA:19,0
DA:22,0
DA:31,0
DA:32,0
DA:33,0
DA:42,0
DA:49,0
DA:50,0
DA:51,0
DA:52,0
DA:55,0
DA:71,0
DA:80,0
DA:81,0
DA:93,0
DA:94,0
DA:95,0
DA:96,0
DA:99,0
DA:103,0
DA:104,0
DA:105,0
DA:107,0
DA:108,0
DA:111,0
DA:112,0
DA:113,0
DA:116,0
DA:117,0
DA:118,0
DA:121,0
DA:122,0
DA:123,0
DA:128,0
DA:131,0
DA:140,0
DA:146,0
DA:147,0
DA:159,0
DA:160,0
DA:161,0
DA:162,0
DA:166,0
DA:167,0
DA:168,0
DA:173,0
DA:177,0
DA:179,0
DA:185,0
DA:189,0
DA:190,0
DA:191,0
DA:193,0
DA:204,0
DA:210,0
DA:211,0
DA:223,0
DA:224,0
DA:225,0
DA:226,0
DA:227,0
DA:229,0
DA:239,0
DA:241,0
DA:246,0
DA:254,0
DA:260,0
DA:261,0
DA:269,0
LF:77
LH:0
BRDA:18,0,0,0
BRDA:18,0,1,0
BRDA:52,1,0,0
BRDA:52,1,1,0
BRDA:52,2,0,0
BRDA:52,2,1,0
BRDA:56,3,0,0
BRDA:56,3,1,0
BRDA:57,4,0,0
BRDA:57,4,1,0
BRDA:64,5,0,0
BRDA:64,5,1,0
BRDA:83,6,0,0
BRDA:83,6,1,0
BRDA:95,7,0,0
BRDA:95,7,1,0
BRDA:105,8,0,0
BRDA:105,8,1,0
BRDA:107,9,0,0
BRDA:107,9,1,0
BRDA:112,10,0,0
BRDA:112,10,1,0
BRDA:113,11,0,0
BRDA:113,11,1,0
BRDA:118,12,0,0
BRDA:118,12,1,0
BRDA:149,13,0,0
BRDA:149,13,1,0
BRDA:190,14,0,0
BRDA:190,14,1,0
BRDA:191,15,0,0
BRDA:191,15,1,0
BRDA:213,16,0,0
BRDA:213,16,1,0
BRDA:225,17,0,0
BRDA:225,17,1,0
BRDA:226,18,0,0
BRDA:226,18,1,0
BRDA:249,19,0,0
BRDA:249,19,1,0
BRDA:263,20,0,0
BRDA:263,20,1,0
BRF:42
BRH:0
end_of_record
TN:
SF:src/routes/admin/plansRoutes.ts
FN:15,(anonymous_1)
FN:40,(anonymous_2)
FN:78,(anonymous_3)
FN:140,(anonymous_4)
FN:206,(anonymous_5)
FNF:5
FNH:0
FNDA:0,(anonymous_1)
FNDA:0,(anonymous_2)
FNDA:0,(anonymous_3)
FNDA:0,(anonymous_4)
FNDA:0,(anonymous_5)
DA:3,0
DA:4,0
DA:5,0
DA:7,0
DA:9,0
DA:15,0
DA:16,0
DA:17,0
DA:21,0
DA:27,0
DA:28,0
DA:40,0
DA:41,0
DA:42,0
DA:44,0
DA:51,0
DA:52,0
DA:59,0
DA:65,0
DA:66,0
DA:78,0
DA:79,0
DA:92,0
DA:94,0
DA:95,0
DA:102,0
DA:119,0
DA:121,0
DA:127,0
DA:128,0
DA:140,0
DA:141,0
DA:142,0
DA:156,0
DA:158,0
DA:159,0
DA:160,0
DA:167,0
DA:185,0
DA:187,0
DA:193,0
DA:194,0
DA:206,0
DA:207,0
DA:208,0
DA:210,0
DA:211,0
DA:212,0
DA:220,0
DA:225,0
DA:227,0
DA:234,0
DA:235,0
DA:243,0
LF:54
LH:0
BRDA:30,0,0,0
BRDA:30,0,1,0
BRDA:51,1,0,0
BRDA:51,1,1,0
BRDA:68,2,0,0
BRDA:68,2,1,0
BRDA:94,3,0,0
BRDA:94,3,1,0
BRDA:94,4,0,0
BRDA:94,4,1,0
BRDA:94,4,2,0
BRDA:108,5,0,0
BRDA:108,5,1,0
BRDA:109,6,0,0
BRDA:109,6,1,0
BRDA:110,7,0,0
BRDA:110,7,1,0
BRDA:111,8,0,0
BRDA:111,8,1,0
BRDA:113,9,0,0
BRDA:113,9,1,0
BRDA:114,10,0,0
BRDA:114,10,1,0
BRDA:130,11,0,0
BRDA:130,11,1,0
BRDA:159,12,0,0
BRDA:159,12,1,0
BRDA:170,13,0,0
BRDA:170,13,1,0
BRDA:171,14,0,0
BRDA:171,14,1,0
BRDA:172,15,0,0
BRDA:172,15,1,0
BRDA:173,16,0,0
BRDA:173,16,1,0
BRDA:174,17,0,0
BRDA:174,17,1,0
BRDA:175,18,0,0
BRDA:175,18,1,0
BRDA:176,19,0,0
BRDA:176,19,1,0
BRDA:177,20,0,0
BRDA:177,20,1,0
BRDA:178,21,0,0
BRDA:178,21,1,0
BRDA:179,22,0,0
BRDA:179,22,1,0
BRDA:180,23,0,0
BRDA:180,23,1,0
BRDA:181,24,0,0
BRDA:181,24,1,0
BRDA:196,25,0,0
BRDA:196,25,1,0
BRDA:211,26,0,0
BRDA:211,26,1,0
BRDA:237,27,0,0
BRDA:237,27,1,0
BRF:57
BRH:0
end_of_record
TN:
SF:src/routes/admin/usersRoutes.ts
FN:16,(anonymous_1)
FN:79,(anonymous_2)
FN:133,(anonymous_3)
FN:185,(anonymous_4)
FN:235,(anonymous_5)
FN:275,(anonymous_6)
FN:315,(anonymous_7)
FNF:7
FNH:0
FNDA:0,(anonymous_1)
FNDA:0,(anonymous_2)
FNDA:0,(anonymous_3)
FNDA:0,(anonymous_4)
FNDA:0,(anonymous_5)
FNDA:0,(anonymous_6)
FNDA:0,(anonymous_7)
DA:3,0
DA:4,0
DA:6,0
DA:8,0
DA:10,0
DA:16,0
DA:17,0
DA:18,0
DA:19,0
DA:20,0
DA:21,0
DA:23,0
DA:24,0
DA:25,0
DA:32,0
DA:54,0
DA:66,0
DA:67,0
DA:79,0
DA:80,0
DA:81,0
DA:83,0
DA:106,0
DA:107,0
DA:114,0
DA:120,0
DA:121,0
DA:133,0
DA:134,0
DA:135,0
DA:136,0
DA:138,0
DA:139,0
DA:140,0
DA:147,0
DA:153,0
DA:163,0
DA:165,0
DA:172,0
DA:173,0
DA:185,0
DA:186,0
DA:187,0
DA:189,0
DA:190,0
DA:191,0
DA:198,0
DA:204,0
DA:213,0
DA:215,0
DA:222,0
DA:223,0
DA:235,0
DA:236,0
DA:237,0
DA:239,0
DA:240,0
DA:241,0
DA:248,0
DA:253,0
DA:255,0
DA:262,0
DA:263,0
DA:275,0
DA:276,0
DA:277,0
DA:279,0
DA:280,0
DA:281,0
DA:288,0
DA:293,0
DA:295,0
DA:302,0
DA:303,0
DA:315,0
DA:316,0
DA:317,0
DA:319,0
DA:320,0
DA:327,0
DA:329,0
DA:331,0
DA:337,0
DA:338,0
DA:346,0
LF:85
LH:0
BRDA:18,0,0,0
BRDA:18,0,1,0
BRDA:19,1,0,0
BRDA:19,1,1,0
BRDA:24,2,0,0
BRDA:24,2,1,0
BRDA:69,3,0,0
BRDA:69,3,1,0
BRDA:106,4,0,0
BRDA:106,4,1,0
BRDA:123,5,0,0
BRDA:123,5,1,0
BRDA:139,6,0,0
BRDA:139,6,1,0
BRDA:175,7,0,0
BRDA:175,7,1,0
BRDA:190,8,0,0
BRDA:190,8,1,0
BRDA:225,9,0,0
BRDA:225,9,1,0
BRDA:240,10,0,0
BRDA:240,10,1,0
BRDA:265,11,0,0
BRDA:265,11,1,0
BRDA:280,12,0,0
BRDA:280,12,1,0
BRDA:305,13,0,0
BRDA:305,13,1,0
BRDA:319,14,0,0
BRDA:319,14,1,0
BRDA:340,15,0,0
BRDA:340,15,1,0
BRF:32
BRH:0
end_of_record
TN:
SF:src/services/apiKeyService.ts
FN:11,(anonymous_1)
FN:60,(anonymous_2)
FN:84,(anonymous_3)
FN:113,(anonymous_4)
FN:163,(anonymous_5)
FNF:5
FNH:0
FNDA:0,(anonymous_1)
FNDA:0,(anonymous_2)
FNDA:0,(anonymous_3)
FNDA:0,(anonymous_4)
FNDA:0,(anonymous_5)
DA:3,0
DA:4,0
DA:5,0
DA:7,0
DA:12,0
DA:14,0
DA:22,0
DA:30,0
DA:31,0
DA:32,0
DA:36,0
DA:39,0
DA:48,0
DA:50,0
DA:52,0
DA:53,0
DA:61,0
DA:62,0
DA:76,0
DA:77,0
DA:85,0
DA:87,0
DA:94,0
DA:95,0
DA:98,0
DA:103,0
DA:105,0
DA:106,0
DA:114,0
DA:115,0
DA:126,0
DA:127,0
DA:131,0
DA:132,0
DA:136,0
DA:137,0
DA:141,0
DA:149,0
DA:155,0
DA:156,0
DA:164,0
DA:166,0
DA:173,0
DA:174,0
DA:178,0
DA:181,0
DA:196,0
DA:198,0
DA:200,0
DA:201,0
DA:206,0
LF:51
LH:0
BRDA:30,0,0,0
BRDA:30,0,1,0
BRDA:31,1,0,0
BRDA:31,1,1,0
BRDA:94,2,0,0
BRDA:94,2,1,0
BRDA:126,3,0,0
BRDA:126,3,1,0
BRDA:131,4,0,0
BRDA:131,4,1,0
BRDA:136,5,0,0
BRDA:136,5,1,0
BRDA:136,6,0,0
BRDA:136,6,1,0
BRDA:173,7,0,0
BRDA:173,7,1,0
BRF:16
BRH:0
end_of_record
TN:
SF:src/services/auditService.ts
FN:25,(anonymous_1)
FN:56,(anonymous_2)
FN:70,(anonymous_3)
FN:84,(anonymous_4)
FN:98,(anonymous_5)
FN:112,(anonymous_6)
FN:125,(anonymous_7)
FN:138,(anonymous_8)
FN:151,(anonymous_9)
FN:164,(anonymous_10)
FN:178,(anonymous_11)
FN:191,(anonymous_12)
FN:205,(anonymous_13)
FN:219,(anonymous_14)
FN:232,(anonymous_15)
FN:248,(anonymous_16)
FN:264,(anonymous_17)
FNF:17
FNH:0
FNDA:0,(anonymous_1)
FNDA:0,(anonymous_2)
FNDA:0,(anonymous_3)
FNDA:0,(anonymous_4)
FNDA:0,(anonymous_5)
FNDA:0,(anonymous_6)
FNDA:0,(anonymous_7)
FNDA:0,(anonymous_8)
FNDA:0,(anonymous_9)
FNDA:0,(anonymous_10)
FNDA:0,(anonymous_11)
FNDA:0,(anonymous_12)
FNDA:0,(anonymous_13)
FNDA:0,(anonymous_14)
FNDA:0,(anonymous_15)
FNDA:0,(anonymous_16)
FNDA:0,(anonymous_17)
DA:3,0
DA:4,0
DA:21,0
DA:26,0
DA:27,0
DA:40,0
DA:45,0
DA:47,0
DA:49,0
DA:57,0
DA:71,0
DA:85,0
DA:99,0
DA:113,0
DA:126,0
DA:139,0
DA:152,0
DA:165,0
DA:179,0
DA:192,0
DA:206,0
DA:220,0
DA:233,0
DA:234,0
DA:240,0
DA:241,0
DA:249,0
DA:250,0
DA:256,0
DA:257,0
DA:265,0
DA:266,0
DA:276,0
DA:277,0
DA:282,0
LF:35
LH:0
BRDA:33,0,0,0
BRDA:33,0,1,0
BRDA:232,1,0,0
BRDA:248,2,0,0
BRDA:264,3,0,0
BRF:5
BRH:0
end_of_record
TN:
SF:src/services/authService.ts
FN:13,(anonymous_1)
FN:90,(anonymous_2)
FN:156,(anonymous_3)
FN:200,(anonymous_4)
FN:234,(anonymous_5)
FN:271,(anonymous_6)
FN:307,(anonymous_7)
FNF:7
FNH:0
FNDA:0,(anonymous_1)
FNDA:0,(anonymous_2)
FNDA:0,(anonymous_3)
FNDA:0,(anonymous_4)
FNDA:0,(anonymous_5)
FNDA:0,(anonymous_6)
FNDA:0,(anonymous_7)
DA:3,0
DA:4,0
DA:6,0
DA:7,0
DA:9,0
DA:14,0
DA:16,0
DA:20,0
DA:21,0
DA:25,0
DA:28,0
DA:29,0
DA:32,0
DA:46,0
DA:53,0
DA:63,0
DA:69,0
DA:71,0
DA:82,0
DA:83,0
DA:91,0
DA:93,0
DA:97,0
DA:98,0
DA:102,0
DA:103,0
DA:104,0
DA:108,0
DA:109,0
DA:113,0
DA:120,0
DA:126,0
DA:135,0
DA:137,0
DA:148,0
DA:149,0
DA:157,0
DA:158,0
DA:159,0
DA:160,0
DA:163,0
DA:167,0
DA:168,0
DA:172,0
DA:179,0
DA:188,0
DA:190,0
DA:192,0
DA:193,0
DA:201,0
DA:202,0
DA:211,0
DA:212,0
DA:215,0
DA:224,0
DA:226,0
DA:227,0
DA:235,0
DA:236,0
DA:240,0
DA:242,0
DA:245,0
DA:246,0
DA:248,0
DA:257,0
DA:259,0
DA:261,0
DA:263,0
DA:264,0
DA:272,0
DA:273,0
DA:282,0
DA:283,0
DA:286,0
DA:288,0
DA:297,0
DA:299,0
DA:300,0
DA:308,0
DA:309,0
DA:313,0
DA:315,0
DA:316,0
DA:321,0
LF:84
LH:0
BRDA:20,0,0,0
BRDA:20,0,1,0
BRDA:97,1,0,0
BRDA:97,1,1,0
BRDA:103,2,0,0
BRDA:103,2,1,0
BRDA:108,3,0,0
BRDA:108,3,1,0
BRDA:159,4,0,0
BRDA:159,4,1,0
BRDA:167,5,0,0
BRDA:167,5,1,0
BRDA:211,6,0,0
BRDA:211,6,1,0
BRDA:240,7,0,0
BRDA:240,7,1,0
BRDA:282,8,0,0
BRDA:282,8,1,0
BRF:18
BRH:0
end_of_record
TN:
SF:src/services/conversionService.ts
FN:36,(anonymous_1)
FN:139,(anonymous_2)
FN:160,(anonymous_3)
FN:168,(anonymous_4)
FN:169,(anonymous_5)
FN:190,(anonymous_6)
FN:192,(anonymous_7)
FNF:7
FNH:0
FNDA:0,(anonymous_1)
FNDA:0,(anonymous_2)
FNDA:0,(anonymous_3)
FNDA:0,(anonymous_4)
FNDA:0,(anonymous_5)
FNDA:0,(anonymous_6)
FNDA:0,(anonymous_7)
DA:1,0
DA:34,0
DA:36,0
DA:41,0
DA:44,0
DA:45,0
DA:48,0
DA:52,0
DA:53,0
DA:54,0
DA:55,0
DA:56,0
DA:57,0
DA:58,0
DA:59,0
DA:60,0
DA:61,0
DA:62,0
DA:63,0
DA:64,0
DA:65,0
DA:66,0
DA:67,0
DA:68,0
DA:69,0
DA:70,0
DA:71,0
DA:72,0
DA:73,0
DA:74,0
DA:75,0
DA:76,0
DA:77,0
DA:78,0
DA:79,0
DA:80,0
DA:81,0
DA:82,0
DA:83,0
DA:84,0
DA:85,0
DA:87,0
DA:93,0
DA:94,0
DA:95,0
DA:96,0
DA:97,0
DA:98,0
DA:99,0
DA:100,0
DA:101,0
DA:102,0
DA:103,0
DA:104,0
DA:105,0
DA:106,0
DA:107,0
DA:108,0
DA:109,0
DA:110,0
DA:111,0
DA:112,0
DA:113,0
DA:114,0
DA:115,0
DA:116,0
DA:117,0
DA:118,0
DA:119,0
DA:120,0
DA:121,0
DA:122,0
DA:123,0
DA:124,0
DA:125,0
DA:126,0
DA:128,0
DA:131,0
DA:132,0
DA:134,0
DA:135,0
DA:139,0
DA:148,0
DA:150,0
DA:155,0
DA:158,0
DA:159,0
DA:160,0
DA:161,0
DA:162,0
DA:167,0
DA:168,0
DA:169,0
DA:170,0
DA:171,0
DA:173,0
DA:175,0
DA:177,0
DA:179,0
DA:181,0
DA:183,0
DA:190,0
DA:191,0
DA:192,0
DA:193,0
DA:195,0
DA:199,0
DA:200,0
LF:108
LH:0
BRDA:44,0,0,0
BRDA:44,0,1,0
BRDA:52,1,0,0
BRDA:52,1,1,0
BRDA:54,2,0,0
BRDA:54,2,1,0
BRDA:56,3,0,0
BRDA:56,3,1,0
BRDA:58,4,0,0
BRDA:58,4,1,0
BRDA:60,5,0,0
BRDA:60,5,1,0
BRDA:62,6,0,0
BRDA:62,6,1,0
BRDA:64,7,0,0
BRDA:64,7,1,0
BRDA:66,8,0,0
BRDA:66,8,1,0
BRDA:68,9,0,0
BRDA:68,9,1,0
BRDA:70,10,0,0
BRDA:70,10,1,0
BRDA:72,11,0,0
BRDA:72,11,1,0
BRDA:74,12,0,0
BRDA:74,12,1,0
BRDA:76,13,0,0
BRDA:76,13,1,0
BRDA:78,14,0,0
BRDA:78,14,1,0
BRDA:80,15,0,0
BRDA:80,15,1,0
BRDA:82,16,0,0
BRDA:82,16,1,0
BRDA:84,17,0,0
BRDA:84,17,1,0
BRDA:93,18,0,0
BRDA:93,18,1,0
BRDA:95,19,0,0
BRDA:95,19,1,0
BRDA:97,20,0,0
BRDA:97,20,1,0
BRDA:99,21,0,0
BRDA:99,21,1,0
BRDA:101,22,0,0
BRDA:101,22,1,0
BRDA:103,23,0,0
BRDA:103,23,1,0
BRDA:105,24,0,0
BRDA:105,24,1,0
BRDA:107,25,0,0
BRDA:107,25,1,0
BRDA:109,26,0,0
BRDA:109,26,1,0
BRDA:111,27,0,0
BRDA:111,27,1,0
BRDA:113,28,0,0
BRDA:113,28,1,0
BRDA:115,29,0,0
BRDA:115,29,1,0
BRDA:117,30,0,0
BRDA:117,30,1,0
BRDA:119,31,0,0
BRDA:119,31,1,0
BRDA:121,32,0,0
BRDA:121,32,1,0
BRDA:123,33,0,0
BRDA:123,33,1,0
BRDA:125,34,0,0
BRDA:125,34,1,0
BRDA:158,35,0,0
BRDA:158,35,1,0
BRDA:161,36,0,0
BRDA:161,36,1,0
BRDA:167,37,0,0
BRDA:167,37,1,0
BRDA:167,38,0,0
BRDA:167,38,1,0
BRDA:170,39,0,0
BRDA:170,39,1,0
BRDA:171,40,0,0
BRDA:171,40,1,0
BRDA:173,41,0,0
BRDA:173,41,1,0
BRDA:173,41,2,0
BRDA:173,41,3,0
BRDA:173,41,4,0
BRF:87
BRH:0
end_of_record
TN:
SF:src/services/emailService.ts
FN:26,(anonymous_1)
FN:45,(anonymous_2)
FN:64,(anonymous_3)
FN:129,(anonymous_4)
FN:211,(anonymous_5)
FN:279,(anonymous_6)
FN:352,(anonymous_7)
FN:438,(anonymous_8)
FN:529,(anonymous_9)
FN:563,(anonymous_10)
FN:591,(anonymous_11)
FN:628,(anonymous_12)
FN:667,(anonymous_13)
FN:703,(anonymous_14)
FNF:14
FNH:0
FNDA:0,(anonymous_1)
FNDA:0,(anonymous_2)
FNDA:0,(anonymous_3)
FNDA:0,(anonymous_4)
FNDA:0,(anonymous_5)
FNDA:0,(anonymous_6)
FNDA:0,(anonymous_7)
FNDA:0,(anonymous_8)
FNDA:0,(anonymous_9)
FNDA:0,(anonymous_10)
FNDA:0,(anonymous_11)
FNDA:0,(anonymous_12)
FNDA:0,(anonymous_13)
FNDA:0,(anonymous_14)
DA:7,0
DA:8,0
DA:24,0
DA:27,0
DA:39,0
DA:46,0
DA:47,0
DA:48,0
DA:51,0
DA:52,0
DA:53,0
DA:54,0
DA:56,0
DA:57,0
DA:68,0
DA:104,0
DA:119,0
DA:130,0
DA:181,0
DA:201,0
DA:215,0
DA:254,0
DA:269,0
DA:284,0
DA:325,0
DA:342,0
DA:357,0
DA:404,0
DA:428,0
DA:443,0
DA:449,0
DA:455,0
DA:456,0
DA:458,0
DA:496,0
DA:513,0
DA:519,0
DA:533,0
DA:534,0
DA:535,0
DA:538,0
DA:539,0
DA:544,0
DA:552,0
DA:553,0
DA:555,0
DA:556,0
DA:564,0
DA:565,0
DA:566,0
DA:569,0
DA:570,0
DA:572,0
DA:580,0
DA:581,0
DA:583,0
DA:584,0
DA:595,0
DA:596,0
DA:597,0
DA:600,0
DA:601,0
DA:606,0
DA:614,0
DA:615,0
DA:617,0
DA:621,0
DA:633,0
DA:634,0
DA:635,0
DA:638,0
DA:639,0
DA:645,0
DA:653,0
DA:654,0
DA:656,0
DA:660,0
DA:672,0
DA:673,0
DA:674,0
DA:677,0
DA:678,0
DA:684,0
DA:692,0
DA:693,0
DA:695,0
DA:696,0
DA:708,0
DA:709,0
DA:710,0
DA:713,0
DA:714,0
DA:720,0
DA:728,0
DA:731,0
DA:733,0
DA:737,0
DA:743,0
DA:745,0
LF:99
LH:0
BRDA:28,0,0,0
BRDA:28,0,1,0
BRDA:29,1,0,0
BRDA:29,1,1,0
BRDA:31,2,0,0
BRDA:31,2,1,0
BRDA:34,3,0,0
BRDA:34,3,1,0
BRDA:46,4,0,0
BRDA:46,4,1,0
BRDA:533,5,0,0
BRDA:533,5,1,0
BRDA:540,6,0,0
BRDA:540,6,1,0
BRDA:545,7,0,0
BRDA:545,7,1,0
BRDA:564,8,0,0
BRDA:564,8,1,0
BRDA:570,9,0,0
BRDA:570,9,1,0
BRDA:573,10,0,0
BRDA:573,10,1,0
BRDA:595,11,0,0
BRDA:595,11,1,0
BRDA:602,12,0,0
BRDA:602,12,1,0
BRDA:607,13,0,0
BRDA:607,13,1,0
BRDA:633,14,0,0
BRDA:633,14,1,0
BRDA:640,15,0,0
BRDA:640,15,1,0
BRDA:646,16,0,0
BRDA:646,16,1,0
BRDA:672,17,0,0
BRDA:672,17,1,0
BRDA:679,18,0,0
BRDA:679,18,1,0
BRDA:685,19,0,0
BRDA:685,19,1,0
BRDA:708,20,0,0
BRDA:708,20,1,0
BRDA:715,21,0,0
BRDA:715,21,1,0
BRDA:721,22,0,0
BRDA:721,22,1,0
BRF:46
BRH:0
end_of_record
TN:
SF:src/services/oauthService.ts
FN:34,(anonymous_1)
FN:60,(anonymous_2)
FN:100,(anonymous_3)
FN:172,(anonymous_4)
FN:218,(anonymous_5)
FN:246,(anonymous_6)
FN:268,(anonymous_7)
FN:279,(anonymous_8)
FNF:8
FNH:0
FNDA:0,(anonymous_1)
FNDA:0,(anonymous_2)
FNDA:0,(anonymous_3)
FNDA:0,(anonymous_4)
FNDA:0,(anonymous_5)
FNDA:0,(anonymous_6)
FNDA:0,(anonymous_7)
FNDA:0,(anonymous_8)
DA:3,0
DA:4,0
DA:5,0
DA:6,0
DA:8,0
DA:30,0
DA:35,0
DA:36,0
DA:41,0
DA:42,0
DA:44,0
DA:52,0
DA:53,0
DA:61,0
DA:63,0
DA:75,0
DA:78,0
DA:82,0
DA:84,0
DA:92,0
DA:93,0
DA:101,0
DA:103,0
DA:113,0
DA:115,0
DA:119,0
DA:123,0
DA:127,0
DA:129,0
DA:141,0
DA:145,0
DA:157,0
DA:162,0
DA:164,0
DA:165,0
DA:176,0
DA:178,0
DA:187,0
DA:188,0
DA:191,0
DA:192,0
DA:196,0
DA:207,0
DA:208,0
DA:210,0
DA:211,0
DA:219,0
DA:221,0
DA:225,0
DA:226,0
DA:229,0
DA:236,0
DA:238,0
DA:239,0
DA:247,0
DA:248,0
DA:258,0
DA:260,0
DA:261,0
DA:269,0
DA:280,0
DA:287,0
LF:62
LH:0
BRDA:42,0,0,0
BRDA:42,0,1,0
BRDA:46,1,0,0
BRDA:46,1,1,0
BRDA:47,2,0,0
BRDA:47,2,1,0
BRDA:86,3,0,0
BRDA:86,3,1,0
BRDA:87,4,0,0
BRDA:87,4,1,0
BRDA:113,5,0,0
BRDA:113,5,1,0
BRDA:127,6,0,0
BRDA:127,6,1,0
BRDA:187,7,0,0
BRDA:187,7,1,0
BRDA:187,8,0,0
BRDA:187,8,1,0
BRDA:191,9,0,0
BRDA:191,9,1,0
BRDA:225,10,0,0
BRDA:225,10,1,0
BRDA:281,11,0,0
BRDA:281,11,1,0
BRDA:282,12,0,0
BRDA:282,12,1,0
BRF:26
BRH:0
end_of_record
TN:
SF:src/services/stripeService.ts
FN:15,(anonymous_1)
FN:34,(anonymous_2)
FN:58,(anonymous_3)
FN:72,(anonymous_4)
FN:89,(anonymous_5)
FN:114,(anonymous_6)
FN:131,(anonymous_7)
FN:143,(anonymous_8)
FN:155,(anonymous_9)
FN:183,(anonymous_10)
FN:198,(anonymous_11)
FN:225,(anonymous_12)
FN:245,(anonymous_13)
FN:260,(anonymous_14)
FN:275,(anonymous_15)
FN:290,(anonymous_16)
FNF:16
FNH:0
FNDA:0,(anonymous_1)
FNDA:0,(anonymous_2)
FNDA:0,(anonymous_3)
FNDA:0,(anonymous_4)
FNDA:0,(anonymous_5)
FNDA:0,(anonymous_6)
FNDA:0,(anonymous_7)
FNDA:0,(anonymous_8)
FNDA:0,(anonymous_9)
FNDA:0,(anonymous_10)
FNDA:0,(anonymous_11)
FNDA:0,(anonymous_12)
FNDA:0,(anonymous_13)
FNDA:0,(anonymous_14)
FNDA:0,(anonymous_15)
FNDA:0,(anonymous_16)
DA:3,0
DA:4,0
DA:5,0
DA:7,0
DA:11,0
DA:16,0
DA:17,0
DA:23,0
DA:24,0
DA:26,0
DA:27,0
DA:40,0
DA:41,0
DA:47,0
DA:48,0
DA:50,0
DA:51,0
DA:59,0
DA:60,0
DA:61,0
DA:62,0
DA:64,0
DA:65,0
DA:76,0
DA:77,0
DA:78,0
DA:79,0
DA:81,0
DA:82,0
DA:95,0
DA:96,0
DA:103,0
DA:104,0
DA:106,0
DA:107,0
DA:115,0
DA:116,0
DA:120,0
DA:121,0
DA:123,0
DA:124,0
DA:132,0
DA:133,0
DA:135,0
DA:136,0
DA:144,0
DA:145,0
DA:147,0
DA:148,0
DA:156,0
DA:157,0
DA:163,0
DA:164,0
DA:173,0
DA:175,0
DA:176,0
DA:184,0
DA:185,0
DA:190,0
DA:191,0
DA:199,0
DA:200,0
DA:202,0
DA:205,0
DA:208,0
DA:211,0
DA:214,0
DA:217,0
DA:220,0
DA:221,0
DA:226,0
DA:227,0
DA:229,0
DA:231,0
DA:242,0
DA:246,0
DA:247,0
DA:249,0
DA:257,0
DA:261,0
DA:262,0
DA:264,0
DA:272,0
DA:276,0
DA:277,0
DA:279,0
DA:287,0
DA:291,0
DA:292,0
DA:294,0
DA:302,0
DA:306,0
LF:92
LH:0
BRDA:7,0,0,0
BRDA:7,0,1,0
BRDA:91,1,0,0
BRDA:183,2,0,0
BRDA:200,3,0,0
BRDA:200,3,1,0
BRDA:200,3,2,0
BRDA:200,3,3,0
BRDA:200,3,4,0
BRDA:200,3,5,0
BRDA:227,4,0,0
BRDA:227,4,1,0
BRDA:247,5,0,0
BRDA:247,5,1,0
BRDA:262,6,0,0
BRDA:262,6,1,0
BRDA:277,7,0,0
BRDA:277,7,1,0
BRDA:277,8,0,0
BRDA:277,8,1,0
BRDA:292,9,0,0
BRDA:292,9,1,0
BRDA:292,10,0,0
BRDA:292,10,1,0
BRF:24
BRH:0
end_of_record
TN:
SF:src/services/twoFactorService.ts
FN:23,(anonymous_10)
FN:58,(anonymous_11)
FN:65,(anonymous_12)
FN:88,(anonymous_13)
FN:133,(anonymous_14)
FN:186,(anonymous_15)
FN:207,(anonymous_16)
FN:212,(anonymous_17)
FN:232,(anonymous_18)
FN:254,(anonymous_19)
FNF:10
FNH:0
FNDA:0,(anonymous_10)
FNDA:0,(anonymous_11)
FNDA:0,(anonymous_12)
FNDA:0,(anonymous_13)
FNDA:0,(anonymous_14)
FNDA:0,(anonymous_15)
FNDA:0,(anonymous_16)
FNDA:0,(anonymous_17)
FNDA:0,(anonymous_18)
FNDA:0,(anonymous_19)
DA:3,0
DA:4,0
DA:5,0
DA:6,0
DA:19,0
DA:24,0
DA:26,0
DA:32,0
DA:33,0
DA:37,0
DA:40,0
DA:42,0
DA:44,0
DA:50,0
DA:51,0
DA:63,0
DA:65,0
DA:66,0
DA:69,0
DA:78,0
DA:80,0
DA:81,0
DA:89,0
DA:90,0
DA:94,0
DA:95,0
DA:102,0
DA:109,0
DA:110,0
DA:116,0
DA:117,0
DA:122,0
DA:123,0
DA:134,0
DA:135,0
DA:139,0
DA:140,0
DA:146,0
DA:151,0
DA:152,0
DA:154,0
DA:155,0
DA:162,0
DA:164,0
DA:169,0
DA:170,0
DA:175,0
DA:176,0
DA:187,0
DA:188,0
DA:197,0
DA:199,0
DA:200,0
DA:208,0
DA:209,0
DA:212,0
DA:213,0
DA:216,0
DA:221,0
DA:222,0
DA:224,0
DA:225,0
DA:236,0
DA:237,0
DA:241,0
DA:246,0
DA:247,0
DA:255,0
DA:256,0
DA:257,0
DA:261,0
DA:263,0
LF:72
LH:0
BRDA:32,0,0,0
BRDA:32,0,1,0
BRDA:94,1,0,0
BRDA:94,1,1,0
BRDA:94,2,0,0
BRDA:94,2,1,0
BRDA:94,2,2,0
BRDA:109,3,0,0
BRDA:109,3,1,0
BRDA:139,4,0,0
BRDA:139,4,1,0
BRDA:139,5,0,0
BRDA:139,5,1,0
BRDA:151,6,0,0
BRDA:151,6,1,0
BRDA:154,7,0,0
BRDA:154,7,1,0
BRDA:242,8,0,0
BRDA:242,8,1,0
BRDA:243,9,0,0
BRDA:243,9,1,0
BRF:21
BRH:0
end_of_record
TN:
SF:src/services/usageService.ts
FN:11,(anonymous_1)
FN:51,(anonymous_2)
FN:65,(anonymous_3)
FN:70,(anonymous_4)
FN:77,(anonymous_5)
FN:82,(anonymous_6)
FN:88,(anonymous_7)
FN:98,(anonymous_8)
FN:102,(anonymous_9)
FN:121,(anonymous_10)
FN:181,(anonymous_11)
FN:197,(anonymous_12)
FN:198,(anonymous_13)
FN:200,(anonymous_14)
FN:204,(anonymous_15)
FN:226,(anonymous_16)
FNF:16
FNH:0
FNDA:0,(anonymous_1)
FNDA:0,(anonymous_2)
FNDA:0,(anonymous_3)
FNDA:0,(anonymous_4)
FNDA:0,(anonymous_5)
FNDA:0,(anonymous_6)
FNDA:0,(anonymous_7)
FNDA:0,(anonymous_8)
FNDA:0,(anonymous_9)
FNDA:0,(anonymous_10)
FNDA:0,(anonymous_11)
FNDA:0,(anonymous_12)
FNDA:0,(anonymous_13)
FNDA:0,(anonymous_14)
FNDA:0,(anonymous_15)
FNDA:0,(anonymous_16)
DA:3,0
DA:4,0
DA:7,0
DA:24,0
DA:25,0
DA:41,0
DA:43,0
DA:44,0
DA:52,0
DA:53,0
DA:56,0
DA:64,0
DA:65,0
DA:67,0
DA:68,0
DA:70,0
DA:71,0
DA:72,0
DA:76,0
DA:77,0
DA:82,0
DA:86,0
DA:88,0
DA:89,0
DA:90,0
DA:91,0
DA:93,0
DA:94,0
DA:97,0
DA:98,0
DA:102,0
DA:104,0
DA:113,0
DA:114,0
DA:132,0
DA:133,0
DA:135,0
DA:137,0
DA:138,0
DA:141,0
DA:142,0
DA:145,0
DA:146,0
DA:147,0
DA:148,0
DA:150,0
DA:151,0
DA:155,0
DA:165,0
DA:173,0
DA:174,0
DA:182,0
DA:183,0
DA:184,0
DA:186,0
DA:196,0
DA:197,0
DA:198,0
DA:200,0
DA:201,0
DA:203,0
DA:204,0
DA:207,0
DA:218,0
DA:219,0
DA:227,0
DA:229,0
DA:237,0
DA:238,0
DA:244,0
DA:246,0
DA:247,0
DA:255,0
DA:256,0
DA:258,0
DA:259,0
DA:261,0
DA:271,0
DA:272,0
DA:277,0
LF:80
LH:0
BRDA:33,0,0,0
BRDA:33,0,1,0
BRDA:34,1,0,0
BRDA:34,1,1,0
BRDA:51,2,0,0
BRDA:71,3,0,0
BRDA:71,3,1,0
BRDA:72,4,0,0
BRDA:72,4,1,0
BRDA:90,5,0,0
BRDA:90,5,1,0
BRDA:123,6,0,0
BRDA:124,7,0,0
BRDA:137,8,0,0
BRDA:137,8,1,0
BRDA:141,9,0,0
BRDA:141,9,1,0
BRDA:145,10,0,0
BRDA:145,10,1,0
BRDA:145,11,0,0
BRDA:145,11,1,0
BRDA:147,12,0,0
BRDA:147,12,1,0
BRDA:150,13,0,0
BRDA:150,13,1,0
BRDA:201,14,0,0
BRDA:201,14,1,0
BRDA:203,15,0,0
BRDA:203,15,1,0
BRDA:237,16,0,0
BRDA:237,16,1,0
BRDA:246,17,0,0
BRDA:246,17,1,0
BRF:33
BRH:0
end_of_record
TN:
SF:src/swagger/swaggerConfig.ts
FNF:0
FNH:0
DA:1,0
DA:3,0
DA:326,0
LF:3
LH:0
BRF:0
BRH:0
end_of_record
TN:
SF:src/utils/advancedUtils.ts
FN:22,(anonymous_0)
FN:23,(anonymous_1)
FN:35,(anonymous_2)
FN:42,(anonymous_3)
FN:44,(anonymous_4)
FN:53,(anonymous_5)
FN:54,(anonymous_6)
FN:60,(anonymous_7)
FN:62,(anonymous_8)
FN:76,(anonymous_9)
FN:90,(anonymous_10)
FN:92,(anonymous_11)
FN:105,(anonymous_12)
FN:112,(anonymous_13)
FN:126,(anonymous_14)
FN:127,(anonymous_15)
FN:131,(anonymous_16)
FN:134,(anonymous_17)
FN:137,(anonymous_18)
FN:146,(anonymous_19)
FN:151,(anonymous_20)
FN:152,(anonymous_21)
FN:162,(anonymous_22)
FN:171,(anonymous_23)
FN:172,(anonymous_24)
FN:173,(anonymous_25)
FN:184,(anonymous_26)
FN:188,(anonymous_27)
FN:199,(anonymous_28)
FN:213,(anonymous_29)
FN:221,(anonymous_30)
FN:222,(anonymous_31)
FN:238,(anonymous_32)
FN:245,(anonymous_33)
FN:264,(anonymous_34)
FN:276,(anonymous_35)
FN:285,(anonymous_36)
FN:295,(anonymous_37)
FN:305,(anonymous_38)
FN:329,(anonymous_39)
FN:335,(anonymous_40)
FN:336,(anonymous_41)
FNF:42
FNH:0
FNDA:0,(anonymous_0)
FNDA:0,(anonymous_1)
FNDA:0,(anonymous_2)
FNDA:0,(anonymous_3)
FNDA:0,(anonymous_4)
FNDA:0,(anonymous_5)
FNDA:0,(anonymous_6)
FNDA:0,(anonymous_7)
FNDA:0,(anonymous_8)
FNDA:0,(anonymous_9)
FNDA:0,(anonymous_10)
FNDA:0,(anonymous_11)
FNDA:0,(anonymous_12)
FNDA:0,(anonymous_13)
FNDA:0,(anonymous_14)
FNDA:0,(anonymous_15)
FNDA:0,(anonymous_16)
FNDA:0,(anonymous_17)
FNDA:0,(anonymous_18)
FNDA:0,(anonymous_19)
FNDA:0,(anonymous_20)
FNDA:0,(anonymous_21)
FNDA:0,(anonymous_22)
FNDA:0,(anonymous_23)
FNDA:0,(anonymous_24)
FNDA:0,(anonymous_25)
FNDA:0,(anonymous_26)
FNDA:0,(anonymous_27)
FNDA:0,(anonymous_28)
FNDA:0,(anonymous_29)
FNDA:0,(anonymous_30)
FNDA:0,(anonymous_31)
FNDA:0,(anonymous_32)
FNDA:0,(anonymous_33)
FNDA:0,(anonymous_34)
FNDA:0,(anonymous_35)
FNDA:0,(anonymous_36)
FNDA:0,(anonymous_37)
FNDA:0,(anonymous_38)
FNDA:0,(anonymous_39)
FNDA:0,(anonymous_40)
FNDA:0,(anonymous_41)
DA:5,0
DA:22,0
DA:23,0
DA:24,0
DA:35,0
DA:36,0
DA:38,0
DA:41,0
DA:42,0
DA:43,0
DA:44,0
DA:45,0
DA:47,0
DA:52,0
DA:53,0
DA:54,0
DA:59,0
DA:60,0
DA:61,0
DA:62,0
DA:63,0
DA:64,0
DA:66,0
DA:69,0
DA:74,0
DA:75,0
DA:76,0
DA:77,0
DA:78,0
DA:79,0
DA:81,0
DA:82,0
DA:87,0
DA:90,0
DA:91,0
DA:92,0
DA:93,0
DA:94,0
DA:96,0
DA:99,0
DA:105,0
DA:106,0
DA:107,0
DA:109,0
DA:110,0
DA:112,0
DA:113,0
DA:114,0
DA:115,0
DA:116,0
DA:120,0
DA:126,0
DA:127,0
DA:129,0
DA:131,0
DA:132,0
DA:134,0
DA:135,0
DA:137,0
DA:138,0
DA:140,0
DA:146,0
DA:147,0
DA:149,0
DA:151,0
DA:152,0
DA:153,0
DA:156,0
DA:162,0
DA:163,0
DA:165,0
DA:171,0
DA:172,0
DA:173,0
DA:175,0
DA:183,0
DA:184,0
DA:185,0
DA:186,0
DA:187,0
DA:188,0
DA:193,0
DA:199,0
DA:200,0
DA:202,0
DA:204,0
DA:205,0
DA:208,0
DA:209,0
DA:213,0
DA:214,0
DA:215,0
DA:220,0
DA:221,0
DA:222,0
DA:223,0
DA:224,0
DA:229,0
DA:238,0
DA:239,0
DA:240,0
DA:242,0
DA:243,0
DA:245,0
DA:246,0
DA:248,0
DA:249,0
DA:252,0
DA:255,0
DA:258,0
DA:264,0
DA:268,0
DA:270,0
DA:271,0
DA:274,0
DA:276,0
DA:277,0
DA:278,0
DA:279,0
DA:281,0
DA:284,0
DA:285,0
DA:286,0
DA:289,0
DA:295,0
DA:296,0
DA:298,0
DA:299,0
DA:305,0
DA:310,0
DA:312,0
DA:313,0
DA:314,0
DA:316,0
DA:317,0
DA:319,0
DA:329,0
DA:330,0
DA:332,0
DA:333,0
DA:335,0
DA:336,0
DA:337,0
DA:338,0
LF:144
LH:0
BRDA:35,0,0,0
BRDA:41,1,0,0
BRDA:41,1,1,0
BRDA:45,2,0,0
BRDA:45,2,1,0
BRDA:52,3,0,0
BRDA:52,3,1,0
BRDA:54,4,0,0
BRDA:54,4,1,0
BRDA:54,4,2,0
BRDA:59,5,0,0
BRDA:59,5,1,0
BRDA:63,6,0,0
BRDA:63,6,1,0
BRDA:63,7,0,0
BRDA:63,7,1,0
BRDA:63,7,2,0
BRDA:74,8,0,0
BRDA:74,8,1,0
BRDA:78,9,0,0
BRDA:78,9,1,0
BRDA:87,10,0,0
BRDA:87,10,1,0
BRDA:114,11,0,0
BRDA:114,11,1,0
BRDA:127,12,0,0
BRDA:127,12,1,0
BRDA:127,12,2,0
BRDA:129,13,0,0
BRDA:129,13,1,0
BRDA:131,14,0,0
BRDA:131,14,1,0
BRDA:132,15,0,0
BRDA:132,15,1,0
BRDA:134,16,0,0
BRDA:134,16,1,0
BRDA:134,16,2,0
BRDA:134,16,3,0
BRDA:135,17,0,0
BRDA:135,17,1,0
BRDA:138,18,0,0
BRDA:138,18,1,0
BRDA:173,19,0,0
BRDA:173,19,1,0
BRDA:173,19,2,0
BRDA:183,20,0,0
BRDA:183,20,1,0
BRDA:185,21,0,0
BRDA:185,21,1,0
BRDA:204,22,0,0
BRDA:204,22,1,0
BRDA:208,23,0,0
BRDA:208,23,1,0
BRDA:214,24,0,0
BRDA:214,24,1,0
BRDA:220,25,0,0
BRDA:220,25,1,0
BRDA:222,26,0,0
BRDA:222,26,1,0
BRDA:223,27,0,0
BRDA:223,27,1,0
BRDA:223,28,0,0
BRDA:223,28,1,0
BRDA:239,29,0,0
BRDA:239,29,1,0
BRDA:240,30,0,0
BRDA:240,30,1,0
BRDA:248,31,0,0
BRDA:248,31,1,0
BRDA:270,32,0,0
BRDA:270,32,1,0
BRDA:278,33,0,0
BRDA:278,33,1,0
BRDA:295,34,0,0
BRDA:307,35,0,0
BRDA:308,36,0,0
BRDA:332,37,0,0
BRDA:332,37,1,0
BRDA:337,38,0,0
BRDA:337,38,1,0
BRF:80
BRH:0
end_of_record
TN:
SF:src/utils/authUtils.ts
FN:27,(anonymous_0)
FN:37,(anonymous_1)
FN:47,(anonymous_2)
FN:55,(anonymous_3)
FN:87,(anonymous_4)
FN:101,(anonymous_5)
FN:108,(anonymous_6)
FN:115,(anonymous_7)
FN:123,(anonymous_8)
FN:154,(anonymous_9)
FN:175,(anonymous_10)
FN:189,(anonymous_11)
FN:197,(anonymous_12)
FN:204,(anonymous_13)
FN:220,(anonymous_14)
FN:242,(anonymous_15)
FN:249,(anonymous_16)
FNF:17
FNH:0
FNDA:0,(anonymous_0)
FNDA:0,(anonymous_1)
FNDA:0,(anonymous_2)
FNDA:0,(anonymous_3)
FNDA:0,(anonymous_4)
FNDA:0,(anonymous_5)
FNDA:0,(anonymous_6)
FNDA:0,(anonymous_7)
FNDA:0,(anonymous_8)
FNDA:0,(anonymous_9)
FNDA:0,(anonymous_10)
FNDA:0,(anonymous_11)
FNDA:0,(anonymous_12)
FNDA:0,(anonymous_13)
FNDA:0,(anonymous_14)
FNDA:0,(anonymous_15)
FNDA:0,(anonymous_16)
DA:27,0
DA:31,0
DA:37,0
DA:41,0
DA:47,0
DA:48,0
DA:49,0
DA:55,0
DA:56,0
DA:58,0
DA:59,0
DA:62,0
DA:63,0
DA:66,0
DA:67,0
DA:70,0
DA:71,0
DA:74,0
DA:75,0
DA:78,0
DA:87,0
DA:88,0
DA:89,0
DA:91,0
DA:92,0
DA:95,0
DA:101,0
DA:102,0
DA:108,0
DA:109,0
DA:115,0
DA:116,0
DA:117,0
DA:123,0
DA:126,0
DA:128,0
DA:129,0
DA:132,0
DA:133,0
DA:135,0
DA:136,0
DA:137,0
DA:141,0
DA:142,0
DA:145,0
DA:154,0
DA:155,0
DA:157,0
DA:158,0
DA:161,0
DA:162,0
DA:165,0
DA:175,0
DA:183,0
DA:189,0
DA:191,0
DA:197,0
DA:198,0
DA:204,0
DA:205,0
DA:220,0
DA:226,0
DA:227,0
DA:229,0
DA:242,0
DA:243,0
DA:249,0
DA:250,0
LF:68
LH:0
BRDA:27,0,0,0
BRDA:58,1,0,0
BRDA:58,1,1,0
BRDA:62,2,0,0
BRDA:62,2,1,0
BRDA:66,3,0,0
BRDA:66,3,1,0
BRDA:70,4,0,0
BRDA:70,4,1,0
BRDA:74,5,0,0
BRDA:74,5,1,0
BRDA:128,6,0,0
BRDA:128,6,1,0
BRDA:128,7,0,0
BRDA:128,7,1,0
BRDA:132,8,0,0
BRDA:132,8,1,0
BRDA:136,9,0,0
BRDA:136,9,1,0
BRDA:141,10,0,0
BRDA:141,10,1,0
BRDA:141,11,0,0
BRDA:141,11,1,0
BRDA:157,12,0,0
BRDA:157,12,1,0
BRDA:157,13,0,0
BRDA:157,13,1,0
BRDA:161,14,0,0
BRDA:161,14,1,0
BRDA:178,15,0,0
BRDA:224,16,0,0
BRF:31
BRH:0
end_of_record
TN:
SF:src/utils/cryptoUtils.ts
FN:18,(anonymous_1)
FN:30,(anonymous_2)
FN:37,(anonymous_3)
FN:44,(anonymous_4)
FN:61,(anonymous_5)
FN:72,(anonymous_6)
FN:83,(anonymous_7)
FN:90,(anonymous_8)
FN:97,(anonymous_9)
FN:104,(anonymous_10)
FN:111,(anonymous_11)
FNF:11
FNH:0
FNDA:0,(anonymous_1)
FNDA:0,(anonymous_2)
FNDA:0,(anonymous_3)
FNDA:0,(anonymous_4)
FNDA:0,(anonymous_5)
FNDA:0,(anonymous_6)
FNDA:0,(anonymous_7)
FNDA:0,(anonymous_8)
FNDA:0,(anonymous_9)
FNDA:0,(anonymous_10)
FNDA:0,(anonymous_11)
DA:3,0
DA:4,0
DA:5,0
DA:8,0
DA:9,0
DA:10,0
DA:11,0
DA:12,0
DA:14,0
DA:19,0
DA:20,0
DA:21,0
DA:22,0
DA:24,0
DA:31,0
DA:38,0
DA:45,0
DA:50,0
DA:55,0
DA:62,0
DA:63,0
DA:65,0
DA:73,0
DA:74,0
DA:76,0
DA:84,0
DA:91,0
DA:98,0
DA:105,0
DA:112,0
DA:116,0
LF:31
LH:0
BRDA:9,0,0,0
BRDA:9,0,1,0
BRDA:10,1,0,0
BRDA:10,1,1,0
BRDA:11,2,0,0
BRDA:11,2,1,0
BRDA:12,3,0,0
BRDA:12,3,1,0
BRDA:111,4,0,0
BRF:9
BRH:0
end_of_record
TN:
SF:src/utils/csvUtils.ts
FN:8,(anonymous_1)
FN:25,(anonymous_2)
FNF:2
FNH:2
FNDA:129,(anonymous_1)
FNDA:65,(anonymous_2)
DA:1,1
DA:8,1
DA:9,129
DA:15,129
DA:16,0
DA:19,129
DA:20,129
DA:22,129
DA:25,1
DA:26,65
DA:27,0
DA:30,65
DA:31,65
DA:36,65
LF:14
LH:12
BRDA:15,0,0,0
BRDA:15,0,1,129
BRDA:19,1,0,129
BRDA:19,1,1,0
BRDA:26,2,0,0
BRDA:26,2,1,65
BRDA:30,3,0,65
BRDA:30,3,1,44
BRF:8
BRH:5
end_of_record
TN:
SF:src/utils/databaseUtils.ts
FN:35,(anonymous_0)
FN:48,(anonymous_1)
FN:55,(anonymous_2)
FN:69,(anonymous_3)
FN:84,(anonymous_4)
FN:99,(anonymous_5)
FN:110,(anonymous_6)
FN:111,(anonymous_7)
FN:112,(anonymous_8)
FN:126,(anonymous_9)
FN:129,(anonymous_10)
FN:135,(anonymous_11)
FN:137,(anonymous_12)
FN:146,(anonymous_13)
FN:150,(anonymous_14)
FN:156,(anonymous_15)
FN:162,(anonymous_16)
FN:170,(anonymous_17)
FNF:18
FNH:0
FNDA:0,(anonymous_0)
FNDA:0,(anonymous_1)
FNDA:0,(anonymous_2)
FNDA:0,(anonymous_3)
FNDA:0,(anonymous_4)
FNDA:0,(anonymous_5)
FNDA:0,(anonymous_6)
FNDA:0,(anonymous_7)
FNDA:0,(anonymous_8)
FNDA:0,(anonymous_9)
FNDA:0,(anonymous_10)
FNDA:0,(anonymous_11)
FNDA:0,(anonymous_12)
FNDA:0,(anonymous_13)
FNDA:0,(anonymous_14)
FNDA:0,(anonymous_15)
FNDA:0,(anonymous_16)
FNDA:0,(anonymous_17)
DA:35,0
DA:36,0
DA:37,0
DA:38,0
DA:39,0
DA:40,0
DA:42,0
DA:48,0
DA:49,0
DA:55,0
DA:56,0
DA:69,0
DA:70,0
DA:84,0
DA:85,0
DA:99,0
DA:100,0
DA:101,0
DA:110,0
DA:111,0
DA:112,0
DA:114,0
DA:126,0
DA:127,0
DA:129,0
DA:130,0
DA:131,0
DA:134,0
DA:135,0
DA:137,0
DA:146,0
DA:147,0
DA:148,0
DA:150,0
DA:156,0
DA:157,0
DA:158,0
DA:161,0
DA:162,0
DA:164,0
DA:170,0
DA:171,0
LF:42
LH:0
BRDA:57,0,0,0
BRDA:57,0,1,0
BRDA:57,0,2,0
BRDA:57,0,3,0
BRDA:57,0,4,0
BRDA:57,0,5,0
BRDA:71,1,0,0
BRDA:71,1,1,0
BRDA:71,1,2,0
BRDA:71,1,3,0
BRDA:71,1,4,0
BRDA:71,1,5,0
BRDA:71,1,6,0
BRDA:100,2,0,0
BRDA:100,2,1,0
BRDA:126,3,0,0
BRDA:131,4,0,0
BRDA:131,4,1,0
BRDA:146,5,0,0
BRDA:157,6,0,0
BRDA:157,6,1,0
BRF:21
BRH:0
end_of_record
TN:
SF:src/utils/emailUtils.ts
FN:20,(anonymous_1)
FN:48,(anonymous_2)
FN:77,(anonymous_3)
FN:109,(anonymous_4)
FN:149,(anonymous_5)
FN:182,(anonymous_6)
FN:206,(anonymous_7)
FN:238,(anonymous_8)
FN:270,(anonymous_9)
FN:316,(anonymous_10)
FN:351,(anonymous_11)
FN:372,(anonymous_12)
FN:387,(anonymous_13)
FN:402,(anonymous_14)
FNF:14
FNH:0
FNDA:0,(anonymous_1)
FNDA:0,(anonymous_2)
FNDA:0,(anonymous_3)
FNDA:0,(anonymous_4)
FNDA:0,(anonymous_5)
FNDA:0,(anonymous_6)
FNDA:0,(anonymous_7)
FNDA:0,(anonymous_8)
FNDA:0,(anonymous_9)
FNDA:0,(anonymous_10)
FNDA:0,(anonymous_11)
FNDA:0,(anonymous_12)
FNDA:0,(anonymous_13)
FNDA:0,(anonymous_14)
DA:3,0
DA:16,0
DA:21,0
DA:23,0
DA:37,0
DA:49,0
DA:51,0
DA:66,0
DA:84,0
DA:98,0
DA:117,0
DA:119,0
DA:138,0
DA:150,0
DA:152,0
DA:171,0
DA:183,0
DA:195,0
DA:207,0
DA:209,0
DA:227,0
DA:239,0
DA:259,0
DA:278,0
DA:279,0
DA:280,0
DA:282,0
DA:305,0
DA:322,0
DA:323,0
DA:324,0
DA:325,0
DA:326,0
DA:328,0
DA:331,0
DA:339,0
DA:352,0
DA:353,0
DA:355,0
DA:356,0
DA:357,0
DA:358,0
DA:361,0
DA:364,0
DA:365,0
DA:373,0
DA:376,0
DA:377,0
DA:379,0
DA:380,0
DA:388,0
DA:391,0
DA:392,0
DA:394,0
DA:395,0
DA:403,0
DA:408,0
DA:412,0
LF:58
LH:0
BRDA:278,0,0,0
BRDA:278,0,1,0
BRDA:279,1,0,0
BRDA:279,1,1,0
BRDA:280,2,0,0
BRDA:280,2,1,0
BRDA:292,3,0,0
BRDA:292,3,1,0
BRDA:323,4,0,0
BRDA:323,4,1,0
BRDA:353,5,0,0
BRDA:353,5,1,0
BRDA:355,6,0,0
BRDA:355,6,1,0
BRDA:357,7,0,0
BRDA:357,7,1,0
BRF:16
BRH:0
end_of_record
TN:
SF:src/utils/errorUtils.ts
FN:5,(anonymous_0)
FN:42,(anonymous_1)
FN:62,(anonymous_2)
FN:84,(anonymous_3)
FN:99,(anonymous_4)
FN:103,(anonymous_5)
FN:107,(anonymous_6)
FN:111,(anonymous_7)
FN:115,(anonymous_8)
FN:119,(anonymous_9)
FN:123,(anonymous_10)
FN:127,(anonymous_11)
FN:131,(anonymous_12)
FN:135,(anonymous_13)
FN:139,(anonymous_14)
FN:143,(anonymous_15)
FN:150,(anonymous_16)
FN:151,(anonymous_17)
FN:163,(anonymous_18)
FN:186,(anonymous_19)
FN:206,(anonymous_20)
FN:210,(anonymous_21)
FN:249,(anonymous_22)
FN:253,(anonymous_23)
FN:257,(anonymous_24)
FN:261,(anonymous_25)
FN:265,(anonymous_26)
FN:269,(anonymous_27)
FN:273,(anonymous_28)
FN:277,(anonymous_29)
FN:283,(anonymous_30)
FN:287,(anonymous_31)
FN:317,(anonymous_32)
FN:321,(anonymous_33)
FN:329,(anonymous_34)
FN:333,(anonymous_35)
FN:339,(anonymous_36)
FN:357,(anonymous_37)
FN:370,(anonymous_38)
FN:384,(anonymous_39)
FN:402,(anonymous_40)
FN:407,(anonymous_41)
FN:437,(anonymous_42)
FN:441,(anonymous_43)
FNF:44
FNH:0
FNDA:0,(anonymous_0)
FNDA:0,(anonymous_1)
FNDA:0,(anonymous_2)
FNDA:0,(anonymous_3)
FNDA:0,(anonymous_4)
FNDA:0,(anonymous_5)
FNDA:0,(anonymous_6)
FNDA:0,(anonymous_7)
FNDA:0,(anonymous_8)
FNDA:0,(anonymous_9)
FNDA:0,(anonymous_10)
FNDA:0,(anonymous_11)
FNDA:0,(anonymous_12)
FNDA:0,(anonymous_13)
FNDA:0,(anonymous_14)
FNDA:0,(anonymous_15)
FNDA:0,(anonymous_16)
FNDA:0,(anonymous_17)
FNDA:0,(anonymous_18)
FNDA:0,(anonymous_19)
FNDA:0,(anonymous_20)
FNDA:0,(anonymous_21)
FNDA:0,(anonymous_22)
FNDA:0,(anonymous_23)
FNDA:0,(anonymous_24)
FNDA:0,(anonymous_25)
FNDA:0,(anonymous_26)
FNDA:0,(anonymous_27)
FNDA:0,(anonymous_28)
FNDA:0,(anonymous_29)
FNDA:0,(anonymous_30)
FNDA:0,(anonymous_31)
FNDA:0,(anonymous_32)
FNDA:0,(anonymous_33)
FNDA:0,(anonymous_34)
FNDA:0,(anonymous_35)
FNDA:0,(anonymous_36)
FNDA:0,(anonymous_37)
FNDA:0,(anonymous_38)
FNDA:0,(anonymous_39)
FNDA:0,(anonymous_40)
FNDA:0,(anonymous_41)
FNDA:0,(anonymous_42)
FNDA:0,(anonymous_43)
DA:5,0
DA:6,0
DA:7,0
DA:8,0
DA:9,0
DA:10,0
DA:11,0
DA:12,0
DA:13,0
DA:14,0
DA:15,0
DA:16,0
DA:17,0
DA:42,0
DA:49,0
DA:62,0
DA:63,0
DA:78,0
DA:84,0
DA:85,0
DA:99,0
DA:100,0
DA:103,0
DA:104,0
DA:107,0
DA:108,0
DA:111,0
DA:112,0
DA:115,0
DA:116,0
DA:119,0
DA:120,0
DA:123,0
DA:124,0
DA:127,0
DA:128,0
DA:131,0
DA:132,0
DA:135,0
DA:136,0
DA:139,0
DA:140,0
DA:143,0
DA:144,0
DA:150,0
DA:151,0
DA:152,0
DA:153,0
DA:155,0
DA:163,0
DA:165,0
DA:166,0
DA:170,0
DA:171,0
DA:175,0
DA:176,0
DA:180,0
DA:186,0
DA:187,0
DA:188,0
DA:189,0
DA:190,0
DA:191,0
DA:206,0
DA:207,0
DA:208,0
DA:211,0
DA:220,0
DA:223,0
DA:224,0
DA:228,0
DA:230,0
DA:232,0
DA:233,0
DA:235,0
DA:236,0
DA:238,0
DA:239,0
DA:241,0
DA:242,0
DA:244,0
DA:245,0
DA:250,0
DA:254,0
DA:258,0
DA:262,0
DA:266,0
DA:270,0
DA:272,0
DA:273,0
DA:276,0
DA:277,0
DA:280,0
DA:284,0
DA:292,0
DA:298,0
DA:299,0
DA:300,0
DA:301,0
DA:305,0
DA:312,0
DA:317,0
DA:318,0
DA:319,0
DA:322,0
DA:324,0
DA:325,0
DA:330,0
DA:332,0
DA:333,0
DA:336,0
DA:344,0
DA:350,0
DA:351,0
DA:354,0
DA:358,0
DA:365,0
DA:370,0
DA:377,0
DA:378,0
DA:379,0
DA:381,0
DA:383,0
DA:384,0
DA:389,0
DA:395,0
DA:396,0
DA:397,0
DA:398,0
DA:403,0
DA:404,0
DA:408,0
DA:409,0
DA:410,0
DA:412,0
DA:416,0
DA:417,0
DA:419,0
DA:420,0
DA:421,0
DA:424,0
DA:426,0
DA:427,0
DA:429,0
DA:430,0
DA:433,0
DA:438,0
DA:442,0
DA:443,0
DA:444,0
LF:150
LH:0
BRDA:5,0,0,0
BRDA:5,0,1,0
BRDA:45,1,0,0
BRDA:90,2,0,0
BRDA:90,2,1,0
BRDA:103,3,0,0
BRDA:107,4,0,0
BRDA:111,5,0,0
BRDA:119,6,0,0
BRDA:123,7,0,0
BRDA:165,8,0,0
BRDA:165,8,1,0
BRDA:165,9,0,0
BRDA:165,9,1,0
BRDA:165,9,2,0
BRDA:165,9,3,0
BRDA:170,10,0,0
BRDA:170,10,1,0
BRDA:175,11,0,0
BRDA:175,11,1,0
BRDA:186,12,0,0
BRDA:186,12,1,0
BRDA:223,13,0,0
BRDA:223,13,1,0
BRDA:228,14,0,0
BRDA:228,14,1,0
BRDA:230,15,0,0
BRDA:230,15,1,0
BRDA:230,15,2,0
BRDA:230,15,3,0
BRDA:230,15,4,0
BRDA:241,16,0,0
BRDA:241,16,1,0
BRDA:244,17,0,0
BRDA:244,17,1,0
BRDA:269,18,0,0
BRDA:272,19,0,0
BRDA:272,19,1,0
BRDA:276,20,0,0
BRDA:276,20,1,0
BRDA:299,21,0,0
BRDA:299,21,1,0
BRDA:300,22,0,0
BRDA:300,22,1,0
BRDA:301,23,0,0
BRDA:301,23,1,0
BRDA:324,24,0,0
BRDA:324,24,1,0
BRDA:329,25,0,0
BRDA:332,26,0,0
BRDA:332,26,1,0
BRDA:351,27,0,0
BRDA:351,27,1,0
BRDA:372,28,0,0
BRDA:373,29,0,0
BRDA:381,30,0,0
BRDA:381,30,1,0
BRDA:383,31,0,0
BRDA:383,31,1,0
BRDA:389,32,0,0
BRDA:389,32,1,0
BRDA:402,33,0,0
BRDA:402,34,0,0
BRDA:408,35,0,0
BRDA:408,35,1,0
BRDA:409,36,0,0
BRDA:409,36,1,0
BRDA:419,37,0,0
BRDA:419,37,1,0
BRDA:429,38,0,0
BRDA:429,38,1,0
BRF:71
BRH:0
end_of_record
TN:
SF:src/utils/fileUtils.ts
FN:27,(anonymous_9)
FN:44,(anonymous_10)
FN:64,(anonymous_11)
FN:71,(anonymous_12)
FN:80,(anonymous_13)
FN:89,(anonymous_14)
FN:97,(anonymous_15)
FN:104,(anonymous_16)
FN:114,(anonymous_17)
FN:129,readFileInChunks
FN:143,(anonymous_19)
FN:146,(anonymous_20)
FN:168,(anonymous_21)
FN:186,(anonymous_22)
FN:197,(anonymous_23)
FN:209,(anonymous_24)
FN:220,(anonymous_25)
FN:258,(anonymous_26)
FN:278,(anonymous_27)
FN:291,(anonymous_28)
FN:304,(anonymous_29)
FN:306,(anonymous_30)
FN:310,(anonymous_31)
FN:319,(anonymous_32)
FN:326,(anonymous_33)
FNF:25
FNH:0
FNDA:0,(anonymous_9)
FNDA:0,(anonymous_10)
FNDA:0,(anonymous_11)
FNDA:0,(anonymous_12)
FNDA:0,(anonymous_13)
FNDA:0,(anonymous_14)
FNDA:0,(anonymous_15)
FNDA:0,(anonymous_16)
FNDA:0,(anonymous_17)
FNDA:0,readFileInChunks
FNDA:0,(anonymous_19)
FNDA:0,(anonymous_20)
FNDA:0,(anonymous_21)
FNDA:0,(anonymous_22)
FNDA:0,(anonymous_23)
FNDA:0,(anonymous_24)
FNDA:0,(anonymous_25)
FNDA:0,(anonymous_26)
FNDA:0,(anonymous_27)
FNDA:0,(anonymous_28)
FNDA:0,(anonymous_29)
FNDA:0,(anonymous_30)
FNDA:0,(anonymous_31)
FNDA:0,(anonymous_32)
FNDA:0,(anonymous_33)
DA:5,0
DA:6,0
DA:27,0
DA:28,0
DA:29,0
DA:30,0
DA:32,0
DA:44,0
DA:45,0
DA:47,0
DA:58,0
DA:64,0
DA:65,0
DA:71,0
DA:72,0
DA:73,0
DA:74,0
DA:80,0
DA:81,0
DA:82,0
DA:83,0
DA:89,0
DA:90,0
DA:91,0
DA:97,0
DA:98,0
DA:104,0
DA:105,0
DA:106,0
DA:107,0
DA:108,0
DA:114,0
DA:115,0
DA:116,0
DA:117,0
DA:118,0
DA:120,0
DA:122,0
DA:129,0
DA:133,0
DA:135,0
DA:136,0
DA:143,0
DA:144,0
DA:146,0
DA:147,0
DA:149,0
DA:150,0
DA:151,0
DA:153,0
DA:154,0
DA:155,0
DA:156,0
DA:161,0
DA:162,0
DA:168,0
DA:169,0
DA:170,0
DA:171,0
DA:172,0
DA:175,0
DA:176,0
DA:179,0
DA:180,0
DA:186,0
DA:187,0
DA:188,0
DA:191,0
DA:197,0
DA:203,0
DA:209,0
DA:210,0
DA:218,0
DA:219,0
DA:220,0
DA:221,0
DA:223,0
DA:224,0
DA:225,0
DA:226,0
DA:229,0
DA:230,0
DA:232,0
DA:233,0
DA:234,0
DA:236,0
DA:237,0
DA:238,0
DA:240,0
DA:244,0
DA:245,0
DA:248,0
DA:249,0
DA:252,0
DA:258,0
DA:259,0
DA:261,0
DA:278,0
DA:279,0
DA:281,0
DA:282,0
DA:283,0
DA:285,0
DA:291,0
DA:292,0
DA:293,0
DA:294,0
DA:295,0
DA:297,0
DA:304,0
DA:305,0
DA:306,0
DA:308,0
DA:309,0
DA:310,0
DA:313,0
DA:319,0
DA:320,0
DA:326,0
DA:327,0
DA:328,0
DA:329,0
DA:332,0
DA:333,0
DA:336,0
DA:337,0
DA:339,0
LF:127
LH:0
BRDA:58,0,0,0
BRDA:58,0,1,0
BRDA:71,1,0,0
BRDA:104,2,0,0
BRDA:104,3,0,0
BRDA:116,4,0,0
BRDA:116,4,1,0
BRDA:131,5,0,0
BRDA:153,6,0,0
BRDA:153,6,1,0
BRDA:155,7,0,0
BRDA:155,7,1,0
BRDA:175,8,0,0
BRDA:175,8,1,0
BRDA:187,9,0,0
BRDA:187,9,1,0
BRDA:223,10,0,0
BRDA:223,10,1,0
BRDA:236,11,0,0
BRDA:236,11,1,0
BRDA:244,12,0,0
BRDA:244,12,1,0
BRDA:249,13,0,0
BRDA:249,13,1,0
BRDA:279,14,0,0
BRDA:279,14,1,0
BRDA:308,15,0,0
BRDA:308,15,1,0
BRDA:309,16,0,0
BRDA:309,16,1,0
BRDA:326,17,0,0
BRDA:328,18,0,0
BRDA:328,18,1,0
BRDA:332,19,0,0
BRDA:332,19,1,0
BRF:35
BRH:0
end_of_record
TN:
SF:src/utils/helperUtils.ts
FN:8,(anonymous_0)
FN:9,(anonymous_1)
FN:15,(anonymous_2)
FN:25,(anonymous_3)
FN:42,(anonymous_4)
FN:64,(anonymous_5)
FN:82,(anonymous_6)
FN:98,(anonymous_7)
FN:118,(anonymous_8)
FN:119,(anonymous_9)
FN:132,(anonymous_10)
FN:154,(anonymous_11)
FN:167,(anonymous_12)
FN:169,(anonymous_13)
FN:171,(anonymous_14)
FN:177,(anonymous_15)
FN:179,(anonymous_16)
FN:188,(anonymous_17)
FN:190,(anonymous_18)
FN:199,(anonymous_19)
FN:201,(anonymous_20)
FN:210,(anonymous_21)
FN:229,(anonymous_22)
FN:236,(anonymous_23)
FN:246,(anonymous_24)
FN:247,(anonymous_25)
FN:253,(anonymous_26)
FN:256,(anonymous_27)
FN:263,(anonymous_28)
FN:271,(anonymous_29)
FN:278,(anonymous_30)
FN:282,(anonymous_31)
FN:289,(anonymous_32)
FN:308,(anonymous_33)
FN:311,(anonymous_34)
FN:328,(anonymous_35)
FN:334,(anonymous_36)
FN:339,(anonymous_37)
FN:349,(anonymous_38)
FN:355,(anonymous_39)
FN:368,(anonymous_40)
FN:394,(anonymous_41)
FN:396,(anonymous_42)
FN:408,(anonymous_43)
FN:415,(anonymous_44)
FN:426,(anonymous_45)
FN:447,(anonymous_46)
FN:463,(anonymous_47)
FN:475,(anonymous_48)
FN:476,(anonymous_49)
FN:486,(anonymous_50)
FN:493,(anonymous_51)
FN:500,(anonymous_52)
FNF:53
FNH:0
FNDA:0,(anonymous_0)
FNDA:0,(anonymous_1)
FNDA:0,(anonymous_2)
FNDA:0,(anonymous_3)
FNDA:0,(anonymous_4)
FNDA:0,(anonymous_5)
FNDA:0,(anonymous_6)
FNDA:0,(anonymous_7)
FNDA:0,(anonymous_8)
FNDA:0,(anonymous_9)
FNDA:0,(anonymous_10)
FNDA:0,(anonymous_11)
FNDA:0,(anonymous_12)
FNDA:0,(anonymous_13)
FNDA:0,(anonymous_14)
FNDA:0,(anonymous_15)
FNDA:0,(anonymous_16)
FNDA:0,(anonymous_17)
FNDA:0,(anonymous_18)
FNDA:0,(anonymous_19)
FNDA:0,(anonymous_20)
FNDA:0,(anonymous_21)
FNDA:0,(anonymous_22)
FNDA:0,(anonymous_23)
FNDA:0,(anonymous_24)
FNDA:0,(anonymous_25)
FNDA:0,(anonymous_26)
FNDA:0,(anonymous_27)
FNDA:0,(anonymous_28)
FNDA:0,(anonymous_29)
FNDA:0,(anonymous_30)
FNDA:0,(anonymous_31)
FNDA:0,(anonymous_32)
FNDA:0,(anonymous_33)
FNDA:0,(anonymous_34)
FNDA:0,(anonymous_35)
FNDA:0,(anonymous_36)
FNDA:0,(anonymous_37)
FNDA:0,(anonymous_38)
FNDA:0,(anonymous_39)
FNDA:0,(anonymous_40)
FNDA:0,(anonymous_41)
FNDA:0,(anonymous_42)
FNDA:0,(anonymous_43)
FNDA:0,(anonymous_44)
FNDA:0,(anonymous_45)
FNDA:0,(anonymous_46)
FNDA:0,(anonymous_47)
FNDA:0,(anonymous_48)
FNDA:0,(anonymous_49)
FNDA:0,(anonymous_50)
FNDA:0,(anonymous_51)
FNDA:0,(anonymous_52)
DA:8,0
DA:9,0
DA:15,0
DA:16,0
DA:17,0
DA:20,0
DA:21,0
DA:24,0
DA:25,0
DA:28,0
DA:29,0
DA:30,0
DA:31,0
DA:33,0
DA:36,0
DA:42,0
DA:46,0
DA:48,0
DA:49,0
DA:50,0
DA:51,0
DA:52,0
DA:58,0
DA:64,0
DA:68,0
DA:70,0
DA:71,0
DA:72,0
DA:76,0
DA:82,0
DA:86,0
DA:88,0
DA:89,0
DA:92,0
DA:98,0
DA:102,0
DA:104,0
DA:105,0
DA:106,0
DA:107,0
DA:109,0
DA:112,0
DA:118,0
DA:119,0
DA:120,0
DA:121,0
DA:123,0
DA:125,0
DA:132,0
DA:133,0
DA:134,0
DA:137,0
DA:138,0
DA:140,0
DA:141,0
DA:142,0
DA:143,0
DA:144,0
DA:148,0
DA:154,0
DA:155,0
DA:157,0
DA:158,0
DA:161,0
DA:167,0
DA:169,0
DA:171,0
DA:177,0
DA:179,0
DA:181,0
DA:182,0
DA:188,0
DA:190,0
DA:192,0
DA:193,0
DA:199,0
DA:201,0
DA:203,0
DA:204,0
DA:210,0
DA:211,0
DA:213,0
DA:214,0
DA:215,0
DA:217,0
DA:218,0
DA:219,0
DA:223,0
DA:229,0
DA:230,0
DA:236,0
DA:237,0
DA:246,0
DA:247,0
DA:253,0
DA:254,0
DA:256,0
DA:263,0
DA:264,0
DA:265,0
DA:271,0
DA:272,0
DA:278,0
DA:279,0
DA:282,0
DA:283,0
DA:289,0
DA:290,0
DA:291,0
DA:292,0
DA:294,0
DA:295,0
DA:296,0
DA:298,0
DA:299,0
DA:302,0
DA:308,0
DA:309,0
DA:311,0
DA:312,0
DA:314,0
DA:315,0
DA:318,0
DA:319,0
DA:321,0
DA:328,0
DA:332,0
DA:334,0
DA:335,0
DA:336,0
DA:339,0
DA:340,0
DA:341,0
DA:349,0
DA:353,0
DA:355,0
DA:356,0
DA:358,0
DA:359,0
DA:360,0
DA:368,0
DA:369,0
DA:370,0
DA:371,0
DA:373,0
DA:374,0
DA:376,0
DA:377,0
DA:378,0
DA:379,0
DA:380,0
DA:382,0
DA:386,0
DA:388,0
DA:394,0
DA:395,0
DA:397,0
DA:398,0
DA:399,0
DA:400,0
DA:408,0
DA:409,0
DA:415,0
DA:416,0
DA:417,0
DA:418,0
DA:419,0
DA:420,0
DA:426,0
DA:430,0
DA:431,0
DA:433,0
DA:434,0
DA:435,0
DA:437,0
DA:441,0
DA:447,0
DA:451,0
DA:453,0
DA:454,0
DA:457,0
DA:463,0
DA:464,0
DA:465,0
DA:466,0
DA:469,0
DA:475,0
DA:476,0
DA:477,0
DA:478,0
DA:479,0
DA:486,0
DA:487,0
DA:493,0
DA:494,0
DA:500,0
DA:501,0
DA:502,0
DA:503,0
DA:504,0
DA:505,0
DA:507,0
DA:508,0
DA:509,0
DA:510,0
LF:205
LH:0
BRDA:16,0,0,0
BRDA:16,0,1,0
BRDA:16,1,0,0
BRDA:16,1,1,0
BRDA:20,2,0,0
BRDA:20,2,1,0
BRDA:24,3,0,0
BRDA:24,3,1,0
BRDA:28,4,0,0
BRDA:28,4,1,0
BRDA:49,5,0,0
BRDA:49,5,1,0
BRDA:51,6,0,0
BRDA:51,6,1,0
BRDA:71,7,0,0
BRDA:71,7,1,0
BRDA:106,8,0,0
BRDA:106,8,1,0
BRDA:120,9,0,0
BRDA:120,9,1,0
BRDA:133,10,0,0
BRDA:133,10,1,0
BRDA:142,11,0,0
BRDA:142,11,1,0
BRDA:169,12,0,0
BRDA:179,13,0,0
BRDA:181,14,0,0
BRDA:181,14,1,0
BRDA:190,15,0,0
BRDA:192,16,0,0
BRDA:192,16,1,0
BRDA:201,17,0,0
BRDA:203,18,0,0
BRDA:203,18,1,0
BRDA:210,19,0,0
BRDA:213,20,0,0
BRDA:213,20,1,0
BRDA:217,21,0,0
BRDA:217,21,1,0
BRDA:263,22,0,0
BRDA:264,23,0,0
BRDA:264,23,1,0
BRDA:278,24,0,0
BRDA:282,25,0,0
BRDA:295,26,0,0
BRDA:295,26,1,0
BRDA:296,27,0,0
BRDA:296,27,1,0
BRDA:298,28,0,0
BRDA:298,28,1,0
BRDA:299,29,0,0
BRDA:299,29,1,0
BRDA:314,30,0,0
BRDA:314,30,1,0
BRDA:335,31,0,0
BRDA:335,31,1,0
BRDA:358,32,0,0
BRDA:358,32,1,0
BRDA:368,33,0,0
BRDA:376,34,0,0
BRDA:376,34,1,0
BRDA:378,35,0,0
BRDA:378,35,1,0
BRDA:378,36,0,0
BRDA:378,36,1,0
BRDA:394,37,0,0
BRDA:397,38,0,0
BRDA:397,38,1,0
BRDA:398,39,0,0
BRDA:398,39,1,0
BRDA:398,39,2,0
BRDA:400,40,0,0
BRDA:400,40,1,0
BRDA:409,41,0,0
BRDA:409,41,1,0
BRDA:409,41,2,0
BRDA:416,42,0,0
BRDA:416,42,1,0
BRDA:416,43,0,0
BRDA:416,43,1,0
BRDA:417,44,0,0
BRDA:417,44,1,0
BRDA:418,45,0,0
BRDA:418,45,1,0
BRDA:419,46,0,0
BRDA:419,46,1,0
BRDA:434,47,0,0
BRDA:434,47,1,0
BRDA:465,48,0,0
BRDA:465,48,1,0
BRDA:478,49,0,0
BRDA:478,49,1,0
BRDA:486,50,0,0
BRDA:500,51,0,0
BRDA:507,52,0,0
BRDA:507,52,1,0
BRDA:507,53,0,0
BRDA:507,53,1,0
BRDA:508,54,0,0
BRDA:508,54,1,0
BRDA:508,55,0,0
BRDA:508,55,1,0
BRDA:509,56,0,0
BRDA:509,56,1,0
BRDA:509,57,0,0
BRDA:509,57,1,0
BRDA:510,58,0,0
BRDA:510,58,1,0
BRF:108
BRH:0
end_of_record
TN:
SF:src/utils/logger.ts
FN:24,(anonymous_1)
FNF:1
FNH:0
FNDA:0,(anonymous_1)
DA:1,0
DA:3,0
DA:18,0
DA:19,0
DA:25,0
DA:32,0
LF:6
LH:0
BRDA:4,0,0,0
BRDA:4,0,1,0
BRDA:18,1,0,0
BRDA:18,1,1,0
BRF:4
BRH:0
end_of_record
TN:
SF:src/utils/rateLimiter.ts
FN:13,(anonymous_1)
FN:21,(anonymous_2)
FN:56,(anonymous_3)
FN:68,(anonymous_4)
FN:75,(anonymous_5)
FNF:5
FNH:0
FNDA:0,(anonymous_1)
FNDA:0,(anonymous_2)
FNDA:0,(anonymous_3)
FNDA:0,(anonymous_4)
FNDA:0,(anonymous_5)
DA:3,0
DA:10,0
DA:14,0
DA:25,0
DA:26,0
DA:27,0
DA:30,0
DA:33,0
DA:34,0
DA:36,0
DA:38,0
DA:40,0
DA:43,0
DA:44,0
DA:46,0
DA:57,0
DA:58,0
DA:59,0
DA:61,0
DA:62,0
DA:69,0
DA:76,0
DA:80,0
LF:23
LH:0
BRDA:14,0,0,0
BRDA:14,0,1,0
BRDA:14,0,2,0
BRDA:36,1,0,0
BRDA:36,1,1,0
BRF:5
BRH:0
end_of_record
TN:
SF:src/utils/validation.ts
FN:31,validateFileSize
FN:43,validateDataLength
FN:54,validateMimeType
FN:65,sanitizeInput
FN:72,(anonymous_4)
FN:87,isValidFormat
FN:95,validateColumns
FN:104,(anonymous_7)
FN:112,validateFilterOptions
FN:145,sanitizeErrorMessage
FNF:10
FNH:6
FNDA:0,validateFileSize
FNDA:3,validateDataLength
FNDA:0,validateMimeType
FNDA:4,sanitizeInput
FNDA:8,(anonymous_4)
FNDA:56,isValidFormat
FNDA:5,validateColumns
FNDA:7,(anonymous_7)
FNDA:0,validateFilterOptions
FNDA:0,sanitizeErrorMessage
DA:6,1
DA:9,1
DA:12,1
DA:31,1
DA:32,0
DA:33,0
DA:36,0
DA:37,0
DA:43,1
DA:44,3
DA:45,1
DA:48,2
DA:54,1
DA:55,0
DA:56,0
DA:59,0
DA:65,1
DA:66,4
DA:67,1
DA:71,3
DA:73,8
DA:79,8
DA:87,1
DA:88,56
DA:89,56
DA:95,1
DA:96,5
DA:97,1
DA:100,4
DA:101,1
DA:104,3
DA:105,7
DA:112,1
DA:113,0
DA:114,0
DA:117,0
DA:118,0
DA:121,0
DA:123,0
DA:124,0
DA:126,0
DA:127,0
DA:130,0
DA:131,0
DA:134,0
DA:135,0
DA:139,0
DA:145,1
DA:146,0
DA:149,0
DA:154,0
DA:160,1
LF:52
LH:28
BRDA:32,0,0,0
BRDA:32,0,1,0
BRDA:44,1,0,1
BRDA:44,1,1,2
BRDA:55,2,0,0
BRDA:55,2,1,0
BRDA:55,3,0,0
BRDA:55,3,1,0
BRDA:66,4,0,1
BRDA:66,4,1,3
BRDA:89,5,0,56
BRDA:89,5,1,51
BRDA:96,6,0,1
BRDA:96,6,1,4
BRDA:100,7,0,1
BRDA:100,7,1,3
BRDA:100,8,0,4
BRDA:100,8,1,3
BRDA:105,9,0,7
BRDA:105,9,1,6
BRDA:105,9,2,5
BRDA:113,10,0,0
BRDA:113,10,1,0
BRDA:117,11,0,0
BRDA:117,11,1,0
BRDA:117,12,0,0
BRDA:117,12,1,0
BRDA:126,13,0,0
BRDA:126,13,1,0
BRDA:126,14,0,0
BRDA:126,14,1,0
BRDA:130,15,0,0
BRDA:130,15,1,0
BRDA:134,16,0,0
BRDA:134,16,1,0
BRDA:134,17,0,0
BRDA:134,17,1,0
BRDA:146,18,0,0
BRDA:146,18,1,0
BRF:39
BRH:15
end_of_record
TN:
SF:src/utils/validationUtils.ts
FN:20,(anonymous_0)
FN:28,(anonymous_1)
FN:40,(anonymous_2)
FN:48,(anonymous_3)
FN:56,(anonymous_4)
FN:63,(anonymous_5)
FN:70,(anonymous_6)
FN:77,(anonymous_7)
FN:89,(anonymous_8)
FN:97,(anonymous_9)
FN:105,(anonymous_10)
FN:118,(anonymous_11)
FN:158,(anonymous_12)
FN:172,(anonymous_13)
FN:179,(anonymous_14)
FN:190,(anonymous_15)
FN:205,(anonymous_16)
FN:216,(anonymous_17)
FN:251,(anonymous_18)
FN:284,(anonymous_19)
FN:315,(anonymous_20)
FN:343,(anonymous_21)
FN:356,(anonymous_22)
FN:374,(anonymous_23)
FN:393,(anonymous_24)
FN:433,(anonymous_25)
FNF:26
FNH:0
FNDA:0,(anonymous_0)
FNDA:0,(anonymous_1)
FNDA:0,(anonymous_2)
FNDA:0,(anonymous_3)
FNDA:0,(anonymous_4)
FNDA:0,(anonymous_5)
FNDA:0,(anonymous_6)
FNDA:0,(anonymous_7)
FNDA:0,(anonymous_8)
FNDA:0,(anonymous_9)
FNDA:0,(anonymous_10)
FNDA:0,(anonymous_11)
FNDA:0,(anonymous_12)
FNDA:0,(anonymous_13)
FNDA:0,(anonymous_14)
FNDA:0,(anonymous_15)
FNDA:0,(anonymous_16)
FNDA:0,(anonymous_17)
FNDA:0,(anonymous_18)
FNDA:0,(anonymous_19)
FNDA:0,(anonymous_20)
FNDA:0,(anonymous_21)
FNDA:0,(anonymous_22)
FNDA:0,(anonymous_23)
FNDA:0,(anonymous_24)
FNDA:0,(anonymous_25)
DA:20,0
DA:21,0
DA:22,0
DA:28,0
DA:29,0
DA:30,0
DA:31,0
DA:33,0
DA:40,0
DA:41,0
DA:42,0
DA:48,0
DA:49,0
DA:50,0
DA:56,0
DA:57,0
DA:63,0
DA:64,0
DA:70,0
DA:71,0
DA:77,0
DA:78,0
DA:79,0
DA:80,0
DA:82,0
DA:89,0
DA:90,0
DA:91,0
DA:97,0
DA:98,0
DA:99,0
DA:105,0
DA:106,0
DA:112,0
DA:113,0
DA:114,0
DA:115,0
DA:118,0
DA:120,0
DA:121,0
DA:122,0
DA:123,0
DA:127,0
DA:128,0
DA:129,0
DA:130,0
DA:131,0
DA:134,0
DA:137,0
DA:138,0
DA:139,0
DA:141,0
DA:142,0
DA:148,0
DA:149,0
DA:152,0
DA:158,0
DA:159,0
DA:165,0
DA:166,0
DA:167,0
DA:168,0
DA:172,0
DA:173,0
DA:174,0
DA:175,0
DA:179,0
DA:180,0
DA:181,0
DA:184,0
DA:190,0
DA:191,0
DA:197,0
DA:198,0
DA:199,0
DA:205,0
DA:206,0
DA:207,0
DA:210,0
DA:216,0
DA:217,0
DA:223,0
DA:224,0
DA:227,0
DA:228,0
DA:231,0
DA:232,0
DA:235,0
DA:236,0
DA:239,0
DA:240,0
DA:243,0
DA:245,0
DA:251,0
DA:252,0
DA:258,0
DA:266,0
DA:267,0
DA:268,0
DA:271,0
DA:272,0
DA:276,0
DA:278,0
DA:284,0
DA:285,0
DA:291,0
DA:292,0
DA:295,0
DA:296,0
DA:299,0
DA:300,0
DA:303,0
DA:304,0
DA:307,0
DA:309,0
DA:315,0
DA:320,0
DA:327,0
DA:328,0
DA:329,0
DA:334,0
DA:335,0
DA:336,0
DA:337,0
DA:342,0
DA:343,0
DA:344,0
DA:345,0
DA:348,0
DA:350,0
DA:356,0
DA:358,0
DA:361,0
DA:362,0
DA:366,0
DA:368,0
DA:374,0
DA:378,0
DA:384,0
DA:385,0
DA:388,0
DA:390,0
DA:391,0
DA:393,0
DA:394,0
DA:395,0
DA:397,0
DA:399,0
DA:401,0
DA:403,0
DA:404,0
DA:406,0
DA:407,0
DA:409,0
DA:410,0
DA:412,0
DA:413,0
DA:415,0
DA:416,0
DA:419,0
DA:420,0
DA:427,0
DA:433,0
DA:434,0
DA:440,0
DA:441,0
DA:443,0
DA:444,0
DA:446,0
DA:449,0
DA:450,0
DA:452,0
DA:455,0
DA:456,0
DA:458,0
DA:461,0
DA:462,0
DA:464,0
DA:467,0
DA:468,0
DA:470,0
DA:473,0
DA:474,0
DA:476,0
DA:479,0
DA:480,0
DA:484,0
DA:487,0
DA:488,0
DA:490,0
DA:493,0
DA:494,0
DA:496,0
DA:500,0
DA:502,0
LF:195
LH:0
BRDA:50,0,0,0
BRDA:50,0,1,0
BRDA:57,1,0,0
BRDA:57,1,1,0
BRDA:64,2,0,0
BRDA:64,2,1,0
BRDA:112,3,0,0
BRDA:112,3,1,0
BRDA:112,4,0,0
BRDA:112,4,1,0
BRDA:120,5,0,0
BRDA:120,5,1,0
BRDA:128,6,0,0
BRDA:128,6,1,0
BRDA:128,7,0,0
BRDA:128,7,1,0
BRDA:141,8,0,0
BRDA:141,8,1,0
BRDA:148,9,0,0
BRDA:148,9,1,0
BRDA:165,10,0,0
BRDA:165,10,1,0
BRDA:165,11,0,0
BRDA:165,11,1,0
BRDA:173,12,0,0
BRDA:173,12,1,0
BRDA:179,13,0,0
BRDA:179,13,1,0
BRDA:180,14,0,0
BRDA:180,14,1,0
BRDA:197,15,0,0
BRDA:197,15,1,0
BRDA:205,16,0,0
BRDA:205,16,1,0
BRDA:205,16,2,0
BRDA:206,17,0,0
BRDA:206,17,1,0
BRDA:223,18,0,0
BRDA:223,18,1,0
BRDA:223,19,0,0
BRDA:223,19,1,0
BRDA:227,20,0,0
BRDA:227,20,1,0
BRDA:231,21,0,0
BRDA:231,21,1,0
BRDA:231,22,0,0
BRDA:231,22,1,0
BRDA:235,23,0,0
BRDA:235,23,1,0
BRDA:235,24,0,0
BRDA:235,24,1,0
BRDA:239,25,0,0
BRDA:239,25,1,0
BRDA:239,26,0,0
BRDA:239,26,1,0
BRDA:267,27,0,0
BRDA:267,27,1,0
BRDA:271,28,0,0
BRDA:271,28,1,0
BRDA:291,29,0,0
BRDA:291,29,1,0
BRDA:291,30,0,0
BRDA:291,30,1,0
BRDA:295,31,0,0
BRDA:295,31,1,0
BRDA:295,32,0,0
BRDA:295,32,1,0
BRDA:299,33,0,0
BRDA:299,33,1,0
BRDA:299,34,0,0
BRDA:299,34,1,0
BRDA:303,35,0,0
BRDA:303,35,1,0
BRDA:303,36,0,0
BRDA:303,36,1,0
BRDA:328,37,0,0
BRDA:328,37,1,0
BRDA:336,38,0,0
BRDA:336,38,1,0
BRDA:344,39,0,0
BRDA:344,39,1,0
BRDA:356,40,0,0
BRDA:361,41,0,0
BRDA:361,41,1,0
BRDA:384,42,0,0
BRDA:384,42,1,0
BRDA:384,43,0,0
BRDA:384,43,1,0
BRDA:397,44,0,0
BRDA:397,44,1,0
BRDA:397,45,0,0
BRDA:397,45,1,0
BRDA:401,46,0,0
BRDA:401,46,1,0
BRDA:401,46,2,0
BRDA:401,46,3,0
BRDA:401,46,4,0
BRDA:419,47,0,0
BRDA:419,47,1,0
BRDA:441,48,0,0
BRDA:441,48,1,0
BRDA:441,48,2,0
BRDA:441,48,3,0
BRDA:441,48,4,0
BRDA:441,48,5,0
BRDA:441,48,6,0
BRDA:441,48,7,0
BRDA:441,48,8,0
BRDA:443,49,0,0
BRDA:443,49,1,0
BRDA:443,50,0,0
BRDA:443,50,1,0
BRDA:443,50,2,0
BRDA:444,51,0,0
BRDA:444,51,1,0
BRDA:449,52,0,0
BRDA:449,52,1,0
BRDA:449,53,0,0
BRDA:449,53,1,0
BRDA:450,54,0,0
BRDA:450,54,1,0
BRDA:455,55,0,0
BRDA:455,55,1,0
BRDA:455,56,0,0
BRDA:455,56,1,0
BRDA:456,57,0,0
BRDA:456,57,1,0
BRDA:461,58,0,0
BRDA:461,58,1,0
BRDA:461,59,0,0
BRDA:461,59,1,0
BRDA:462,60,0,0
BRDA:462,60,1,0
BRDA:467,61,0,0
BRDA:467,61,1,0
BRDA:467,62,0,0
BRDA:467,62,1,0
BRDA:468,63,0,0
BRDA:468,63,1,0
BRDA:473,64,0,0
BRDA:473,64,1,0
BRDA:473,65,0,0
BRDA:473,65,1,0
BRDA:474,66,0,0
BRDA:474,66,1,0
BRDA:479,67,0,0
BRDA:479,67,1,0
BRDA:479,68,0,0
BRDA:479,68,1,0
BRDA:481,69,0,0
BRDA:481,69,1,0
BRDA:487,70,0,0
BRDA:487,70,1,0
BRDA:487,71,0,0
BRDA:487,71,1,0
BRDA:488,72,0,0
BRDA:488,72,1,0
BRDA:493,73,0,0
BRDA:493,73,1,0
BRDA:493,74,0,0
BRDA:493,74,1,0
BRDA:494,75,0,0
BRDA:494,75,1,0
BRF:163
BRH:0
end_of_record
